===2022-01-12 08:53:31.463 INFO  org.hibernate.validator.internal.util.Version Line:21  - HV000001: Hibernate Validator 6.0.21.Final
===2022-01-12 08:53:31.557 INFO  com.zhwl.AdminApplication Line:55  - Starting AdminApplication on WIN-2SRCFRT6LKJ with PID 5548 (D:\project\studyPro\demo-parent\demo-portal\demo-portal-admin\target\classes started by Administrator in D:\project\studyPro\demo-parent)
===2022-01-12 08:53:31.557 INFO  com.zhwl.AdminApplication Line:655 - The following profiles are active: druid
===2022-01-12 08:53:31.729 INFO  org.springframework.boot.devtools.env.DevToolsPropertyDefaultsPostProcessor Line:225 - Devtools property defaults active! Set 'spring.devtools.add-properties' to 'false' to disable
===2022-01-12 08:53:31.729 INFO  org.springframework.boot.devtools.env.DevToolsPropertyDefaultsPostProcessor Line:225 - For additional web related logging consider setting the 'logging.level.web' property to 'DEBUG'
===2022-01-12 08:53:34.612 INFO  org.springframework.data.repository.config.RepositoryConfigurationDelegate Line:249 - Multiple Spring Data modules found, entering strict repository configuration mode!
===2022-01-12 08:53:34.628 INFO  org.springframework.data.repository.config.RepositoryConfigurationDelegate Line:127 - Bootstrapping Spring Data Redis repositories in DEFAULT mode.
===2022-01-12 08:53:34.753 INFO  org.springframework.data.repository.config.RepositoryConfigurationDelegate Line:187 - Finished Spring Data repository scanning in 102ms. Found 0 Redis repository interfaces.
===2022-01-12 08:53:35.549 INFO  org.springframework.context.support.PostProcessorRegistrationDelegate$BeanPostProcessorChecker Line:335 - Bean 'shiroConfig' of type [com.zhwl.ruoyi.framework.config.ShiroConfig$$EnhancerBySpringCGLIB$$9b4cad41] is not eligible for getting processed by all BeanPostProcessors (for example: not eligible for auto-proxying)
===2022-01-12 08:53:35.815 INFO  org.springframework.context.support.PostProcessorRegistrationDelegate$BeanPostProcessorChecker Line:335 - Bean 'getEhCacheManager' of type [org.apache.shiro.cache.ehcache.EhCacheManager] is not eligible for getting processed by all BeanPostProcessors (for example: not eligible for auto-proxying)
===2022-01-12 08:53:35.815 INFO  org.apache.shiro.cache.ehcache.EhCacheManager Line:169 - Using existing EHCache named [sys-authCache]
===2022-01-12 08:53:35.830 INFO  org.springframework.context.support.PostProcessorRegistrationDelegate$BeanPostProcessorChecker Line:335 - Bean 'myBatisConfig' of type [com.zhwl.ruoyi.framework.config.MyBatisConfig$$EnhancerBySpringCGLIB$$106124c3] is not eligible for getting processed by all BeanPostProcessors (for example: not eligible for auto-proxying)
===2022-01-12 08:53:35.846 INFO  org.springframework.context.support.PostProcessorRegistrationDelegate$BeanPostProcessorChecker Line:335 - Bean 'druidConfig' of type [com.zhwl.ruoyi.framework.config.DruidConfig$$EnhancerBySpringCGLIB$$eff310b2] is not eligible for getting processed by all BeanPostProcessors (for example: not eligible for auto-proxying)
===2022-01-12 08:53:35.846 INFO  org.springframework.context.support.PostProcessorRegistrationDelegate$BeanPostProcessorChecker Line:335 - Bean 'druidProperties' of type [com.zhwl.ruoyi.framework.config.properties.DruidProperties$$EnhancerBySpringCGLIB$$7ef8f5c0] is not eligible for getting processed by all BeanPostProcessors (for example: not eligible for auto-proxying)
===2022-01-12 08:53:36.080 INFO  org.springframework.context.support.PostProcessorRegistrationDelegate$BeanPostProcessorChecker Line:335 - Bean 'spring.datasource-org.springframework.boot.autoconfigure.jdbc.DataSourceProperties' of type [org.springframework.boot.autoconfigure.jdbc.DataSourceProperties] is not eligible for getting processed by all BeanPostProcessors (for example: not eligible for auto-proxying)
===2022-01-12 08:53:36.096 INFO  org.springframework.context.support.PostProcessorRegistrationDelegate$BeanPostProcessorChecker Line:335 - Bean 'com.alibaba.druid.spring.boot.autoconfigure.stat.DruidFilterConfiguration' of type [com.alibaba.druid.spring.boot.autoconfigure.stat.DruidFilterConfiguration] is not eligible for getting processed by all BeanPostProcessors (for example: not eligible for auto-proxying)
===2022-01-12 08:53:36.190 INFO  org.springframework.context.support.PostProcessorRegistrationDelegate$BeanPostProcessorChecker Line:335 - Bean 'statFilter' of type [com.alibaba.druid.filter.stat.StatFilter] is not eligible for getting processed by all BeanPostProcessors (for example: not eligible for auto-proxying)
===2022-01-12 08:53:36.252 INFO  org.springframework.context.support.PostProcessorRegistrationDelegate$BeanPostProcessorChecker Line:335 - Bean 'masterDataSource' of type [com.alibaba.druid.spring.boot.autoconfigure.DruidDataSourceWrapper] is not eligible for getting processed by all BeanPostProcessors (for example: not eligible for auto-proxying)
===2022-01-12 08:53:36.283 INFO  org.springframework.context.support.PostProcessorRegistrationDelegate$BeanPostProcessorChecker Line:335 - Bean 'dynamicDataSource' of type [com.zhwl.ruoyi.framework.datasource.DynamicDataSource] is not eligible for getting processed by all BeanPostProcessors (for example: not eligible for auto-proxying)
===2022-01-12 08:53:36.939 INFO  org.springframework.context.support.PostProcessorRegistrationDelegate$BeanPostProcessorChecker Line:335 - Bean 'sqlSessionFactory' of type [org.apache.ibatis.session.defaults.DefaultSqlSessionFactory] is not eligible for getting processed by all BeanPostProcessors (for example: not eligible for auto-proxying)
===2022-01-12 08:53:36.939 INFO  org.springframework.context.support.PostProcessorRegistrationDelegate$BeanPostProcessorChecker Line:335 - Bean 'mybatis-org.mybatis.spring.boot.autoconfigure.MybatisProperties' of type [org.mybatis.spring.boot.autoconfigure.MybatisProperties] is not eligible for getting processed by all BeanPostProcessors (for example: not eligible for auto-proxying)
===2022-01-12 08:53:36.955 INFO  org.springframework.context.support.PostProcessorRegistrationDelegate$BeanPostProcessorChecker Line:335 - Bean 'org.mybatis.spring.boot.autoconfigure.MybatisAutoConfiguration' of type [org.mybatis.spring.boot.autoconfigure.MybatisAutoConfiguration$$EnhancerBySpringCGLIB$$f00ef985] is not eligible for getting processed by all BeanPostProcessors (for example: not eligible for auto-proxying)
===2022-01-12 08:53:36.971 INFO  org.springframework.context.support.PostProcessorRegistrationDelegate$BeanPostProcessorChecker Line:335 - Bean 'sqlSessionTemplate' of type [org.mybatis.spring.SqlSessionTemplate] is not eligible for getting processed by all BeanPostProcessors (for example: not eligible for auto-proxying)
===2022-01-12 08:53:36.986 INFO  org.springframework.context.support.PostProcessorRegistrationDelegate$BeanPostProcessorChecker Line:335 - Bean 'sysMenuMapper' of type [org.mybatis.spring.mapper.MapperFactoryBean] is not eligible for getting processed by all BeanPostProcessors (for example: not eligible for auto-proxying)
===2022-01-12 08:53:36.986 INFO  org.springframework.context.support.PostProcessorRegistrationDelegate$BeanPostProcessorChecker Line:335 - Bean 'sysMenuMapper' of type [com.sun.proxy.$Proxy82] is not eligible for getting processed by all BeanPostProcessors (for example: not eligible for auto-proxying)
===2022-01-12 08:53:36.986 INFO  org.springframework.context.support.PostProcessorRegistrationDelegate$BeanPostProcessorChecker Line:335 - Bean 'sysRoleMenuMapper' of type [org.mybatis.spring.mapper.MapperFactoryBean] is not eligible for getting processed by all BeanPostProcessors (for example: not eligible for auto-proxying)
===2022-01-12 08:53:36.986 INFO  org.springframework.context.support.PostProcessorRegistrationDelegate$BeanPostProcessorChecker Line:335 - Bean 'sysRoleMenuMapper' of type [com.sun.proxy.$Proxy83] is not eligible for getting processed by all BeanPostProcessors (for example: not eligible for auto-proxying)
===2022-01-12 08:53:36.986 INFO  org.springframework.context.support.PostProcessorRegistrationDelegate$BeanPostProcessorChecker Line:335 - Bean 'sysMenuServiceImpl' of type [com.zhwl.ruoyi.system.service.impl.SysMenuServiceImpl] is not eligible for getting processed by all BeanPostProcessors (for example: not eligible for auto-proxying)
===2022-01-12 08:53:37.002 INFO  org.springframework.context.support.PostProcessorRegistrationDelegate$BeanPostProcessorChecker Line:335 - Bean 'sysRoleMapper' of type [org.mybatis.spring.mapper.MapperFactoryBean] is not eligible for getting processed by all BeanPostProcessors (for example: not eligible for auto-proxying)
===2022-01-12 08:53:37.002 INFO  org.springframework.context.support.PostProcessorRegistrationDelegate$BeanPostProcessorChecker Line:335 - Bean 'sysRoleMapper' of type [com.sun.proxy.$Proxy86] is not eligible for getting processed by all BeanPostProcessors (for example: not eligible for auto-proxying)
===2022-01-12 08:53:37.002 INFO  org.springframework.context.support.PostProcessorRegistrationDelegate$BeanPostProcessorChecker Line:335 - Bean 'sysUserRoleMapper' of type [org.mybatis.spring.mapper.MapperFactoryBean] is not eligible for getting processed by all BeanPostProcessors (for example: not eligible for auto-proxying)
===2022-01-12 08:53:37.002 INFO  org.springframework.context.support.PostProcessorRegistrationDelegate$BeanPostProcessorChecker Line:335 - Bean 'sysUserRoleMapper' of type [com.sun.proxy.$Proxy87] is not eligible for getting processed by all BeanPostProcessors (for example: not eligible for auto-proxying)
===2022-01-12 08:53:37.002 INFO  org.springframework.context.support.PostProcessorRegistrationDelegate$BeanPostProcessorChecker Line:335 - Bean 'sysRoleDeptMapper' of type [org.mybatis.spring.mapper.MapperFactoryBean] is not eligible for getting processed by all BeanPostProcessors (for example: not eligible for auto-proxying)
===2022-01-12 08:53:37.002 INFO  org.springframework.context.support.PostProcessorRegistrationDelegate$BeanPostProcessorChecker Line:335 - Bean 'sysRoleDeptMapper' of type [com.sun.proxy.$Proxy88] is not eligible for getting processed by all BeanPostProcessors (for example: not eligible for auto-proxying)
===2022-01-12 08:53:37.002 INFO  org.springframework.context.support.PostProcessorRegistrationDelegate$BeanPostProcessorChecker Line:335 - Bean 'sysRoleServiceImpl' of type [com.zhwl.ruoyi.system.service.impl.SysRoleServiceImpl] is not eligible for getting processed by all BeanPostProcessors (for example: not eligible for auto-proxying)
===2022-01-12 08:53:37.049 INFO  org.apache.shiro.cache.ehcache.EhCacheManager Line:169 - Using existing EHCache named [loginRecordCache]
===2022-01-12 08:53:37.049 INFO  org.springframework.context.support.PostProcessorRegistrationDelegate$BeanPostProcessorChecker Line:335 - Bean 'sysPasswordService' of type [com.zhwl.ruoyi.framework.shiro.service.SysPasswordService] is not eligible for getting processed by all BeanPostProcessors (for example: not eligible for auto-proxying)
===2022-01-12 08:53:37.049 INFO  org.springframework.context.support.PostProcessorRegistrationDelegate$BeanPostProcessorChecker Line:335 - Bean 'sysUserMapper' of type [org.mybatis.spring.mapper.MapperFactoryBean] is not eligible for getting processed by all BeanPostProcessors (for example: not eligible for auto-proxying)
===2022-01-12 08:53:37.049 INFO  org.springframework.context.support.PostProcessorRegistrationDelegate$BeanPostProcessorChecker Line:335 - Bean 'sysUserMapper' of type [com.sun.proxy.$Proxy89] is not eligible for getting processed by all BeanPostProcessors (for example: not eligible for auto-proxying)
===2022-01-12 08:53:37.064 INFO  org.springframework.context.support.PostProcessorRegistrationDelegate$BeanPostProcessorChecker Line:335 - Bean 'sysPostMapper' of type [org.mybatis.spring.mapper.MapperFactoryBean] is not eligible for getting processed by all BeanPostProcessors (for example: not eligible for auto-proxying)
===2022-01-12 08:53:37.064 INFO  org.springframework.context.support.PostProcessorRegistrationDelegate$BeanPostProcessorChecker Line:335 - Bean 'sysPostMapper' of type [com.sun.proxy.$Proxy90] is not eligible for getting processed by all BeanPostProcessors (for example: not eligible for auto-proxying)
===2022-01-12 08:53:37.064 INFO  org.springframework.context.support.PostProcessorRegistrationDelegate$BeanPostProcessorChecker Line:335 - Bean 'sysUserPostMapper' of type [org.mybatis.spring.mapper.MapperFactoryBean] is not eligible for getting processed by all BeanPostProcessors (for example: not eligible for auto-proxying)
===2022-01-12 08:53:37.064 INFO  org.springframework.context.support.PostProcessorRegistrationDelegate$BeanPostProcessorChecker Line:335 - Bean 'sysUserPostMapper' of type [com.sun.proxy.$Proxy91] is not eligible for getting processed by all BeanPostProcessors (for example: not eligible for auto-proxying)
===2022-01-12 08:53:37.064 INFO  org.springframework.context.support.PostProcessorRegistrationDelegate$BeanPostProcessorChecker Line:335 - Bean 'sysConfigMapper' of type [org.mybatis.spring.mapper.MapperFactoryBean] is not eligible for getting processed by all BeanPostProcessors (for example: not eligible for auto-proxying)
===2022-01-12 08:53:37.064 INFO  org.springframework.context.support.PostProcessorRegistrationDelegate$BeanPostProcessorChecker Line:335 - Bean 'sysConfigMapper' of type [com.sun.proxy.$Proxy92] is not eligible for getting processed by all BeanPostProcessors (for example: not eligible for auto-proxying)
===2022-01-12 08:53:37.393 INFO  com.alibaba.druid.pool.DruidDataSource Line:928 - {dataSource-1} inited
===2022-01-12 08:53:37.533 INFO  org.apache.shiro.cache.ehcache.EhCacheManager Line:169 - Using existing EHCache named [sys-config]
===2022-01-12 08:53:37.549 INFO  org.apache.shiro.cache.ehcache.EhCacheManager Line:169 - Using existing EHCache named [sys-config]
===2022-01-12 08:53:37.549 INFO  org.apache.shiro.cache.ehcache.EhCacheManager Line:169 - Using existing EHCache named [sys-config]
===2022-01-12 08:53:37.549 INFO  org.apache.shiro.cache.ehcache.EhCacheManager Line:169 - Using existing EHCache named [sys-config]
===2022-01-12 08:53:37.549 INFO  org.apache.shiro.cache.ehcache.EhCacheManager Line:169 - Using existing EHCache named [sys-config]
===2022-01-12 08:53:37.549 INFO  org.apache.shiro.cache.ehcache.EhCacheManager Line:169 - Using existing EHCache named [sys-config]
===2022-01-12 08:53:37.549 INFO  org.apache.shiro.cache.ehcache.EhCacheManager Line:169 - Using existing EHCache named [sys-config]
===2022-01-12 08:53:37.549 INFO  org.apache.shiro.cache.ehcache.EhCacheManager Line:169 - Using existing EHCache named [sys-config]
===2022-01-12 08:53:37.549 INFO  org.apache.shiro.cache.ehcache.EhCacheManager Line:169 - Using existing EHCache named [sys-config]
===2022-01-12 08:53:37.549 INFO  org.springframework.context.support.PostProcessorRegistrationDelegate$BeanPostProcessorChecker Line:335 - Bean 'sysConfigServiceImpl' of type [com.zhwl.ruoyi.system.service.impl.SysConfigServiceImpl] is not eligible for getting processed by all BeanPostProcessors (for example: not eligible for auto-proxying)
===2022-01-12 08:53:37.564 INFO  org.springframework.context.support.PostProcessorRegistrationDelegate$BeanPostProcessorChecker Line:335 - Bean 'sysUserServiceImpl' of type [com.zhwl.ruoyi.system.service.impl.SysUserServiceImpl] is not eligible for getting processed by all BeanPostProcessors (for example: not eligible for auto-proxying)
===2022-01-12 08:53:37.564 INFO  org.springframework.context.support.PostProcessorRegistrationDelegate$BeanPostProcessorChecker Line:335 - Bean 'sysLoginService' of type [com.zhwl.ruoyi.framework.shiro.service.SysLoginService] is not eligible for getting processed by all BeanPostProcessors (for example: not eligible for auto-proxying)
===2022-01-12 08:53:37.564 INFO  org.springframework.context.support.PostProcessorRegistrationDelegate$BeanPostProcessorChecker Line:335 - Bean 'userRealm' of type [com.zhwl.ruoyi.framework.shiro.realm.UserRealm] is not eligible for getting processed by all BeanPostProcessors (for example: not eligible for auto-proxying)
===2022-01-12 08:53:37.877 INFO  org.springframework.context.support.PostProcessorRegistrationDelegate$BeanPostProcessorChecker Line:335 - Bean 'threadPoolConfig' of type [com.zhwl.ruoyi.common.config.thread.ThreadPoolConfig$$EnhancerBySpringCGLIB$$5fd5bc8d] is not eligible for getting processed by all BeanPostProcessors (for example: not eligible for auto-proxying)
===2022-01-12 08:53:37.892 INFO  org.springframework.context.support.PostProcessorRegistrationDelegate$BeanPostProcessorChecker Line:335 - Bean 'scheduledExecutorService' of type [com.zhwl.ruoyi.common.config.thread.ThreadPoolConfig$1] is not eligible for getting processed by all BeanPostProcessors (for example: not eligible for auto-proxying)
===2022-01-12 08:53:37.908 INFO  org.springframework.context.support.PostProcessorRegistrationDelegate$BeanPostProcessorChecker Line:335 - Bean 'springSessionValidationScheduler' of type [com.zhwl.ruoyi.framework.shiro.web.session.SpringSessionValidationScheduler] is not eligible for getting processed by all BeanPostProcessors (for example: not eligible for auto-proxying)
===2022-01-12 08:53:37.924 INFO  org.springframework.context.support.PostProcessorRegistrationDelegate$BeanPostProcessorChecker Line:335 - Bean 'sysUserOnlineMapper' of type [org.mybatis.spring.mapper.MapperFactoryBean] is not eligible for getting processed by all BeanPostProcessors (for example: not eligible for auto-proxying)
===2022-01-12 08:53:37.924 INFO  org.springframework.context.support.PostProcessorRegistrationDelegate$BeanPostProcessorChecker Line:335 - Bean 'sysUserOnlineMapper' of type [com.sun.proxy.$Proxy94] is not eligible for getting processed by all BeanPostProcessors (for example: not eligible for auto-proxying)
===2022-01-12 08:53:37.924 INFO  org.springframework.context.support.PostProcessorRegistrationDelegate$BeanPostProcessorChecker Line:335 - Bean 'sysUserOnlineServiceImpl' of type [com.zhwl.ruoyi.system.service.impl.SysUserOnlineServiceImpl] is not eligible for getting processed by all BeanPostProcessors (for example: not eligible for auto-proxying)
===2022-01-12 08:53:37.924 INFO  org.springframework.context.support.PostProcessorRegistrationDelegate$BeanPostProcessorChecker Line:335 - Bean 'sysShiroService' of type [com.zhwl.ruoyi.framework.shiro.service.SysShiroService] is not eligible for getting processed by all BeanPostProcessors (for example: not eligible for auto-proxying)
===2022-01-12 08:53:37.924 INFO  org.springframework.context.support.PostProcessorRegistrationDelegate$BeanPostProcessorChecker Line:335 - Bean 'sessionDAO' of type [com.zhwl.ruoyi.framework.shiro.session.OnlineSessionDAO] is not eligible for getting processed by all BeanPostProcessors (for example: not eligible for auto-proxying)
===2022-01-12 08:53:37.924 INFO  org.springframework.context.support.PostProcessorRegistrationDelegate$BeanPostProcessorChecker Line:335 - Bean 'sessionFactory' of type [com.zhwl.ruoyi.framework.shiro.session.OnlineSessionFactory] is not eligible for getting processed by all BeanPostProcessors (for example: not eligible for auto-proxying)
===2022-01-12 08:53:37.939 INFO  org.springframework.context.support.PostProcessorRegistrationDelegate$BeanPostProcessorChecker Line:335 - Bean 'sessionManager' of type [com.zhwl.ruoyi.framework.shiro.web.session.OnlineWebSessionManager] is not eligible for getting processed by all BeanPostProcessors (for example: not eligible for auto-proxying)
===2022-01-12 08:53:37.955 INFO  org.springframework.context.support.PostProcessorRegistrationDelegate$BeanPostProcessorChecker Line:335 - Bean 'securityManager' of type [org.apache.shiro.web.mgt.DefaultWebSecurityManager] is not eligible for getting processed by all BeanPostProcessors (for example: not eligible for auto-proxying)
===2022-01-12 08:53:37.971 INFO  org.springframework.context.support.PostProcessorRegistrationDelegate$BeanPostProcessorChecker Line:335 - Bean 'authorizationAttributeSourceAdvisor' of type [org.apache.shiro.spring.security.interceptor.AuthorizationAttributeSourceAdvisor] is not eligible for getting processed by all BeanPostProcessors (for example: not eligible for auto-proxying)
===2022-01-12 08:53:37.986 INFO  org.apache.shiro.cache.ehcache.EhCacheManager Line:169 - Using existing EHCache named [sys-userCache]
===2022-01-12 08:53:38.627 INFO  org.springframework.boot.web.embedded.tomcat.TomcatWebServer Line:91  - Tomcat initialized with port(s): 7000 (http)
===2022-01-12 08:53:38.658 INFO  org.apache.coyote.http11.Http11NioProtocol Line:173 - Initializing ProtocolHandler ["http-nio-7000"]
===2022-01-12 08:53:38.658 INFO  org.apache.catalina.core.StandardService Line:173 - Starting service [Tomcat]
===2022-01-12 08:53:38.658 INFO  org.apache.catalina.core.StandardEngine Line:173 - Starting Servlet engine: [Apache Tomcat/9.0.41]
===2022-01-12 08:53:38.845 INFO  org.apache.catalina.core.ContainerBase.[Tomcat].[localhost].[/] Line:173 - Initializing Spring embedded WebApplicationContext
===2022-01-12 08:53:38.845 INFO  org.springframework.boot.web.servlet.context.ServletWebServerApplicationContext Line:283 - Root WebApplicationContext: initialization completed in 7101 ms
===2022-01-12 08:53:39.267 INFO  org.apache.shiro.cache.ehcache.EhCacheManager Line:169 - Using existing EHCache named [sys-dict]
===2022-01-12 08:53:39.267 INFO  org.apache.shiro.cache.ehcache.EhCacheManager Line:169 - Using existing EHCache named [sys-dict]
===2022-01-12 08:53:39.283 INFO  org.apache.shiro.cache.ehcache.EhCacheManager Line:169 - Using existing EHCache named [sys-dict]
===2022-01-12 08:53:39.283 INFO  org.apache.shiro.cache.ehcache.EhCacheManager Line:169 - Using existing EHCache named [sys-dict]
===2022-01-12 08:53:39.283 INFO  org.apache.shiro.cache.ehcache.EhCacheManager Line:169 - Using existing EHCache named [sys-dict]
===2022-01-12 08:53:39.283 INFO  org.apache.shiro.cache.ehcache.EhCacheManager Line:169 - Using existing EHCache named [sys-dict]
===2022-01-12 08:53:39.283 INFO  org.apache.shiro.cache.ehcache.EhCacheManager Line:169 - Using existing EHCache named [sys-dict]
===2022-01-12 08:53:39.283 INFO  org.apache.shiro.cache.ehcache.EhCacheManager Line:169 - Using existing EHCache named [sys-dict]
===2022-01-12 08:53:39.283 INFO  org.apache.shiro.cache.ehcache.EhCacheManager Line:169 - Using existing EHCache named [sys-dict]
===2022-01-12 08:53:39.283 INFO  org.apache.shiro.cache.ehcache.EhCacheManager Line:169 - Using existing EHCache named [sys-dict]
===2022-01-12 08:53:39.736 INFO  org.springframework.scheduling.concurrent.ThreadPoolTaskExecutor Line:181 - Initializing ExecutorService 'threadPoolTaskExecutor'
===2022-01-12 08:53:40.345 INFO  org.springframework.boot.autoconfigure.web.servlet.WelcomePageHandlerMapping Line:58  - Adding welcome page template: index
===2022-01-12 08:53:41.189 INFO  org.springframework.boot.devtools.autoconfigure.OptionalLiveReloadServer Line:58  - LiveReload server is running on port 35729
===2022-01-12 08:53:41.235 INFO  org.apache.coyote.http11.Http11NioProtocol Line:173 - Starting ProtocolHandler ["http-nio-7000"]
===2022-01-12 08:53:41.282 INFO  org.springframework.boot.web.embedded.tomcat.TomcatWebServer Line:203 - Tomcat started on port(s): 7000 (http) with context path ''
===2022-01-12 08:53:41.282 INFO  com.zhwl.AdminApplication Line:61  - Started AdminApplication in 10.788 seconds (JVM running for 15.066)
===2022-01-12 09:19:14.575 INFO  org.apache.catalina.core.ContainerBase.[Tomcat].[localhost].[/] Line:173 - Initializing Spring DispatcherServlet 'dispatcherServlet'
===2022-01-12 09:19:14.576 INFO  org.springframework.web.servlet.DispatcherServlet Line:525 - Initializing Servlet 'dispatcherServlet'
===2022-01-12 09:19:14.590 INFO  org.springframework.web.servlet.DispatcherServlet Line:547 - Completed initialization in 14 ms
===2022-01-12 09:19:14.649 INFO  org.apache.shiro.session.mgt.AbstractValidatingSessionManager Line:233 - Enabling session validation scheduler...
===2022-01-12 09:19:14.678 INFO  org.apache.shiro.cache.ehcache.EhCacheManager Line:169 - Using existing EHCache named [shiro-activeSessionCache]
===2022-01-12 09:19:15.299 INFO  org.apache.shiro.cache.ehcache.EhCacheManager Line:169 - Using existing EHCache named [sys-config]
===2022-01-12 09:19:15.660 INFO  com.zhwl.ruoyi.framework.shiro.web.session.OnlineWebSessionManager Line:101 - invalidation sessions...
===2022-01-12 09:19:15.685 INFO  org.apache.shiro.cache.ehcache.EhCacheManager Line:169 - Using existing EHCache named [sys-userCache]
===2022-01-12 09:19:15.824 INFO  com.zhwl.ruoyi.framework.shiro.web.session.OnlineWebSessionManager Line:166 - Finished invalidation session. [1] sessions were stopped.
===2022-01-12 09:19:19.182 INFO  sys-user Line:106 - [127.0.0.1]内网IP[admin][Success][登录成功]
===2022-01-12 09:19:19.920 INFO  org.apache.shiro.cache.ehcache.EhCacheManager Line:169 - Using existing EHCache named [sys-config]
===2022-01-12 09:19:19.921 INFO  org.apache.shiro.cache.ehcache.EhCacheManager Line:169 - Using existing EHCache named [sys-config]
===2022-01-12 09:19:19.921 INFO  org.apache.shiro.cache.ehcache.EhCacheManager Line:169 - Using existing EHCache named [sys-config]
===2022-01-12 09:19:19.921 INFO  org.apache.shiro.cache.ehcache.EhCacheManager Line:169 - Using existing EHCache named [sys-config]
===2022-01-12 09:19:19.922 INFO  org.apache.shiro.cache.ehcache.EhCacheManager Line:169 - Using existing EHCache named [sys-config]
===2022-01-12 09:19:19.922 INFO  org.apache.shiro.cache.ehcache.EhCacheManager Line:169 - Using existing EHCache named [sys-config]
===2022-01-12 09:19:23.108 INFO  org.apache.shiro.cache.ehcache.EhCacheManager Line:169 - Using existing EHCache named [sys-config]
===2022-01-12 09:19:34.906 INFO  org.apache.shiro.cache.ehcache.EhCacheManager Line:169 - Using existing EHCache named [sys-config]
===2022-01-12 09:19:34.906 INFO  org.apache.shiro.cache.ehcache.EhCacheManager Line:169 - Using existing EHCache named [sys-config]
===2022-01-12 09:19:34.906 INFO  org.apache.shiro.cache.ehcache.EhCacheManager Line:169 - Using existing EHCache named [sys-config]
===2022-01-12 09:19:34.907 INFO  org.apache.shiro.cache.ehcache.EhCacheManager Line:169 - Using existing EHCache named [sys-config]
===2022-01-12 09:19:34.907 INFO  org.apache.shiro.cache.ehcache.EhCacheManager Line:169 - Using existing EHCache named [sys-config]
===2022-01-12 09:19:34.907 INFO  org.apache.shiro.cache.ehcache.EhCacheManager Line:169 - Using existing EHCache named [sys-config]
===2022-01-12 09:29:15.654 INFO  com.zhwl.ruoyi.framework.shiro.web.session.OnlineWebSessionManager Line:101 - invalidation sessions...
===2022-01-12 09:29:15.669 INFO  com.zhwl.ruoyi.framework.shiro.web.session.OnlineWebSessionManager Line:166 - Finished invalidation session. No sessions were stopped.
===2022-01-12 09:33:28.803 INFO  org.apache.shiro.cache.ehcache.EhCacheManager Line:169 - Using existing EHCache named [sys-config]
===2022-01-12 09:33:28.803 INFO  org.apache.shiro.cache.ehcache.EhCacheManager Line:169 - Using existing EHCache named [sys-config]
===2022-01-12 09:33:28.804 INFO  org.apache.shiro.cache.ehcache.EhCacheManager Line:169 - Using existing EHCache named [sys-config]
===2022-01-12 09:33:28.804 INFO  org.apache.shiro.cache.ehcache.EhCacheManager Line:169 - Using existing EHCache named [sys-config]
===2022-01-12 09:33:28.804 INFO  org.apache.shiro.cache.ehcache.EhCacheManager Line:169 - Using existing EHCache named [sys-config]
===2022-01-12 09:33:28.804 INFO  org.apache.shiro.cache.ehcache.EhCacheManager Line:169 - Using existing EHCache named [sys-config]
===2022-01-12 09:39:15.658 INFO  com.zhwl.ruoyi.framework.shiro.web.session.OnlineWebSessionManager Line:101 - invalidation sessions...
===2022-01-12 09:39:15.664 INFO  com.zhwl.ruoyi.framework.shiro.web.session.OnlineWebSessionManager Line:166 - Finished invalidation session. No sessions were stopped.
===2022-01-12 09:49:15.659 INFO  com.zhwl.ruoyi.framework.shiro.web.session.OnlineWebSessionManager Line:101 - invalidation sessions...
===2022-01-12 09:49:15.666 INFO  com.zhwl.ruoyi.framework.shiro.web.session.OnlineWebSessionManager Line:166 - Finished invalidation session. No sessions were stopped.
===2022-01-12 09:59:15.662 INFO  com.zhwl.ruoyi.framework.shiro.web.session.OnlineWebSessionManager Line:101 - invalidation sessions...
===2022-01-12 09:59:15.670 INFO  com.zhwl.ruoyi.framework.shiro.web.session.OnlineWebSessionManager Line:166 - Finished invalidation session. No sessions were stopped.
===2022-01-12 10:09:15.654 INFO  com.zhwl.ruoyi.framework.shiro.web.session.OnlineWebSessionManager Line:101 - invalidation sessions...
===2022-01-12 10:09:15.665 INFO  org.apache.shiro.cache.ehcache.EhCacheManager Line:169 - Using existing EHCache named [sys-userCache]
===2022-01-12 10:09:15.723 INFO  com.zhwl.ruoyi.framework.shiro.web.session.OnlineWebSessionManager Line:166 - Finished invalidation session. [1] sessions were stopped.
===2022-01-12 10:19:15.665 INFO  com.zhwl.ruoyi.framework.shiro.web.session.OnlineWebSessionManager Line:101 - invalidation sessions...
===2022-01-12 10:19:15.682 INFO  com.zhwl.ruoyi.framework.shiro.web.session.OnlineWebSessionManager Line:166 - Finished invalidation session. No sessions were stopped.
===2022-01-12 10:29:15.652 INFO  com.zhwl.ruoyi.framework.shiro.web.session.OnlineWebSessionManager Line:101 - invalidation sessions...
===2022-01-12 10:29:15.663 INFO  com.zhwl.ruoyi.framework.shiro.web.session.OnlineWebSessionManager Line:166 - Finished invalidation session. No sessions were stopped.
===2022-01-12 10:39:15.664 INFO  com.zhwl.ruoyi.framework.shiro.web.session.OnlineWebSessionManager Line:101 - invalidation sessions...
===2022-01-12 10:39:15.677 INFO  com.zhwl.ruoyi.framework.shiro.web.session.OnlineWebSessionManager Line:166 - Finished invalidation session. No sessions were stopped.
===2022-01-12 10:49:15.652 INFO  com.zhwl.ruoyi.framework.shiro.web.session.OnlineWebSessionManager Line:101 - invalidation sessions...
===2022-01-12 10:49:15.663 INFO  com.zhwl.ruoyi.framework.shiro.web.session.OnlineWebSessionManager Line:166 - Finished invalidation session. No sessions were stopped.
===2022-01-12 10:59:15.655 INFO  com.zhwl.ruoyi.framework.shiro.web.session.OnlineWebSessionManager Line:101 - invalidation sessions...
===2022-01-12 10:59:15.664 INFO  com.zhwl.ruoyi.framework.shiro.web.session.OnlineWebSessionManager Line:166 - Finished invalidation session. No sessions were stopped.
===2022-01-12 11:09:15.666 INFO  com.zhwl.ruoyi.framework.shiro.web.session.OnlineWebSessionManager Line:101 - invalidation sessions...
===2022-01-12 11:09:15.677 INFO  com.zhwl.ruoyi.framework.shiro.web.session.OnlineWebSessionManager Line:166 - Finished invalidation session. No sessions were stopped.
===2022-01-12 11:19:15.662 INFO  com.zhwl.ruoyi.framework.shiro.web.session.OnlineWebSessionManager Line:101 - invalidation sessions...
===2022-01-12 11:19:15.680 INFO  com.zhwl.ruoyi.framework.shiro.web.session.OnlineWebSessionManager Line:166 - Finished invalidation session. No sessions were stopped.
===2022-01-12 11:29:15.666 INFO  com.zhwl.ruoyi.framework.shiro.web.session.OnlineWebSessionManager Line:101 - invalidation sessions...
===2022-01-12 11:29:15.676 INFO  com.zhwl.ruoyi.framework.shiro.web.session.OnlineWebSessionManager Line:166 - Finished invalidation session. No sessions were stopped.
===2022-01-12 11:39:15.665 INFO  com.zhwl.ruoyi.framework.shiro.web.session.OnlineWebSessionManager Line:101 - invalidation sessions...
===2022-01-12 11:39:15.677 INFO  com.zhwl.ruoyi.framework.shiro.web.session.OnlineWebSessionManager Line:166 - Finished invalidation session. No sessions were stopped.
===2022-01-12 11:49:15.656 INFO  com.zhwl.ruoyi.framework.shiro.web.session.OnlineWebSessionManager Line:101 - invalidation sessions...
===2022-01-12 11:49:15.662 INFO  com.zhwl.ruoyi.framework.shiro.web.session.OnlineWebSessionManager Line:166 - Finished invalidation session. No sessions were stopped.
===2022-01-12 11:59:15.660 INFO  com.zhwl.ruoyi.framework.shiro.web.session.OnlineWebSessionManager Line:101 - invalidation sessions...
===2022-01-12 11:59:15.678 INFO  com.zhwl.ruoyi.framework.shiro.web.session.OnlineWebSessionManager Line:166 - Finished invalidation session. No sessions were stopped.
===2022-01-12 12:00:53.543 INFO  org.apache.shiro.cache.ehcache.EhCacheManager Line:169 - Using existing EHCache named [sys-config]
===2022-01-12 12:00:57.852 INFO  sys-user Line:106 - [127.0.0.1]内网IP[admin][Success][登录成功]
===2022-01-12 12:00:57.931 INFO  org.apache.shiro.cache.ehcache.EhCacheManager Line:169 - Using existing EHCache named [sys-config]
===2022-01-12 12:00:57.932 INFO  org.apache.shiro.cache.ehcache.EhCacheManager Line:169 - Using existing EHCache named [sys-config]
===2022-01-12 12:00:57.932 INFO  org.apache.shiro.cache.ehcache.EhCacheManager Line:169 - Using existing EHCache named [sys-config]
===2022-01-12 12:00:57.933 INFO  org.apache.shiro.cache.ehcache.EhCacheManager Line:169 - Using existing EHCache named [sys-config]
===2022-01-12 12:00:57.933 INFO  org.apache.shiro.cache.ehcache.EhCacheManager Line:169 - Using existing EHCache named [sys-config]
===2022-01-12 12:00:57.933 INFO  org.apache.shiro.cache.ehcache.EhCacheManager Line:169 - Using existing EHCache named [sys-config]
===2022-01-12 12:09:15.659 INFO  com.zhwl.ruoyi.framework.shiro.web.session.OnlineWebSessionManager Line:101 - invalidation sessions...
===2022-01-12 12:09:15.670 INFO  com.zhwl.ruoyi.framework.shiro.web.session.OnlineWebSessionManager Line:166 - Finished invalidation session. No sessions were stopped.
===2022-01-12 12:19:15.663 INFO  com.zhwl.ruoyi.framework.shiro.web.session.OnlineWebSessionManager Line:101 - invalidation sessions...
===2022-01-12 12:19:15.674 INFO  com.zhwl.ruoyi.framework.shiro.web.session.OnlineWebSessionManager Line:166 - Finished invalidation session. No sessions were stopped.
===2022-01-12 12:29:15.661 INFO  com.zhwl.ruoyi.framework.shiro.web.session.OnlineWebSessionManager Line:101 - invalidation sessions...
===2022-01-12 12:29:15.671 INFO  com.zhwl.ruoyi.framework.shiro.web.session.OnlineWebSessionManager Line:166 - Finished invalidation session. No sessions were stopped.
===2022-01-12 12:39:15.662 INFO  com.zhwl.ruoyi.framework.shiro.web.session.OnlineWebSessionManager Line:101 - invalidation sessions...
===2022-01-12 12:39:15.674 INFO  org.apache.shiro.cache.ehcache.EhCacheManager Line:169 - Using existing EHCache named [sys-userCache]
===2022-01-12 12:39:15.722 INFO  com.zhwl.ruoyi.framework.shiro.web.session.OnlineWebSessionManager Line:166 - Finished invalidation session. [1] sessions were stopped.
===2022-01-12 12:49:15.656 INFO  com.zhwl.ruoyi.framework.shiro.web.session.OnlineWebSessionManager Line:101 - invalidation sessions...
===2022-01-12 12:49:15.668 INFO  com.zhwl.ruoyi.framework.shiro.web.session.OnlineWebSessionManager Line:166 - Finished invalidation session. No sessions were stopped.
===2022-01-12 12:59:15.663 INFO  com.zhwl.ruoyi.framework.shiro.web.session.OnlineWebSessionManager Line:101 - invalidation sessions...
===2022-01-12 12:59:15.669 INFO  com.zhwl.ruoyi.framework.shiro.web.session.OnlineWebSessionManager Line:166 - Finished invalidation session. No sessions were stopped.
===2022-01-12 13:09:15.664 INFO  com.zhwl.ruoyi.framework.shiro.web.session.OnlineWebSessionManager Line:101 - invalidation sessions...
===2022-01-12 13:09:15.671 INFO  com.zhwl.ruoyi.framework.shiro.web.session.OnlineWebSessionManager Line:166 - Finished invalidation session. No sessions were stopped.
===2022-01-12 13:19:15.658 INFO  com.zhwl.ruoyi.framework.shiro.web.session.OnlineWebSessionManager Line:101 - invalidation sessions...
===2022-01-12 13:19:15.667 INFO  com.zhwl.ruoyi.framework.shiro.web.session.OnlineWebSessionManager Line:166 - Finished invalidation session. No sessions were stopped.
===2022-01-12 13:29:15.665 INFO  com.zhwl.ruoyi.framework.shiro.web.session.OnlineWebSessionManager Line:101 - invalidation sessions...
===2022-01-12 13:29:15.671 INFO  com.zhwl.ruoyi.framework.shiro.web.session.OnlineWebSessionManager Line:166 - Finished invalidation session. No sessions were stopped.
===2022-01-12 13:39:15.660 INFO  com.zhwl.ruoyi.framework.shiro.web.session.OnlineWebSessionManager Line:101 - invalidation sessions...
===2022-01-12 13:39:15.672 INFO  com.zhwl.ruoyi.framework.shiro.web.session.OnlineWebSessionManager Line:166 - Finished invalidation session. No sessions were stopped.
===2022-01-12 13:42:01.593 INFO  org.apache.shiro.cache.ehcache.EhCacheManager Line:169 - Using existing EHCache named [sys-config]
===2022-01-12 13:44:38.783 INFO  sys-user Line:106 - [127.0.0.1]内网IP[admin][Success][登录成功]
===2022-01-12 13:44:38.869 INFO  org.apache.shiro.cache.ehcache.EhCacheManager Line:169 - Using existing EHCache named [sys-config]
===2022-01-12 13:44:38.870 INFO  org.apache.shiro.cache.ehcache.EhCacheManager Line:169 - Using existing EHCache named [sys-config]
===2022-01-12 13:44:38.870 INFO  org.apache.shiro.cache.ehcache.EhCacheManager Line:169 - Using existing EHCache named [sys-config]
===2022-01-12 13:44:38.873 INFO  org.apache.shiro.cache.ehcache.EhCacheManager Line:169 - Using existing EHCache named [sys-config]
===2022-01-12 13:44:38.873 INFO  org.apache.shiro.cache.ehcache.EhCacheManager Line:169 - Using existing EHCache named [sys-config]
===2022-01-12 13:44:38.874 INFO  org.apache.shiro.cache.ehcache.EhCacheManager Line:169 - Using existing EHCache named [sys-config]
===2022-01-12 13:49:15.664 INFO  com.zhwl.ruoyi.framework.shiro.web.session.OnlineWebSessionManager Line:101 - invalidation sessions...
===2022-01-12 13:49:15.675 INFO  com.zhwl.ruoyi.framework.shiro.web.session.OnlineWebSessionManager Line:166 - Finished invalidation session. No sessions were stopped.
===2022-01-12 13:59:15.667 INFO  com.zhwl.ruoyi.framework.shiro.web.session.OnlineWebSessionManager Line:101 - invalidation sessions...
===2022-01-12 13:59:15.678 INFO  com.zhwl.ruoyi.framework.shiro.web.session.OnlineWebSessionManager Line:166 - Finished invalidation session. No sessions were stopped.
===2022-01-12 14:09:15.666 INFO  com.zhwl.ruoyi.framework.shiro.web.session.OnlineWebSessionManager Line:101 - invalidation sessions...
===2022-01-12 14:09:15.674 INFO  com.zhwl.ruoyi.framework.shiro.web.session.OnlineWebSessionManager Line:166 - Finished invalidation session. No sessions were stopped.
===2022-01-12 14:19:15.655 INFO  com.zhwl.ruoyi.framework.shiro.web.session.OnlineWebSessionManager Line:101 - invalidation sessions...
===2022-01-12 14:19:15.666 INFO  org.apache.shiro.cache.ehcache.EhCacheManager Line:169 - Using existing EHCache named [sys-userCache]
===2022-01-12 14:19:15.722 INFO  com.zhwl.ruoyi.framework.shiro.web.session.OnlineWebSessionManager Line:166 - Finished invalidation session. [1] sessions were stopped.
===2022-01-12 14:27:54.105 INFO  org.hibernate.validator.internal.util.Version Line:21  - HV000001: Hibernate Validator 6.0.21.Final
===2022-01-12 14:27:54.125 INFO  com.zhwl.AdminApplication Line:55  - Starting AdminApplication on WIN-2SRCFRT6LKJ with PID 7448 (D:\project\studyPro\demo-parent\demo-portal\demo-portal-admin\target\classes started by Administrator in D:\project\studyPro\demo-parent)
===2022-01-12 14:27:54.126 INFO  com.zhwl.AdminApplication Line:655 - The following profiles are active: druid
===2022-01-12 14:27:54.180 INFO  org.springframework.boot.devtools.env.DevToolsPropertyDefaultsPostProcessor Line:225 - Devtools property defaults active! Set 'spring.devtools.add-properties' to 'false' to disable
===2022-01-12 14:27:54.181 INFO  org.springframework.boot.devtools.env.DevToolsPropertyDefaultsPostProcessor Line:225 - For additional web related logging consider setting the 'logging.level.web' property to 'DEBUG'
===2022-01-12 14:27:55.222 INFO  org.springframework.data.repository.config.RepositoryConfigurationDelegate Line:249 - Multiple Spring Data modules found, entering strict repository configuration mode!
===2022-01-12 14:27:55.225 INFO  org.springframework.data.repository.config.RepositoryConfigurationDelegate Line:127 - Bootstrapping Spring Data Redis repositories in DEFAULT mode.
===2022-01-12 14:27:55.327 INFO  org.springframework.data.repository.config.RepositoryConfigurationDelegate Line:187 - Finished Spring Data repository scanning in 90ms. Found 0 Redis repository interfaces.
===2022-01-12 14:27:55.804 INFO  org.springframework.context.support.PostProcessorRegistrationDelegate$BeanPostProcessorChecker Line:335 - Bean 'shiroConfig' of type [com.zhwl.ruoyi.framework.config.ShiroConfig$$EnhancerBySpringCGLIB$$a4d7ef3b] is not eligible for getting processed by all BeanPostProcessors (for example: not eligible for auto-proxying)
===2022-01-12 14:27:55.904 INFO  org.springframework.context.support.PostProcessorRegistrationDelegate$BeanPostProcessorChecker Line:335 - Bean 'getEhCacheManager' of type [org.apache.shiro.cache.ehcache.EhCacheManager] is not eligible for getting processed by all BeanPostProcessors (for example: not eligible for auto-proxying)
===2022-01-12 14:27:55.909 INFO  org.apache.shiro.cache.ehcache.EhCacheManager Line:169 - Using existing EHCache named [sys-authCache]
===2022-01-12 14:27:55.927 INFO  org.springframework.context.support.PostProcessorRegistrationDelegate$BeanPostProcessorChecker Line:335 - Bean 'myBatisConfig' of type [com.zhwl.ruoyi.framework.config.MyBatisConfig$$EnhancerBySpringCGLIB$$19ec66bd] is not eligible for getting processed by all BeanPostProcessors (for example: not eligible for auto-proxying)
===2022-01-12 14:27:55.932 INFO  org.springframework.context.support.PostProcessorRegistrationDelegate$BeanPostProcessorChecker Line:335 - Bean 'druidConfig' of type [com.zhwl.ruoyi.framework.config.DruidConfig$$EnhancerBySpringCGLIB$$f97e52ac] is not eligible for getting processed by all BeanPostProcessors (for example: not eligible for auto-proxying)
===2022-01-12 14:27:55.939 INFO  org.springframework.context.support.PostProcessorRegistrationDelegate$BeanPostProcessorChecker Line:335 - Bean 'druidProperties' of type [com.zhwl.ruoyi.framework.config.properties.DruidProperties$$EnhancerBySpringCGLIB$$888437ba] is not eligible for getting processed by all BeanPostProcessors (for example: not eligible for auto-proxying)
===2022-01-12 14:27:56.009 INFO  org.springframework.context.support.PostProcessorRegistrationDelegate$BeanPostProcessorChecker Line:335 - Bean 'spring.datasource-org.springframework.boot.autoconfigure.jdbc.DataSourceProperties' of type [org.springframework.boot.autoconfigure.jdbc.DataSourceProperties] is not eligible for getting processed by all BeanPostProcessors (for example: not eligible for auto-proxying)
===2022-01-12 14:27:56.019 INFO  org.springframework.context.support.PostProcessorRegistrationDelegate$BeanPostProcessorChecker Line:335 - Bean 'com.alibaba.druid.spring.boot.autoconfigure.stat.DruidFilterConfiguration' of type [com.alibaba.druid.spring.boot.autoconfigure.stat.DruidFilterConfiguration] is not eligible for getting processed by all BeanPostProcessors (for example: not eligible for auto-proxying)
===2022-01-12 14:27:56.089 INFO  org.springframework.context.support.PostProcessorRegistrationDelegate$BeanPostProcessorChecker Line:335 - Bean 'statFilter' of type [com.alibaba.druid.filter.stat.StatFilter] is not eligible for getting processed by all BeanPostProcessors (for example: not eligible for auto-proxying)
===2022-01-12 14:27:56.158 INFO  org.springframework.context.support.PostProcessorRegistrationDelegate$BeanPostProcessorChecker Line:335 - Bean 'masterDataSource' of type [com.alibaba.druid.spring.boot.autoconfigure.DruidDataSourceWrapper] is not eligible for getting processed by all BeanPostProcessors (for example: not eligible for auto-proxying)
===2022-01-12 14:27:56.190 INFO  org.springframework.context.support.PostProcessorRegistrationDelegate$BeanPostProcessorChecker Line:335 - Bean 'dynamicDataSource' of type [com.zhwl.ruoyi.framework.datasource.DynamicDataSource] is not eligible for getting processed by all BeanPostProcessors (for example: not eligible for auto-proxying)
===2022-01-12 14:27:56.488 INFO  org.springframework.context.support.PostProcessorRegistrationDelegate$BeanPostProcessorChecker Line:335 - Bean 'sqlSessionFactory' of type [org.apache.ibatis.session.defaults.DefaultSqlSessionFactory] is not eligible for getting processed by all BeanPostProcessors (for example: not eligible for auto-proxying)
===2022-01-12 14:27:56.496 INFO  org.springframework.context.support.PostProcessorRegistrationDelegate$BeanPostProcessorChecker Line:335 - Bean 'mybatis-org.mybatis.spring.boot.autoconfigure.MybatisProperties' of type [org.mybatis.spring.boot.autoconfigure.MybatisProperties] is not eligible for getting processed by all BeanPostProcessors (for example: not eligible for auto-proxying)
===2022-01-12 14:27:56.503 INFO  org.springframework.context.support.PostProcessorRegistrationDelegate$BeanPostProcessorChecker Line:335 - Bean 'org.mybatis.spring.boot.autoconfigure.MybatisAutoConfiguration' of type [org.mybatis.spring.boot.autoconfigure.MybatisAutoConfiguration$$EnhancerBySpringCGLIB$$f99a3b7f] is not eligible for getting processed by all BeanPostProcessors (for example: not eligible for auto-proxying)
===2022-01-12 14:27:56.514 INFO  org.springframework.context.support.PostProcessorRegistrationDelegate$BeanPostProcessorChecker Line:335 - Bean 'sqlSessionTemplate' of type [org.mybatis.spring.SqlSessionTemplate] is not eligible for getting processed by all BeanPostProcessors (for example: not eligible for auto-proxying)
===2022-01-12 14:27:56.519 INFO  org.springframework.context.support.PostProcessorRegistrationDelegate$BeanPostProcessorChecker Line:335 - Bean 'sysMenuMapper' of type [org.mybatis.spring.mapper.MapperFactoryBean] is not eligible for getting processed by all BeanPostProcessors (for example: not eligible for auto-proxying)
===2022-01-12 14:27:56.524 INFO  org.springframework.context.support.PostProcessorRegistrationDelegate$BeanPostProcessorChecker Line:335 - Bean 'sysMenuMapper' of type [com.sun.proxy.$Proxy82] is not eligible for getting processed by all BeanPostProcessors (for example: not eligible for auto-proxying)
===2022-01-12 14:27:56.528 INFO  org.springframework.context.support.PostProcessorRegistrationDelegate$BeanPostProcessorChecker Line:335 - Bean 'sysRoleMenuMapper' of type [org.mybatis.spring.mapper.MapperFactoryBean] is not eligible for getting processed by all BeanPostProcessors (for example: not eligible for auto-proxying)
===2022-01-12 14:27:56.529 INFO  org.springframework.context.support.PostProcessorRegistrationDelegate$BeanPostProcessorChecker Line:335 - Bean 'sysRoleMenuMapper' of type [com.sun.proxy.$Proxy83] is not eligible for getting processed by all BeanPostProcessors (for example: not eligible for auto-proxying)
===2022-01-12 14:27:56.530 INFO  org.springframework.context.support.PostProcessorRegistrationDelegate$BeanPostProcessorChecker Line:335 - Bean 'sysMenuServiceImpl' of type [com.zhwl.ruoyi.system.service.impl.SysMenuServiceImpl] is not eligible for getting processed by all BeanPostProcessors (for example: not eligible for auto-proxying)
===2022-01-12 14:27:56.535 INFO  org.springframework.context.support.PostProcessorRegistrationDelegate$BeanPostProcessorChecker Line:335 - Bean 'sysRoleMapper' of type [org.mybatis.spring.mapper.MapperFactoryBean] is not eligible for getting processed by all BeanPostProcessors (for example: not eligible for auto-proxying)
===2022-01-12 14:27:56.536 INFO  org.springframework.context.support.PostProcessorRegistrationDelegate$BeanPostProcessorChecker Line:335 - Bean 'sysRoleMapper' of type [com.sun.proxy.$Proxy86] is not eligible for getting processed by all BeanPostProcessors (for example: not eligible for auto-proxying)
===2022-01-12 14:27:56.540 INFO  org.springframework.context.support.PostProcessorRegistrationDelegate$BeanPostProcessorChecker Line:335 - Bean 'sysUserRoleMapper' of type [org.mybatis.spring.mapper.MapperFactoryBean] is not eligible for getting processed by all BeanPostProcessors (for example: not eligible for auto-proxying)
===2022-01-12 14:27:56.541 INFO  org.springframework.context.support.PostProcessorRegistrationDelegate$BeanPostProcessorChecker Line:335 - Bean 'sysUserRoleMapper' of type [com.sun.proxy.$Proxy87] is not eligible for getting processed by all BeanPostProcessors (for example: not eligible for auto-proxying)
===2022-01-12 14:27:56.544 INFO  org.springframework.context.support.PostProcessorRegistrationDelegate$BeanPostProcessorChecker Line:335 - Bean 'sysRoleDeptMapper' of type [org.mybatis.spring.mapper.MapperFactoryBean] is not eligible for getting processed by all BeanPostProcessors (for example: not eligible for auto-proxying)
===2022-01-12 14:27:56.545 INFO  org.springframework.context.support.PostProcessorRegistrationDelegate$BeanPostProcessorChecker Line:335 - Bean 'sysRoleDeptMapper' of type [com.sun.proxy.$Proxy88] is not eligible for getting processed by all BeanPostProcessors (for example: not eligible for auto-proxying)
===2022-01-12 14:27:56.547 INFO  org.springframework.context.support.PostProcessorRegistrationDelegate$BeanPostProcessorChecker Line:335 - Bean 'sysRoleServiceImpl' of type [com.zhwl.ruoyi.system.service.impl.SysRoleServiceImpl] is not eligible for getting processed by all BeanPostProcessors (for example: not eligible for auto-proxying)
===2022-01-12 14:27:56.574 INFO  org.apache.shiro.cache.ehcache.EhCacheManager Line:169 - Using existing EHCache named [loginRecordCache]
===2022-01-12 14:27:56.574 INFO  org.springframework.context.support.PostProcessorRegistrationDelegate$BeanPostProcessorChecker Line:335 - Bean 'sysPasswordService' of type [com.zhwl.ruoyi.framework.shiro.service.SysPasswordService] is not eligible for getting processed by all BeanPostProcessors (for example: not eligible for auto-proxying)
===2022-01-12 14:27:56.578 INFO  org.springframework.context.support.PostProcessorRegistrationDelegate$BeanPostProcessorChecker Line:335 - Bean 'sysUserMapper' of type [org.mybatis.spring.mapper.MapperFactoryBean] is not eligible for getting processed by all BeanPostProcessors (for example: not eligible for auto-proxying)
===2022-01-12 14:27:56.579 INFO  org.springframework.context.support.PostProcessorRegistrationDelegate$BeanPostProcessorChecker Line:335 - Bean 'sysUserMapper' of type [com.sun.proxy.$Proxy89] is not eligible for getting processed by all BeanPostProcessors (for example: not eligible for auto-proxying)
===2022-01-12 14:27:56.583 INFO  org.springframework.context.support.PostProcessorRegistrationDelegate$BeanPostProcessorChecker Line:335 - Bean 'sysPostMapper' of type [org.mybatis.spring.mapper.MapperFactoryBean] is not eligible for getting processed by all BeanPostProcessors (for example: not eligible for auto-proxying)
===2022-01-12 14:27:56.584 INFO  org.springframework.context.support.PostProcessorRegistrationDelegate$BeanPostProcessorChecker Line:335 - Bean 'sysPostMapper' of type [com.sun.proxy.$Proxy90] is not eligible for getting processed by all BeanPostProcessors (for example: not eligible for auto-proxying)
===2022-01-12 14:27:56.588 INFO  org.springframework.context.support.PostProcessorRegistrationDelegate$BeanPostProcessorChecker Line:335 - Bean 'sysUserPostMapper' of type [org.mybatis.spring.mapper.MapperFactoryBean] is not eligible for getting processed by all BeanPostProcessors (for example: not eligible for auto-proxying)
===2022-01-12 14:27:56.589 INFO  org.springframework.context.support.PostProcessorRegistrationDelegate$BeanPostProcessorChecker Line:335 - Bean 'sysUserPostMapper' of type [com.sun.proxy.$Proxy91] is not eligible for getting processed by all BeanPostProcessors (for example: not eligible for auto-proxying)
===2022-01-12 14:27:56.594 INFO  org.springframework.context.support.PostProcessorRegistrationDelegate$BeanPostProcessorChecker Line:335 - Bean 'sysConfigMapper' of type [org.mybatis.spring.mapper.MapperFactoryBean] is not eligible for getting processed by all BeanPostProcessors (for example: not eligible for auto-proxying)
===2022-01-12 14:27:56.595 INFO  org.springframework.context.support.PostProcessorRegistrationDelegate$BeanPostProcessorChecker Line:335 - Bean 'sysConfigMapper' of type [com.sun.proxy.$Proxy92] is not eligible for getting processed by all BeanPostProcessors (for example: not eligible for auto-proxying)
===2022-01-12 14:27:56.755 INFO  com.alibaba.druid.pool.DruidDataSource Line:928 - {dataSource-1} inited
===2022-01-12 14:27:56.825 INFO  org.apache.shiro.cache.ehcache.EhCacheManager Line:169 - Using existing EHCache named [sys-config]
===2022-01-12 14:27:56.829 INFO  org.apache.shiro.cache.ehcache.EhCacheManager Line:169 - Using existing EHCache named [sys-config]
===2022-01-12 14:27:56.830 INFO  org.apache.shiro.cache.ehcache.EhCacheManager Line:169 - Using existing EHCache named [sys-config]
===2022-01-12 14:27:56.830 INFO  org.apache.shiro.cache.ehcache.EhCacheManager Line:169 - Using existing EHCache named [sys-config]
===2022-01-12 14:27:56.830 INFO  org.apache.shiro.cache.ehcache.EhCacheManager Line:169 - Using existing EHCache named [sys-config]
===2022-01-12 14:27:56.831 INFO  org.apache.shiro.cache.ehcache.EhCacheManager Line:169 - Using existing EHCache named [sys-config]
===2022-01-12 14:27:56.831 INFO  org.apache.shiro.cache.ehcache.EhCacheManager Line:169 - Using existing EHCache named [sys-config]
===2022-01-12 14:27:56.831 INFO  org.apache.shiro.cache.ehcache.EhCacheManager Line:169 - Using existing EHCache named [sys-config]
===2022-01-12 14:27:56.832 INFO  org.apache.shiro.cache.ehcache.EhCacheManager Line:169 - Using existing EHCache named [sys-config]
===2022-01-12 14:27:56.832 INFO  org.springframework.context.support.PostProcessorRegistrationDelegate$BeanPostProcessorChecker Line:335 - Bean 'sysConfigServiceImpl' of type [com.zhwl.ruoyi.system.service.impl.SysConfigServiceImpl] is not eligible for getting processed by all BeanPostProcessors (for example: not eligible for auto-proxying)
===2022-01-12 14:27:56.834 INFO  org.springframework.context.support.PostProcessorRegistrationDelegate$BeanPostProcessorChecker Line:335 - Bean 'sysUserServiceImpl' of type [com.zhwl.ruoyi.system.service.impl.SysUserServiceImpl] is not eligible for getting processed by all BeanPostProcessors (for example: not eligible for auto-proxying)
===2022-01-12 14:27:56.841 INFO  org.springframework.context.support.PostProcessorRegistrationDelegate$BeanPostProcessorChecker Line:335 - Bean 'sysLoginService' of type [com.zhwl.ruoyi.framework.shiro.service.SysLoginService] is not eligible for getting processed by all BeanPostProcessors (for example: not eligible for auto-proxying)
===2022-01-12 14:27:56.843 INFO  org.springframework.context.support.PostProcessorRegistrationDelegate$BeanPostProcessorChecker Line:335 - Bean 'userRealm' of type [com.zhwl.ruoyi.framework.shiro.realm.UserRealm] is not eligible for getting processed by all BeanPostProcessors (for example: not eligible for auto-proxying)
===2022-01-12 14:27:56.958 INFO  org.springframework.context.support.PostProcessorRegistrationDelegate$BeanPostProcessorChecker Line:335 - Bean 'threadPoolConfig' of type [com.zhwl.ruoyi.common.config.thread.ThreadPoolConfig$$EnhancerBySpringCGLIB$$6960fe87] is not eligible for getting processed by all BeanPostProcessors (for example: not eligible for auto-proxying)
===2022-01-12 14:27:56.966 INFO  org.springframework.context.support.PostProcessorRegistrationDelegate$BeanPostProcessorChecker Line:335 - Bean 'scheduledExecutorService' of type [com.zhwl.ruoyi.common.config.thread.ThreadPoolConfig$1] is not eligible for getting processed by all BeanPostProcessors (for example: not eligible for auto-proxying)
===2022-01-12 14:27:56.980 INFO  org.springframework.context.support.PostProcessorRegistrationDelegate$BeanPostProcessorChecker Line:335 - Bean 'springSessionValidationScheduler' of type [com.zhwl.ruoyi.framework.shiro.web.session.SpringSessionValidationScheduler] is not eligible for getting processed by all BeanPostProcessors (for example: not eligible for auto-proxying)
===2022-01-12 14:27:56.988 INFO  org.springframework.context.support.PostProcessorRegistrationDelegate$BeanPostProcessorChecker Line:335 - Bean 'sysUserOnlineMapper' of type [org.mybatis.spring.mapper.MapperFactoryBean] is not eligible for getting processed by all BeanPostProcessors (for example: not eligible for auto-proxying)
===2022-01-12 14:27:56.990 INFO  org.springframework.context.support.PostProcessorRegistrationDelegate$BeanPostProcessorChecker Line:335 - Bean 'sysUserOnlineMapper' of type [com.sun.proxy.$Proxy94] is not eligible for getting processed by all BeanPostProcessors (for example: not eligible for auto-proxying)
===2022-01-12 14:27:56.992 INFO  org.springframework.context.support.PostProcessorRegistrationDelegate$BeanPostProcessorChecker Line:335 - Bean 'sysUserOnlineServiceImpl' of type [com.zhwl.ruoyi.system.service.impl.SysUserOnlineServiceImpl] is not eligible for getting processed by all BeanPostProcessors (for example: not eligible for auto-proxying)
===2022-01-12 14:27:56.994 INFO  org.springframework.context.support.PostProcessorRegistrationDelegate$BeanPostProcessorChecker Line:335 - Bean 'sysShiroService' of type [com.zhwl.ruoyi.framework.shiro.service.SysShiroService] is not eligible for getting processed by all BeanPostProcessors (for example: not eligible for auto-proxying)
===2022-01-12 14:27:56.995 INFO  org.springframework.context.support.PostProcessorRegistrationDelegate$BeanPostProcessorChecker Line:335 - Bean 'sessionDAO' of type [com.zhwl.ruoyi.framework.shiro.session.OnlineSessionDAO] is not eligible for getting processed by all BeanPostProcessors (for example: not eligible for auto-proxying)
===2022-01-12 14:27:57.000 INFO  org.springframework.context.support.PostProcessorRegistrationDelegate$BeanPostProcessorChecker Line:335 - Bean 'sessionFactory' of type [com.zhwl.ruoyi.framework.shiro.session.OnlineSessionFactory] is not eligible for getting processed by all BeanPostProcessors (for example: not eligible for auto-proxying)
===2022-01-12 14:27:57.004 INFO  org.springframework.context.support.PostProcessorRegistrationDelegate$BeanPostProcessorChecker Line:335 - Bean 'sessionManager' of type [com.zhwl.ruoyi.framework.shiro.web.session.OnlineWebSessionManager] is not eligible for getting processed by all BeanPostProcessors (for example: not eligible for auto-proxying)
===2022-01-12 14:27:57.017 INFO  org.springframework.context.support.PostProcessorRegistrationDelegate$BeanPostProcessorChecker Line:335 - Bean 'securityManager' of type [org.apache.shiro.web.mgt.DefaultWebSecurityManager] is not eligible for getting processed by all BeanPostProcessors (for example: not eligible for auto-proxying)
===2022-01-12 14:27:57.034 INFO  org.springframework.context.support.PostProcessorRegistrationDelegate$BeanPostProcessorChecker Line:335 - Bean 'authorizationAttributeSourceAdvisor' of type [org.apache.shiro.spring.security.interceptor.AuthorizationAttributeSourceAdvisor] is not eligible for getting processed by all BeanPostProcessors (for example: not eligible for auto-proxying)
===2022-01-12 14:27:57.042 INFO  org.apache.shiro.cache.ehcache.EhCacheManager Line:169 - Using existing EHCache named [sys-userCache]
===2022-01-12 14:27:57.472 INFO  org.springframework.boot.web.embedded.tomcat.TomcatWebServer Line:91  - Tomcat initialized with port(s): 7000 (http)
===2022-01-12 14:27:57.482 INFO  org.apache.coyote.http11.Http11NioProtocol Line:173 - Initializing ProtocolHandler ["http-nio-7000"]
===2022-01-12 14:27:57.483 INFO  org.apache.catalina.core.StandardService Line:173 - Starting service [Tomcat]
===2022-01-12 14:27:57.483 INFO  org.apache.catalina.core.StandardEngine Line:173 - Starting Servlet engine: [Apache Tomcat/9.0.41]
===2022-01-12 14:27:57.623 INFO  org.apache.catalina.core.ContainerBase.[Tomcat].[localhost].[/] Line:173 - Initializing Spring embedded WebApplicationContext
===2022-01-12 14:27:57.624 INFO  org.springframework.boot.web.servlet.context.ServletWebServerApplicationContext Line:283 - Root WebApplicationContext: initialization completed in 3443 ms
===2022-01-12 14:27:57.866 INFO  org.apache.shiro.cache.ehcache.EhCacheManager Line:169 - Using existing EHCache named [sys-dict]
===2022-01-12 14:27:57.868 INFO  org.apache.shiro.cache.ehcache.EhCacheManager Line:169 - Using existing EHCache named [sys-dict]
===2022-01-12 14:27:57.870 INFO  org.apache.shiro.cache.ehcache.EhCacheManager Line:169 - Using existing EHCache named [sys-dict]
===2022-01-12 14:27:57.872 INFO  org.apache.shiro.cache.ehcache.EhCacheManager Line:169 - Using existing EHCache named [sys-dict]
===2022-01-12 14:27:57.874 INFO  org.apache.shiro.cache.ehcache.EhCacheManager Line:169 - Using existing EHCache named [sys-dict]
===2022-01-12 14:27:57.875 INFO  org.apache.shiro.cache.ehcache.EhCacheManager Line:169 - Using existing EHCache named [sys-dict]
===2022-01-12 14:27:57.877 INFO  org.apache.shiro.cache.ehcache.EhCacheManager Line:169 - Using existing EHCache named [sys-dict]
===2022-01-12 14:27:57.880 INFO  org.apache.shiro.cache.ehcache.EhCacheManager Line:169 - Using existing EHCache named [sys-dict]
===2022-01-12 14:27:57.883 INFO  org.apache.shiro.cache.ehcache.EhCacheManager Line:169 - Using existing EHCache named [sys-dict]
===2022-01-12 14:27:57.885 INFO  org.apache.shiro.cache.ehcache.EhCacheManager Line:169 - Using existing EHCache named [sys-dict]
===2022-01-12 14:27:58.157 INFO  org.springframework.scheduling.concurrent.ThreadPoolTaskExecutor Line:181 - Initializing ExecutorService 'threadPoolTaskExecutor'
===2022-01-12 14:27:58.676 INFO  org.springframework.boot.autoconfigure.web.servlet.WelcomePageHandlerMapping Line:58  - Adding welcome page template: index
===2022-01-12 14:27:59.292 INFO  org.springframework.boot.devtools.autoconfigure.OptionalLiveReloadServer Line:58  - LiveReload server is running on port 35729
===2022-01-12 14:27:59.328 INFO  org.apache.coyote.http11.Http11NioProtocol Line:173 - Starting ProtocolHandler ["http-nio-7000"]
===2022-01-12 14:27:59.355 INFO  org.springframework.boot.web.embedded.tomcat.TomcatWebServer Line:203 - Tomcat started on port(s): 7000 (http) with context path ''
===2022-01-12 14:27:59.358 INFO  com.zhwl.AdminApplication Line:61  - Started AdminApplication in 5.629 seconds (JVM running for 7.51)
===2022-01-12 14:51:10.118 INFO  org.apache.catalina.core.ContainerBase.[Tomcat].[localhost].[/] Line:173 - Initializing Spring DispatcherServlet 'dispatcherServlet'
===2022-01-12 14:51:10.119 INFO  org.springframework.web.servlet.DispatcherServlet Line:525 - Initializing Servlet 'dispatcherServlet'
===2022-01-12 14:51:10.132 INFO  org.springframework.web.servlet.DispatcherServlet Line:547 - Completed initialization in 13 ms
===2022-01-12 14:51:10.146 INFO  org.apache.shiro.session.mgt.AbstractValidatingSessionManager Line:233 - Enabling session validation scheduler...
===2022-01-12 14:51:10.154 INFO  org.apache.shiro.cache.ehcache.EhCacheManager Line:169 - Using existing EHCache named [shiro-activeSessionCache]
===2022-01-12 14:51:10.644 INFO  org.apache.shiro.cache.ehcache.EhCacheManager Line:169 - Using existing EHCache named [sys-config]
===2022-01-12 14:51:11.156 INFO  com.zhwl.ruoyi.framework.shiro.web.session.OnlineWebSessionManager Line:101 - invalidation sessions...
===2022-01-12 14:51:11.165 INFO  com.zhwl.ruoyi.framework.shiro.web.session.OnlineWebSessionManager Line:166 - Finished invalidation session. No sessions were stopped.
===2022-01-12 14:51:14.202 INFO  sys-user Line:106 - [127.0.0.1]内网IP[admin][Success][登录成功]
===2022-01-12 14:51:14.410 INFO  org.apache.shiro.cache.ehcache.EhCacheManager Line:169 - Using existing EHCache named [sys-config]
===2022-01-12 14:51:14.411 INFO  org.apache.shiro.cache.ehcache.EhCacheManager Line:169 - Using existing EHCache named [sys-config]
===2022-01-12 14:51:14.411 INFO  org.apache.shiro.cache.ehcache.EhCacheManager Line:169 - Using existing EHCache named [sys-config]
===2022-01-12 14:51:14.412 INFO  org.apache.shiro.cache.ehcache.EhCacheManager Line:169 - Using existing EHCache named [sys-config]
===2022-01-12 14:51:14.412 INFO  org.apache.shiro.cache.ehcache.EhCacheManager Line:169 - Using existing EHCache named [sys-config]
===2022-01-12 14:51:14.412 INFO  org.apache.shiro.cache.ehcache.EhCacheManager Line:169 - Using existing EHCache named [sys-config]
===2022-01-12 15:01:11.160 INFO  com.zhwl.ruoyi.framework.shiro.web.session.OnlineWebSessionManager Line:101 - invalidation sessions...
===2022-01-12 15:01:11.173 INFO  com.zhwl.ruoyi.framework.shiro.web.session.OnlineWebSessionManager Line:166 - Finished invalidation session. No sessions were stopped.
===2022-01-12 15:03:44.095 INFO  org.apache.shiro.cache.ehcache.EhCacheManager Line:169 - Using existing EHCache named [sys-config]
===2022-01-12 15:03:44.095 INFO  org.apache.shiro.cache.ehcache.EhCacheManager Line:169 - Using existing EHCache named [sys-config]
===2022-01-12 15:03:44.096 INFO  org.apache.shiro.cache.ehcache.EhCacheManager Line:169 - Using existing EHCache named [sys-config]
===2022-01-12 15:03:44.096 INFO  org.apache.shiro.cache.ehcache.EhCacheManager Line:169 - Using existing EHCache named [sys-config]
===2022-01-12 15:03:44.096 INFO  org.apache.shiro.cache.ehcache.EhCacheManager Line:169 - Using existing EHCache named [sys-config]
===2022-01-12 15:03:44.097 INFO  org.apache.shiro.cache.ehcache.EhCacheManager Line:169 - Using existing EHCache named [sys-config]
===2022-01-12 15:03:45.150 INFO  org.apache.shiro.cache.ehcache.EhCacheManager Line:169 - Using existing EHCache named [sys-config]
===2022-01-12 15:03:45.150 INFO  org.apache.shiro.cache.ehcache.EhCacheManager Line:169 - Using existing EHCache named [sys-config]
===2022-01-12 15:03:45.151 INFO  org.apache.shiro.cache.ehcache.EhCacheManager Line:169 - Using existing EHCache named [sys-config]
===2022-01-12 15:03:45.151 INFO  org.apache.shiro.cache.ehcache.EhCacheManager Line:169 - Using existing EHCache named [sys-config]
===2022-01-12 15:03:45.151 INFO  org.apache.shiro.cache.ehcache.EhCacheManager Line:169 - Using existing EHCache named [sys-config]
===2022-01-12 15:03:45.151 INFO  org.apache.shiro.cache.ehcache.EhCacheManager Line:169 - Using existing EHCache named [sys-config]
===2022-01-12 15:11:11.160 INFO  com.zhwl.ruoyi.framework.shiro.web.session.OnlineWebSessionManager Line:101 - invalidation sessions...
===2022-01-12 15:11:11.166 INFO  com.zhwl.ruoyi.framework.shiro.web.session.OnlineWebSessionManager Line:166 - Finished invalidation session. No sessions were stopped.
===2022-01-12 15:21:11.162 INFO  com.zhwl.ruoyi.framework.shiro.web.session.OnlineWebSessionManager Line:101 - invalidation sessions...
===2022-01-12 15:21:11.180 INFO  com.zhwl.ruoyi.framework.shiro.web.session.OnlineWebSessionManager Line:166 - Finished invalidation session. No sessions were stopped.
===2022-01-12 15:21:52.497 INFO  org.apache.shiro.cache.ehcache.EhCacheManager Line:169 - Using existing EHCache named [sys-config]
===2022-01-12 15:21:52.498 INFO  org.apache.shiro.cache.ehcache.EhCacheManager Line:169 - Using existing EHCache named [sys-config]
===2022-01-12 15:21:52.498 INFO  org.apache.shiro.cache.ehcache.EhCacheManager Line:169 - Using existing EHCache named [sys-config]
===2022-01-12 15:21:52.499 INFO  org.apache.shiro.cache.ehcache.EhCacheManager Line:169 - Using existing EHCache named [sys-config]
===2022-01-12 15:21:52.499 INFO  org.apache.shiro.cache.ehcache.EhCacheManager Line:169 - Using existing EHCache named [sys-config]
===2022-01-12 15:21:52.499 INFO  org.apache.shiro.cache.ehcache.EhCacheManager Line:169 - Using existing EHCache named [sys-config]
===2022-01-12 15:31:11.158 INFO  com.zhwl.ruoyi.framework.shiro.web.session.OnlineWebSessionManager Line:101 - invalidation sessions...
===2022-01-12 15:31:11.164 INFO  com.zhwl.ruoyi.framework.shiro.web.session.OnlineWebSessionManager Line:166 - Finished invalidation session. No sessions were stopped.
===2022-01-12 15:39:12.456 INFO  org.apache.shiro.cache.ehcache.EhCacheManager Line:169 - Using existing EHCache named [sys-dict]
===2022-01-12 15:41:11.159 INFO  com.zhwl.ruoyi.framework.shiro.web.session.OnlineWebSessionManager Line:101 - invalidation sessions...
===2022-01-12 15:41:11.170 INFO  com.zhwl.ruoyi.framework.shiro.web.session.OnlineWebSessionManager Line:166 - Finished invalidation session. No sessions were stopped.
===2022-01-12 15:46:08.573 INFO  org.apache.shiro.cache.ehcache.EhCacheManager Line:169 - Using existing EHCache named [sys-config]
===2022-01-12 15:46:08.574 INFO  org.apache.shiro.cache.ehcache.EhCacheManager Line:169 - Using existing EHCache named [sys-config]
===2022-01-12 15:46:08.574 INFO  org.apache.shiro.cache.ehcache.EhCacheManager Line:169 - Using existing EHCache named [sys-config]
===2022-01-12 15:46:08.575 INFO  org.apache.shiro.cache.ehcache.EhCacheManager Line:169 - Using existing EHCache named [sys-config]
===2022-01-12 15:46:08.575 INFO  org.apache.shiro.cache.ehcache.EhCacheManager Line:169 - Using existing EHCache named [sys-config]
===2022-01-12 15:46:08.575 INFO  org.apache.shiro.cache.ehcache.EhCacheManager Line:169 - Using existing EHCache named [sys-config]
===2022-01-12 15:51:11.149 INFO  com.zhwl.ruoyi.framework.shiro.web.session.OnlineWebSessionManager Line:101 - invalidation sessions...
===2022-01-12 15:51:11.156 INFO  com.zhwl.ruoyi.framework.shiro.web.session.OnlineWebSessionManager Line:166 - Finished invalidation session. No sessions were stopped.
===2022-01-12 16:01:11.148 INFO  com.zhwl.ruoyi.framework.shiro.web.session.OnlineWebSessionManager Line:101 - invalidation sessions...
===2022-01-12 16:01:11.155 INFO  com.zhwl.ruoyi.framework.shiro.web.session.OnlineWebSessionManager Line:166 - Finished invalidation session. No sessions were stopped.
===2022-01-12 16:04:39.622 INFO  org.hibernate.validator.internal.util.Version Line:21  - HV000001: Hibernate Validator 6.0.21.Final
===2022-01-12 16:04:39.641 INFO  com.zhwl.AdminApplication Line:55  - Starting AdminApplication on WIN-2SRCFRT6LKJ with PID 1988 (D:\project\studyPro\demo-parent\demo-portal\demo-portal-admin\target\classes started by Administrator in D:\project\studyPro\demo-parent)
===2022-01-12 16:04:39.641 INFO  com.zhwl.AdminApplication Line:655 - The following profiles are active: druid
===2022-01-12 16:04:39.697 INFO  org.springframework.boot.devtools.env.DevToolsPropertyDefaultsPostProcessor Line:225 - Devtools property defaults active! Set 'spring.devtools.add-properties' to 'false' to disable
===2022-01-12 16:04:39.698 INFO  org.springframework.boot.devtools.env.DevToolsPropertyDefaultsPostProcessor Line:225 - For additional web related logging consider setting the 'logging.level.web' property to 'DEBUG'
===2022-01-12 16:04:40.869 INFO  org.springframework.data.repository.config.RepositoryConfigurationDelegate Line:249 - Multiple Spring Data modules found, entering strict repository configuration mode!
===2022-01-12 16:04:40.871 INFO  org.springframework.data.repository.config.RepositoryConfigurationDelegate Line:127 - Bootstrapping Spring Data Redis repositories in DEFAULT mode.
===2022-01-12 16:04:40.976 INFO  org.springframework.data.repository.config.RepositoryConfigurationDelegate Line:187 - Finished Spring Data repository scanning in 92ms. Found 0 Redis repository interfaces.
===2022-01-12 16:04:41.452 INFO  org.springframework.context.support.PostProcessorRegistrationDelegate$BeanPostProcessorChecker Line:335 - Bean 'shiroConfig' of type [com.zhwl.ruoyi.framework.config.ShiroConfig$$EnhancerBySpringCGLIB$$e9572abd] is not eligible for getting processed by all BeanPostProcessors (for example: not eligible for auto-proxying)
===2022-01-12 16:04:41.552 INFO  org.springframework.context.support.PostProcessorRegistrationDelegate$BeanPostProcessorChecker Line:335 - Bean 'getEhCacheManager' of type [org.apache.shiro.cache.ehcache.EhCacheManager] is not eligible for getting processed by all BeanPostProcessors (for example: not eligible for auto-proxying)
===2022-01-12 16:04:41.558 INFO  org.apache.shiro.cache.ehcache.EhCacheManager Line:169 - Using existing EHCache named [sys-authCache]
===2022-01-12 16:04:41.575 INFO  org.springframework.context.support.PostProcessorRegistrationDelegate$BeanPostProcessorChecker Line:335 - Bean 'myBatisConfig' of type [com.zhwl.ruoyi.framework.config.MyBatisConfig$$EnhancerBySpringCGLIB$$5e6ba23f] is not eligible for getting processed by all BeanPostProcessors (for example: not eligible for auto-proxying)
===2022-01-12 16:04:41.580 INFO  org.springframework.context.support.PostProcessorRegistrationDelegate$BeanPostProcessorChecker Line:335 - Bean 'druidConfig' of type [com.zhwl.ruoyi.framework.config.DruidConfig$$EnhancerBySpringCGLIB$$3dfd8e2e] is not eligible for getting processed by all BeanPostProcessors (for example: not eligible for auto-proxying)
===2022-01-12 16:04:41.587 INFO  org.springframework.context.support.PostProcessorRegistrationDelegate$BeanPostProcessorChecker Line:335 - Bean 'druidProperties' of type [com.zhwl.ruoyi.framework.config.properties.DruidProperties$$EnhancerBySpringCGLIB$$cd03733c] is not eligible for getting processed by all BeanPostProcessors (for example: not eligible for auto-proxying)
===2022-01-12 16:04:41.657 INFO  org.springframework.context.support.PostProcessorRegistrationDelegate$BeanPostProcessorChecker Line:335 - Bean 'spring.datasource-org.springframework.boot.autoconfigure.jdbc.DataSourceProperties' of type [org.springframework.boot.autoconfigure.jdbc.DataSourceProperties] is not eligible for getting processed by all BeanPostProcessors (for example: not eligible for auto-proxying)
===2022-01-12 16:04:41.671 INFO  org.springframework.context.support.PostProcessorRegistrationDelegate$BeanPostProcessorChecker Line:335 - Bean 'com.alibaba.druid.spring.boot.autoconfigure.stat.DruidFilterConfiguration' of type [com.alibaba.druid.spring.boot.autoconfigure.stat.DruidFilterConfiguration] is not eligible for getting processed by all BeanPostProcessors (for example: not eligible for auto-proxying)
===2022-01-12 16:04:41.740 INFO  org.springframework.context.support.PostProcessorRegistrationDelegate$BeanPostProcessorChecker Line:335 - Bean 'statFilter' of type [com.alibaba.druid.filter.stat.StatFilter] is not eligible for getting processed by all BeanPostProcessors (for example: not eligible for auto-proxying)
===2022-01-12 16:04:41.809 INFO  org.springframework.context.support.PostProcessorRegistrationDelegate$BeanPostProcessorChecker Line:335 - Bean 'masterDataSource' of type [com.alibaba.druid.spring.boot.autoconfigure.DruidDataSourceWrapper] is not eligible for getting processed by all BeanPostProcessors (for example: not eligible for auto-proxying)
===2022-01-12 16:04:41.841 INFO  org.springframework.context.support.PostProcessorRegistrationDelegate$BeanPostProcessorChecker Line:335 - Bean 'dynamicDataSource' of type [com.zhwl.ruoyi.framework.datasource.DynamicDataSource] is not eligible for getting processed by all BeanPostProcessors (for example: not eligible for auto-proxying)
===2022-01-12 16:04:42.138 INFO  org.springframework.context.support.PostProcessorRegistrationDelegate$BeanPostProcessorChecker Line:335 - Bean 'sqlSessionFactory' of type [org.apache.ibatis.session.defaults.DefaultSqlSessionFactory] is not eligible for getting processed by all BeanPostProcessors (for example: not eligible for auto-proxying)
===2022-01-12 16:04:42.146 INFO  org.springframework.context.support.PostProcessorRegistrationDelegate$BeanPostProcessorChecker Line:335 - Bean 'mybatis-org.mybatis.spring.boot.autoconfigure.MybatisProperties' of type [org.mybatis.spring.boot.autoconfigure.MybatisProperties] is not eligible for getting processed by all BeanPostProcessors (for example: not eligible for auto-proxying)
===2022-01-12 16:04:42.153 INFO  org.springframework.context.support.PostProcessorRegistrationDelegate$BeanPostProcessorChecker Line:335 - Bean 'org.mybatis.spring.boot.autoconfigure.MybatisAutoConfiguration' of type [org.mybatis.spring.boot.autoconfigure.MybatisAutoConfiguration$$EnhancerBySpringCGLIB$$3e197701] is not eligible for getting processed by all BeanPostProcessors (for example: not eligible for auto-proxying)
===2022-01-12 16:04:42.163 INFO  org.springframework.context.support.PostProcessorRegistrationDelegate$BeanPostProcessorChecker Line:335 - Bean 'sqlSessionTemplate' of type [org.mybatis.spring.SqlSessionTemplate] is not eligible for getting processed by all BeanPostProcessors (for example: not eligible for auto-proxying)
===2022-01-12 16:04:42.168 INFO  org.springframework.context.support.PostProcessorRegistrationDelegate$BeanPostProcessorChecker Line:335 - Bean 'sysMenuMapper' of type [org.mybatis.spring.mapper.MapperFactoryBean] is not eligible for getting processed by all BeanPostProcessors (for example: not eligible for auto-proxying)
===2022-01-12 16:04:42.173 INFO  org.springframework.context.support.PostProcessorRegistrationDelegate$BeanPostProcessorChecker Line:335 - Bean 'sysMenuMapper' of type [com.sun.proxy.$Proxy82] is not eligible for getting processed by all BeanPostProcessors (for example: not eligible for auto-proxying)
===2022-01-12 16:04:42.177 INFO  org.springframework.context.support.PostProcessorRegistrationDelegate$BeanPostProcessorChecker Line:335 - Bean 'sysRoleMenuMapper' of type [org.mybatis.spring.mapper.MapperFactoryBean] is not eligible for getting processed by all BeanPostProcessors (for example: not eligible for auto-proxying)
===2022-01-12 16:04:42.178 INFO  org.springframework.context.support.PostProcessorRegistrationDelegate$BeanPostProcessorChecker Line:335 - Bean 'sysRoleMenuMapper' of type [com.sun.proxy.$Proxy83] is not eligible for getting processed by all BeanPostProcessors (for example: not eligible for auto-proxying)
===2022-01-12 16:04:42.179 INFO  org.springframework.context.support.PostProcessorRegistrationDelegate$BeanPostProcessorChecker Line:335 - Bean 'sysMenuServiceImpl' of type [com.zhwl.ruoyi.system.service.impl.SysMenuServiceImpl] is not eligible for getting processed by all BeanPostProcessors (for example: not eligible for auto-proxying)
===2022-01-12 16:04:42.184 INFO  org.springframework.context.support.PostProcessorRegistrationDelegate$BeanPostProcessorChecker Line:335 - Bean 'sysRoleMapper' of type [org.mybatis.spring.mapper.MapperFactoryBean] is not eligible for getting processed by all BeanPostProcessors (for example: not eligible for auto-proxying)
===2022-01-12 16:04:42.185 INFO  org.springframework.context.support.PostProcessorRegistrationDelegate$BeanPostProcessorChecker Line:335 - Bean 'sysRoleMapper' of type [com.sun.proxy.$Proxy86] is not eligible for getting processed by all BeanPostProcessors (for example: not eligible for auto-proxying)
===2022-01-12 16:04:42.189 INFO  org.springframework.context.support.PostProcessorRegistrationDelegate$BeanPostProcessorChecker Line:335 - Bean 'sysUserRoleMapper' of type [org.mybatis.spring.mapper.MapperFactoryBean] is not eligible for getting processed by all BeanPostProcessors (for example: not eligible for auto-proxying)
===2022-01-12 16:04:42.190 INFO  org.springframework.context.support.PostProcessorRegistrationDelegate$BeanPostProcessorChecker Line:335 - Bean 'sysUserRoleMapper' of type [com.sun.proxy.$Proxy87] is not eligible for getting processed by all BeanPostProcessors (for example: not eligible for auto-proxying)
===2022-01-12 16:04:42.194 INFO  org.springframework.context.support.PostProcessorRegistrationDelegate$BeanPostProcessorChecker Line:335 - Bean 'sysRoleDeptMapper' of type [org.mybatis.spring.mapper.MapperFactoryBean] is not eligible for getting processed by all BeanPostProcessors (for example: not eligible for auto-proxying)
===2022-01-12 16:04:42.195 INFO  org.springframework.context.support.PostProcessorRegistrationDelegate$BeanPostProcessorChecker Line:335 - Bean 'sysRoleDeptMapper' of type [com.sun.proxy.$Proxy88] is not eligible for getting processed by all BeanPostProcessors (for example: not eligible for auto-proxying)
===2022-01-12 16:04:42.196 INFO  org.springframework.context.support.PostProcessorRegistrationDelegate$BeanPostProcessorChecker Line:335 - Bean 'sysRoleServiceImpl' of type [com.zhwl.ruoyi.system.service.impl.SysRoleServiceImpl] is not eligible for getting processed by all BeanPostProcessors (for example: not eligible for auto-proxying)
===2022-01-12 16:04:42.223 INFO  org.apache.shiro.cache.ehcache.EhCacheManager Line:169 - Using existing EHCache named [loginRecordCache]
===2022-01-12 16:04:42.223 INFO  org.springframework.context.support.PostProcessorRegistrationDelegate$BeanPostProcessorChecker Line:335 - Bean 'sysPasswordService' of type [com.zhwl.ruoyi.framework.shiro.service.SysPasswordService] is not eligible for getting processed by all BeanPostProcessors (for example: not eligible for auto-proxying)
===2022-01-12 16:04:42.227 INFO  org.springframework.context.support.PostProcessorRegistrationDelegate$BeanPostProcessorChecker Line:335 - Bean 'sysUserMapper' of type [org.mybatis.spring.mapper.MapperFactoryBean] is not eligible for getting processed by all BeanPostProcessors (for example: not eligible for auto-proxying)
===2022-01-12 16:04:42.228 INFO  org.springframework.context.support.PostProcessorRegistrationDelegate$BeanPostProcessorChecker Line:335 - Bean 'sysUserMapper' of type [com.sun.proxy.$Proxy89] is not eligible for getting processed by all BeanPostProcessors (for example: not eligible for auto-proxying)
===2022-01-12 16:04:42.232 INFO  org.springframework.context.support.PostProcessorRegistrationDelegate$BeanPostProcessorChecker Line:335 - Bean 'sysPostMapper' of type [org.mybatis.spring.mapper.MapperFactoryBean] is not eligible for getting processed by all BeanPostProcessors (for example: not eligible for auto-proxying)
===2022-01-12 16:04:42.233 INFO  org.springframework.context.support.PostProcessorRegistrationDelegate$BeanPostProcessorChecker Line:335 - Bean 'sysPostMapper' of type [com.sun.proxy.$Proxy90] is not eligible for getting processed by all BeanPostProcessors (for example: not eligible for auto-proxying)
===2022-01-12 16:04:42.236 INFO  org.springframework.context.support.PostProcessorRegistrationDelegate$BeanPostProcessorChecker Line:335 - Bean 'sysUserPostMapper' of type [org.mybatis.spring.mapper.MapperFactoryBean] is not eligible for getting processed by all BeanPostProcessors (for example: not eligible for auto-proxying)
===2022-01-12 16:04:42.237 INFO  org.springframework.context.support.PostProcessorRegistrationDelegate$BeanPostProcessorChecker Line:335 - Bean 'sysUserPostMapper' of type [com.sun.proxy.$Proxy91] is not eligible for getting processed by all BeanPostProcessors (for example: not eligible for auto-proxying)
===2022-01-12 16:04:42.241 INFO  org.springframework.context.support.PostProcessorRegistrationDelegate$BeanPostProcessorChecker Line:335 - Bean 'sysConfigMapper' of type [org.mybatis.spring.mapper.MapperFactoryBean] is not eligible for getting processed by all BeanPostProcessors (for example: not eligible for auto-proxying)
===2022-01-12 16:04:42.242 INFO  org.springframework.context.support.PostProcessorRegistrationDelegate$BeanPostProcessorChecker Line:335 - Bean 'sysConfigMapper' of type [com.sun.proxy.$Proxy92] is not eligible for getting processed by all BeanPostProcessors (for example: not eligible for auto-proxying)
===2022-01-12 16:04:42.395 INFO  com.alibaba.druid.pool.DruidDataSource Line:928 - {dataSource-1} inited
===2022-01-12 16:04:42.464 INFO  org.apache.shiro.cache.ehcache.EhCacheManager Line:169 - Using existing EHCache named [sys-config]
===2022-01-12 16:04:42.467 INFO  org.apache.shiro.cache.ehcache.EhCacheManager Line:169 - Using existing EHCache named [sys-config]
===2022-01-12 16:04:42.468 INFO  org.apache.shiro.cache.ehcache.EhCacheManager Line:169 - Using existing EHCache named [sys-config]
===2022-01-12 16:04:42.468 INFO  org.apache.shiro.cache.ehcache.EhCacheManager Line:169 - Using existing EHCache named [sys-config]
===2022-01-12 16:04:42.469 INFO  org.apache.shiro.cache.ehcache.EhCacheManager Line:169 - Using existing EHCache named [sys-config]
===2022-01-12 16:04:42.469 INFO  org.apache.shiro.cache.ehcache.EhCacheManager Line:169 - Using existing EHCache named [sys-config]
===2022-01-12 16:04:42.469 INFO  org.apache.shiro.cache.ehcache.EhCacheManager Line:169 - Using existing EHCache named [sys-config]
===2022-01-12 16:04:42.469 INFO  org.apache.shiro.cache.ehcache.EhCacheManager Line:169 - Using existing EHCache named [sys-config]
===2022-01-12 16:04:42.470 INFO  org.apache.shiro.cache.ehcache.EhCacheManager Line:169 - Using existing EHCache named [sys-config]
===2022-01-12 16:04:42.470 INFO  org.springframework.context.support.PostProcessorRegistrationDelegate$BeanPostProcessorChecker Line:335 - Bean 'sysConfigServiceImpl' of type [com.zhwl.ruoyi.system.service.impl.SysConfigServiceImpl] is not eligible for getting processed by all BeanPostProcessors (for example: not eligible for auto-proxying)
===2022-01-12 16:04:42.472 INFO  org.springframework.context.support.PostProcessorRegistrationDelegate$BeanPostProcessorChecker Line:335 - Bean 'sysUserServiceImpl' of type [com.zhwl.ruoyi.system.service.impl.SysUserServiceImpl] is not eligible for getting processed by all BeanPostProcessors (for example: not eligible for auto-proxying)
===2022-01-12 16:04:42.479 INFO  org.springframework.context.support.PostProcessorRegistrationDelegate$BeanPostProcessorChecker Line:335 - Bean 'sysLoginService' of type [com.zhwl.ruoyi.framework.shiro.service.SysLoginService] is not eligible for getting processed by all BeanPostProcessors (for example: not eligible for auto-proxying)
===2022-01-12 16:04:42.480 INFO  org.springframework.context.support.PostProcessorRegistrationDelegate$BeanPostProcessorChecker Line:335 - Bean 'userRealm' of type [com.zhwl.ruoyi.framework.shiro.realm.UserRealm] is not eligible for getting processed by all BeanPostProcessors (for example: not eligible for auto-proxying)
===2022-01-12 16:04:42.591 INFO  org.springframework.context.support.PostProcessorRegistrationDelegate$BeanPostProcessorChecker Line:335 - Bean 'threadPoolConfig' of type [com.zhwl.ruoyi.common.config.thread.ThreadPoolConfig$$EnhancerBySpringCGLIB$$ade03a09] is not eligible for getting processed by all BeanPostProcessors (for example: not eligible for auto-proxying)
===2022-01-12 16:04:42.598 INFO  org.springframework.context.support.PostProcessorRegistrationDelegate$BeanPostProcessorChecker Line:335 - Bean 'scheduledExecutorService' of type [com.zhwl.ruoyi.common.config.thread.ThreadPoolConfig$1] is not eligible for getting processed by all BeanPostProcessors (for example: not eligible for auto-proxying)
===2022-01-12 16:04:42.615 INFO  org.springframework.context.support.PostProcessorRegistrationDelegate$BeanPostProcessorChecker Line:335 - Bean 'springSessionValidationScheduler' of type [com.zhwl.ruoyi.framework.shiro.web.session.SpringSessionValidationScheduler] is not eligible for getting processed by all BeanPostProcessors (for example: not eligible for auto-proxying)
===2022-01-12 16:04:42.624 INFO  org.springframework.context.support.PostProcessorRegistrationDelegate$BeanPostProcessorChecker Line:335 - Bean 'sysUserOnlineMapper' of type [org.mybatis.spring.mapper.MapperFactoryBean] is not eligible for getting processed by all BeanPostProcessors (for example: not eligible for auto-proxying)
===2022-01-12 16:04:42.625 INFO  org.springframework.context.support.PostProcessorRegistrationDelegate$BeanPostProcessorChecker Line:335 - Bean 'sysUserOnlineMapper' of type [com.sun.proxy.$Proxy94] is not eligible for getting processed by all BeanPostProcessors (for example: not eligible for auto-proxying)
===2022-01-12 16:04:42.627 INFO  org.springframework.context.support.PostProcessorRegistrationDelegate$BeanPostProcessorChecker Line:335 - Bean 'sysUserOnlineServiceImpl' of type [com.zhwl.ruoyi.system.service.impl.SysUserOnlineServiceImpl] is not eligible for getting processed by all BeanPostProcessors (for example: not eligible for auto-proxying)
===2022-01-12 16:04:42.629 INFO  org.springframework.context.support.PostProcessorRegistrationDelegate$BeanPostProcessorChecker Line:335 - Bean 'sysShiroService' of type [com.zhwl.ruoyi.framework.shiro.service.SysShiroService] is not eligible for getting processed by all BeanPostProcessors (for example: not eligible for auto-proxying)
===2022-01-12 16:04:42.630 INFO  org.springframework.context.support.PostProcessorRegistrationDelegate$BeanPostProcessorChecker Line:335 - Bean 'sessionDAO' of type [com.zhwl.ruoyi.framework.shiro.session.OnlineSessionDAO] is not eligible for getting processed by all BeanPostProcessors (for example: not eligible for auto-proxying)
===2022-01-12 16:04:42.635 INFO  org.springframework.context.support.PostProcessorRegistrationDelegate$BeanPostProcessorChecker Line:335 - Bean 'sessionFactory' of type [com.zhwl.ruoyi.framework.shiro.session.OnlineSessionFactory] is not eligible for getting processed by all BeanPostProcessors (for example: not eligible for auto-proxying)
===2022-01-12 16:04:42.639 INFO  org.springframework.context.support.PostProcessorRegistrationDelegate$BeanPostProcessorChecker Line:335 - Bean 'sessionManager' of type [com.zhwl.ruoyi.framework.shiro.web.session.OnlineWebSessionManager] is not eligible for getting processed by all BeanPostProcessors (for example: not eligible for auto-proxying)
===2022-01-12 16:04:42.653 INFO  org.springframework.context.support.PostProcessorRegistrationDelegate$BeanPostProcessorChecker Line:335 - Bean 'securityManager' of type [org.apache.shiro.web.mgt.DefaultWebSecurityManager] is not eligible for getting processed by all BeanPostProcessors (for example: not eligible for auto-proxying)
===2022-01-12 16:04:42.670 INFO  org.springframework.context.support.PostProcessorRegistrationDelegate$BeanPostProcessorChecker Line:335 - Bean 'authorizationAttributeSourceAdvisor' of type [org.apache.shiro.spring.security.interceptor.AuthorizationAttributeSourceAdvisor] is not eligible for getting processed by all BeanPostProcessors (for example: not eligible for auto-proxying)
===2022-01-12 16:04:42.677 INFO  org.apache.shiro.cache.ehcache.EhCacheManager Line:169 - Using existing EHCache named [sys-userCache]
===2022-01-12 16:04:43.080 INFO  org.springframework.boot.web.embedded.tomcat.TomcatWebServer Line:91  - Tomcat initialized with port(s): 7000 (http)
===2022-01-12 16:04:43.090 INFO  org.apache.coyote.http11.Http11NioProtocol Line:173 - Initializing ProtocolHandler ["http-nio-7000"]
===2022-01-12 16:04:43.091 INFO  org.apache.catalina.core.StandardService Line:173 - Starting service [Tomcat]
===2022-01-12 16:04:43.091 INFO  org.apache.catalina.core.StandardEngine Line:173 - Starting Servlet engine: [Apache Tomcat/9.0.41]
===2022-01-12 16:04:43.250 INFO  org.apache.catalina.core.ContainerBase.[Tomcat].[localhost].[/] Line:173 - Initializing Spring embedded WebApplicationContext
===2022-01-12 16:04:43.250 INFO  org.springframework.boot.web.servlet.context.ServletWebServerApplicationContext Line:283 - Root WebApplicationContext: initialization completed in 3551 ms
===2022-01-12 16:04:43.516 INFO  org.apache.shiro.cache.ehcache.EhCacheManager Line:169 - Using existing EHCache named [sys-dict]
===2022-01-12 16:04:43.518 INFO  org.apache.shiro.cache.ehcache.EhCacheManager Line:169 - Using existing EHCache named [sys-dict]
===2022-01-12 16:04:43.520 INFO  org.apache.shiro.cache.ehcache.EhCacheManager Line:169 - Using existing EHCache named [sys-dict]
===2022-01-12 16:04:43.522 INFO  org.apache.shiro.cache.ehcache.EhCacheManager Line:169 - Using existing EHCache named [sys-dict]
===2022-01-12 16:04:43.523 INFO  org.apache.shiro.cache.ehcache.EhCacheManager Line:169 - Using existing EHCache named [sys-dict]
===2022-01-12 16:04:43.525 INFO  org.apache.shiro.cache.ehcache.EhCacheManager Line:169 - Using existing EHCache named [sys-dict]
===2022-01-12 16:04:43.527 INFO  org.apache.shiro.cache.ehcache.EhCacheManager Line:169 - Using existing EHCache named [sys-dict]
===2022-01-12 16:04:43.530 INFO  org.apache.shiro.cache.ehcache.EhCacheManager Line:169 - Using existing EHCache named [sys-dict]
===2022-01-12 16:04:43.532 INFO  org.apache.shiro.cache.ehcache.EhCacheManager Line:169 - Using existing EHCache named [sys-dict]
===2022-01-12 16:04:43.534 INFO  org.apache.shiro.cache.ehcache.EhCacheManager Line:169 - Using existing EHCache named [sys-dict]
===2022-01-12 16:04:43.803 INFO  org.springframework.scheduling.concurrent.ThreadPoolTaskExecutor Line:181 - Initializing ExecutorService 'threadPoolTaskExecutor'
===2022-01-12 16:04:44.341 INFO  org.springframework.boot.autoconfigure.web.servlet.WelcomePageHandlerMapping Line:58  - Adding welcome page template: index
===2022-01-12 16:04:44.930 INFO  org.springframework.boot.devtools.autoconfigure.OptionalLiveReloadServer Line:58  - LiveReload server is running on port 35729
===2022-01-12 16:04:44.970 INFO  org.apache.coyote.http11.Http11NioProtocol Line:173 - Starting ProtocolHandler ["http-nio-7000"]
===2022-01-12 16:04:44.999 INFO  org.springframework.boot.web.embedded.tomcat.TomcatWebServer Line:203 - Tomcat started on port(s): 7000 (http) with context path ''
===2022-01-12 16:04:45.002 INFO  com.zhwl.AdminApplication Line:61  - Started AdminApplication in 5.811 seconds (JVM running for 7.432)
