===2022-01-05 08:44:46.258 INFO  org.hibernate.validator.internal.util.Version Line:21  - HV000001: Hibernate Validator 6.0.21.Final
===2022-01-05 08:44:46.414 INFO  com.zhwl.AdminApplication Line:55  - Starting AdminApplication on WIN-2SRCFRT6LKJ with PID 8540 (D:\project\studyPro\demo-parent\demo-portal\demo-portal-admin\target\classes started by Administrator in D:\project\studyPro\demo-parent)
===2022-01-05 08:44:46.414 INFO  com.zhwl.AdminApplication Line:655 - The following profiles are active: druid
===2022-01-05 08:44:51.913 INFO  org.springframework.data.repository.config.RepositoryConfigurationDelegate Line:249 - Multiple Spring Data modules found, entering strict repository configuration mode!
===2022-01-05 08:44:51.929 INFO  org.springframework.data.repository.config.RepositoryConfigurationDelegate Line:127 - Bootstrapping Spring Data Redis repositories in DEFAULT mode.
===2022-01-05 08:44:52.179 INFO  org.springframework.data.repository.config.RepositoryConfigurationDelegate Line:187 - Finished Spring Data repository scanning in 147ms. Found 0 Redis repository interfaces.
===2022-01-05 08:44:53.288 INFO  org.springframework.context.support.PostProcessorRegistrationDelegate$BeanPostProcessorChecker Line:335 - Bean 'shiroConfig' of type [com.zhwl.ruoyi.framework.config.ShiroConfig$$EnhancerBySpringCGLIB$$a30d5ae0] is not eligible for getting processed by all BeanPostProcessors (for example: not eligible for auto-proxying)
===2022-01-05 08:44:53.585 INFO  org.springframework.context.support.PostProcessorRegistrationDelegate$BeanPostProcessorChecker Line:335 - Bean 'getEhCacheManager' of type [org.apache.shiro.cache.ehcache.EhCacheManager] is not eligible for getting processed by all BeanPostProcessors (for example: not eligible for auto-proxying)
===2022-01-05 08:44:53.600 INFO  org.apache.shiro.cache.ehcache.EhCacheManager Line:169 - Using existing EHCache named [sys-authCache]
===2022-01-05 08:44:53.616 INFO  org.springframework.context.support.PostProcessorRegistrationDelegate$BeanPostProcessorChecker Line:335 - Bean 'myBatisConfig' of type [com.zhwl.ruoyi.framework.config.MyBatisConfig$$EnhancerBySpringCGLIB$$1821d262] is not eligible for getting processed by all BeanPostProcessors (for example: not eligible for auto-proxying)
===2022-01-05 08:44:53.631 INFO  org.springframework.context.support.PostProcessorRegistrationDelegate$BeanPostProcessorChecker Line:335 - Bean 'druidConfig' of type [com.zhwl.ruoyi.framework.config.DruidConfig$$EnhancerBySpringCGLIB$$f7b3be51] is not eligible for getting processed by all BeanPostProcessors (for example: not eligible for auto-proxying)
===2022-01-05 08:44:53.631 INFO  org.springframework.context.support.PostProcessorRegistrationDelegate$BeanPostProcessorChecker Line:335 - Bean 'druidProperties' of type [com.zhwl.ruoyi.framework.config.properties.DruidProperties$$EnhancerBySpringCGLIB$$86b9a35f] is not eligible for getting processed by all BeanPostProcessors (for example: not eligible for auto-proxying)
===2022-01-05 08:44:53.834 INFO  org.springframework.context.support.PostProcessorRegistrationDelegate$BeanPostProcessorChecker Line:335 - Bean 'spring.datasource-org.springframework.boot.autoconfigure.jdbc.DataSourceProperties' of type [org.springframework.boot.autoconfigure.jdbc.DataSourceProperties] is not eligible for getting processed by all BeanPostProcessors (for example: not eligible for auto-proxying)
===2022-01-05 08:44:53.850 INFO  org.springframework.context.support.PostProcessorRegistrationDelegate$BeanPostProcessorChecker Line:335 - Bean 'com.alibaba.druid.spring.boot.autoconfigure.stat.DruidFilterConfiguration' of type [com.alibaba.druid.spring.boot.autoconfigure.stat.DruidFilterConfiguration] is not eligible for getting processed by all BeanPostProcessors (for example: not eligible for auto-proxying)
===2022-01-05 08:44:53.897 INFO  org.springframework.context.support.PostProcessorRegistrationDelegate$BeanPostProcessorChecker Line:335 - Bean 'statFilter' of type [com.alibaba.druid.filter.stat.StatFilter] is not eligible for getting processed by all BeanPostProcessors (for example: not eligible for auto-proxying)
===2022-01-05 08:44:53.959 INFO  org.springframework.context.support.PostProcessorRegistrationDelegate$BeanPostProcessorChecker Line:335 - Bean 'masterDataSource' of type [com.alibaba.druid.spring.boot.autoconfigure.DruidDataSourceWrapper] is not eligible for getting processed by all BeanPostProcessors (for example: not eligible for auto-proxying)
===2022-01-05 08:44:53.975 INFO  org.springframework.context.support.PostProcessorRegistrationDelegate$BeanPostProcessorChecker Line:335 - Bean 'dynamicDataSource' of type [com.zhwl.ruoyi.framework.datasource.DynamicDataSource] is not eligible for getting processed by all BeanPostProcessors (for example: not eligible for auto-proxying)
===2022-01-05 08:44:54.928 INFO  org.springframework.context.support.PostProcessorRegistrationDelegate$BeanPostProcessorChecker Line:335 - Bean 'sqlSessionFactory' of type [org.apache.ibatis.session.defaults.DefaultSqlSessionFactory] is not eligible for getting processed by all BeanPostProcessors (for example: not eligible for auto-proxying)
===2022-01-05 08:44:54.928 INFO  org.springframework.context.support.PostProcessorRegistrationDelegate$BeanPostProcessorChecker Line:335 - Bean 'mybatis-org.mybatis.spring.boot.autoconfigure.MybatisProperties' of type [org.mybatis.spring.boot.autoconfigure.MybatisProperties] is not eligible for getting processed by all BeanPostProcessors (for example: not eligible for auto-proxying)
===2022-01-05 08:44:54.944 INFO  org.springframework.context.support.PostProcessorRegistrationDelegate$BeanPostProcessorChecker Line:335 - Bean 'org.mybatis.spring.boot.autoconfigure.MybatisAutoConfiguration' of type [org.mybatis.spring.boot.autoconfigure.MybatisAutoConfiguration$$EnhancerBySpringCGLIB$$f7cfa724] is not eligible for getting processed by all BeanPostProcessors (for example: not eligible for auto-proxying)
===2022-01-05 08:44:54.959 INFO  org.springframework.context.support.PostProcessorRegistrationDelegate$BeanPostProcessorChecker Line:335 - Bean 'sqlSessionTemplate' of type [org.mybatis.spring.SqlSessionTemplate] is not eligible for getting processed by all BeanPostProcessors (for example: not eligible for auto-proxying)
===2022-01-05 08:44:54.975 INFO  org.springframework.context.support.PostProcessorRegistrationDelegate$BeanPostProcessorChecker Line:335 - Bean 'sysMenuMapper' of type [org.mybatis.spring.mapper.MapperFactoryBean] is not eligible for getting processed by all BeanPostProcessors (for example: not eligible for auto-proxying)
===2022-01-05 08:44:54.975 INFO  org.springframework.context.support.PostProcessorRegistrationDelegate$BeanPostProcessorChecker Line:335 - Bean 'sysMenuMapper' of type [com.sun.proxy.$Proxy77] is not eligible for getting processed by all BeanPostProcessors (for example: not eligible for auto-proxying)
===2022-01-05 08:44:54.975 INFO  org.springframework.context.support.PostProcessorRegistrationDelegate$BeanPostProcessorChecker Line:335 - Bean 'sysRoleMenuMapper' of type [org.mybatis.spring.mapper.MapperFactoryBean] is not eligible for getting processed by all BeanPostProcessors (for example: not eligible for auto-proxying)
===2022-01-05 08:44:54.975 INFO  org.springframework.context.support.PostProcessorRegistrationDelegate$BeanPostProcessorChecker Line:335 - Bean 'sysRoleMenuMapper' of type [com.sun.proxy.$Proxy78] is not eligible for getting processed by all BeanPostProcessors (for example: not eligible for auto-proxying)
===2022-01-05 08:44:54.975 INFO  org.springframework.context.support.PostProcessorRegistrationDelegate$BeanPostProcessorChecker Line:335 - Bean 'sysMenuServiceImpl' of type [com.zhwl.ruoyi.system.service.impl.SysMenuServiceImpl] is not eligible for getting processed by all BeanPostProcessors (for example: not eligible for auto-proxying)
===2022-01-05 08:44:54.975 INFO  org.springframework.context.support.PostProcessorRegistrationDelegate$BeanPostProcessorChecker Line:335 - Bean 'sysRoleMapper' of type [org.mybatis.spring.mapper.MapperFactoryBean] is not eligible for getting processed by all BeanPostProcessors (for example: not eligible for auto-proxying)
===2022-01-05 08:44:54.975 INFO  org.springframework.context.support.PostProcessorRegistrationDelegate$BeanPostProcessorChecker Line:335 - Bean 'sysRoleMapper' of type [com.sun.proxy.$Proxy81] is not eligible for getting processed by all BeanPostProcessors (for example: not eligible for auto-proxying)
===2022-01-05 08:44:54.990 INFO  org.springframework.context.support.PostProcessorRegistrationDelegate$BeanPostProcessorChecker Line:335 - Bean 'sysUserRoleMapper' of type [org.mybatis.spring.mapper.MapperFactoryBean] is not eligible for getting processed by all BeanPostProcessors (for example: not eligible for auto-proxying)
===2022-01-05 08:44:54.990 INFO  org.springframework.context.support.PostProcessorRegistrationDelegate$BeanPostProcessorChecker Line:335 - Bean 'sysUserRoleMapper' of type [com.sun.proxy.$Proxy82] is not eligible for getting processed by all BeanPostProcessors (for example: not eligible for auto-proxying)
===2022-01-05 08:44:54.990 INFO  org.springframework.context.support.PostProcessorRegistrationDelegate$BeanPostProcessorChecker Line:335 - Bean 'sysRoleDeptMapper' of type [org.mybatis.spring.mapper.MapperFactoryBean] is not eligible for getting processed by all BeanPostProcessors (for example: not eligible for auto-proxying)
===2022-01-05 08:44:54.990 INFO  org.springframework.context.support.PostProcessorRegistrationDelegate$BeanPostProcessorChecker Line:335 - Bean 'sysRoleDeptMapper' of type [com.sun.proxy.$Proxy83] is not eligible for getting processed by all BeanPostProcessors (for example: not eligible for auto-proxying)
===2022-01-05 08:44:54.990 INFO  org.springframework.context.support.PostProcessorRegistrationDelegate$BeanPostProcessorChecker Line:335 - Bean 'sysRoleServiceImpl' of type [com.zhwl.ruoyi.system.service.impl.SysRoleServiceImpl] is not eligible for getting processed by all BeanPostProcessors (for example: not eligible for auto-proxying)
===2022-01-05 08:44:55.053 INFO  org.apache.shiro.cache.ehcache.EhCacheManager Line:169 - Using existing EHCache named [loginRecordCache]
===2022-01-05 08:44:55.053 INFO  org.springframework.context.support.PostProcessorRegistrationDelegate$BeanPostProcessorChecker Line:335 - Bean 'sysPasswordService' of type [com.zhwl.ruoyi.framework.shiro.service.SysPasswordService] is not eligible for getting processed by all BeanPostProcessors (for example: not eligible for auto-proxying)
===2022-01-05 08:44:55.053 INFO  org.springframework.context.support.PostProcessorRegistrationDelegate$BeanPostProcessorChecker Line:335 - Bean 'sysUserMapper' of type [org.mybatis.spring.mapper.MapperFactoryBean] is not eligible for getting processed by all BeanPostProcessors (for example: not eligible for auto-proxying)
===2022-01-05 08:44:55.053 INFO  org.springframework.context.support.PostProcessorRegistrationDelegate$BeanPostProcessorChecker Line:335 - Bean 'sysUserMapper' of type [com.sun.proxy.$Proxy84] is not eligible for getting processed by all BeanPostProcessors (for example: not eligible for auto-proxying)
===2022-01-05 08:44:55.053 INFO  org.springframework.context.support.PostProcessorRegistrationDelegate$BeanPostProcessorChecker Line:335 - Bean 'sysPostMapper' of type [org.mybatis.spring.mapper.MapperFactoryBean] is not eligible for getting processed by all BeanPostProcessors (for example: not eligible for auto-proxying)
===2022-01-05 08:44:55.053 INFO  org.springframework.context.support.PostProcessorRegistrationDelegate$BeanPostProcessorChecker Line:335 - Bean 'sysPostMapper' of type [com.sun.proxy.$Proxy85] is not eligible for getting processed by all BeanPostProcessors (for example: not eligible for auto-proxying)
===2022-01-05 08:44:55.053 INFO  org.springframework.context.support.PostProcessorRegistrationDelegate$BeanPostProcessorChecker Line:335 - Bean 'sysUserPostMapper' of type [org.mybatis.spring.mapper.MapperFactoryBean] is not eligible for getting processed by all BeanPostProcessors (for example: not eligible for auto-proxying)
===2022-01-05 08:44:55.053 INFO  org.springframework.context.support.PostProcessorRegistrationDelegate$BeanPostProcessorChecker Line:335 - Bean 'sysUserPostMapper' of type [com.sun.proxy.$Proxy86] is not eligible for getting processed by all BeanPostProcessors (for example: not eligible for auto-proxying)
===2022-01-05 08:44:55.069 INFO  org.springframework.context.support.PostProcessorRegistrationDelegate$BeanPostProcessorChecker Line:335 - Bean 'sysConfigMapper' of type [org.mybatis.spring.mapper.MapperFactoryBean] is not eligible for getting processed by all BeanPostProcessors (for example: not eligible for auto-proxying)
===2022-01-05 08:44:55.069 INFO  org.springframework.context.support.PostProcessorRegistrationDelegate$BeanPostProcessorChecker Line:335 - Bean 'sysConfigMapper' of type [com.sun.proxy.$Proxy87] is not eligible for getting processed by all BeanPostProcessors (for example: not eligible for auto-proxying)
===2022-01-05 08:44:55.584 INFO  com.alibaba.druid.pool.DruidDataSource Line:928 - {dataSource-1} inited
===2022-01-05 08:44:55.912 INFO  org.apache.shiro.cache.ehcache.EhCacheManager Line:169 - Using existing EHCache named [sys-config]
===2022-01-05 08:44:55.928 INFO  org.apache.shiro.cache.ehcache.EhCacheManager Line:169 - Using existing EHCache named [sys-config]
===2022-01-05 08:44:55.928 INFO  org.apache.shiro.cache.ehcache.EhCacheManager Line:169 - Using existing EHCache named [sys-config]
===2022-01-05 08:44:55.928 INFO  org.apache.shiro.cache.ehcache.EhCacheManager Line:169 - Using existing EHCache named [sys-config]
===2022-01-05 08:44:55.928 INFO  org.apache.shiro.cache.ehcache.EhCacheManager Line:169 - Using existing EHCache named [sys-config]
===2022-01-05 08:44:55.928 INFO  org.apache.shiro.cache.ehcache.EhCacheManager Line:169 - Using existing EHCache named [sys-config]
===2022-01-05 08:44:55.928 INFO  org.apache.shiro.cache.ehcache.EhCacheManager Line:169 - Using existing EHCache named [sys-config]
===2022-01-05 08:44:55.928 INFO  org.apache.shiro.cache.ehcache.EhCacheManager Line:169 - Using existing EHCache named [sys-config]
===2022-01-05 08:44:55.928 INFO  org.apache.shiro.cache.ehcache.EhCacheManager Line:169 - Using existing EHCache named [sys-config]
===2022-01-05 08:44:55.928 INFO  org.springframework.context.support.PostProcessorRegistrationDelegate$BeanPostProcessorChecker Line:335 - Bean 'sysConfigServiceImpl' of type [com.zhwl.ruoyi.system.service.impl.SysConfigServiceImpl] is not eligible for getting processed by all BeanPostProcessors (for example: not eligible for auto-proxying)
===2022-01-05 08:44:55.943 INFO  org.springframework.context.support.PostProcessorRegistrationDelegate$BeanPostProcessorChecker Line:335 - Bean 'sysUserServiceImpl' of type [com.zhwl.ruoyi.system.service.impl.SysUserServiceImpl] is not eligible for getting processed by all BeanPostProcessors (for example: not eligible for auto-proxying)
===2022-01-05 08:44:55.943 INFO  org.springframework.context.support.PostProcessorRegistrationDelegate$BeanPostProcessorChecker Line:335 - Bean 'sysLoginService' of type [com.zhwl.ruoyi.framework.shiro.service.SysLoginService] is not eligible for getting processed by all BeanPostProcessors (for example: not eligible for auto-proxying)
===2022-01-05 08:44:55.943 INFO  org.springframework.context.support.PostProcessorRegistrationDelegate$BeanPostProcessorChecker Line:335 - Bean 'userRealm' of type [com.zhwl.ruoyi.framework.shiro.realm.UserRealm] is not eligible for getting processed by all BeanPostProcessors (for example: not eligible for auto-proxying)
===2022-01-05 08:44:56.381 INFO  org.springframework.context.support.PostProcessorRegistrationDelegate$BeanPostProcessorChecker Line:335 - Bean 'threadPoolConfig' of type [com.zhwl.ruoyi.common.config.thread.ThreadPoolConfig$$EnhancerBySpringCGLIB$$67966a2c] is not eligible for getting processed by all BeanPostProcessors (for example: not eligible for auto-proxying)
===2022-01-05 08:44:56.412 INFO  org.springframework.context.support.PostProcessorRegistrationDelegate$BeanPostProcessorChecker Line:335 - Bean 'scheduledExecutorService' of type [com.zhwl.ruoyi.common.config.thread.ThreadPoolConfig$1] is not eligible for getting processed by all BeanPostProcessors (for example: not eligible for auto-proxying)
===2022-01-05 08:44:56.428 INFO  org.springframework.context.support.PostProcessorRegistrationDelegate$BeanPostProcessorChecker Line:335 - Bean 'springSessionValidationScheduler' of type [com.zhwl.ruoyi.framework.shiro.web.session.SpringSessionValidationScheduler] is not eligible for getting processed by all BeanPostProcessors (for example: not eligible for auto-proxying)
===2022-01-05 08:44:56.428 INFO  org.springframework.context.support.PostProcessorRegistrationDelegate$BeanPostProcessorChecker Line:335 - Bean 'sysUserOnlineMapper' of type [org.mybatis.spring.mapper.MapperFactoryBean] is not eligible for getting processed by all BeanPostProcessors (for example: not eligible for auto-proxying)
===2022-01-05 08:44:56.443 INFO  org.springframework.context.support.PostProcessorRegistrationDelegate$BeanPostProcessorChecker Line:335 - Bean 'sysUserOnlineMapper' of type [com.sun.proxy.$Proxy89] is not eligible for getting processed by all BeanPostProcessors (for example: not eligible for auto-proxying)
===2022-01-05 08:44:56.443 INFO  org.springframework.context.support.PostProcessorRegistrationDelegate$BeanPostProcessorChecker Line:335 - Bean 'sysUserOnlineServiceImpl' of type [com.zhwl.ruoyi.system.service.impl.SysUserOnlineServiceImpl] is not eligible for getting processed by all BeanPostProcessors (for example: not eligible for auto-proxying)
===2022-01-05 08:44:56.443 INFO  org.springframework.context.support.PostProcessorRegistrationDelegate$BeanPostProcessorChecker Line:335 - Bean 'sysShiroService' of type [com.zhwl.ruoyi.framework.shiro.service.SysShiroService] is not eligible for getting processed by all BeanPostProcessors (for example: not eligible for auto-proxying)
===2022-01-05 08:44:56.443 INFO  org.springframework.context.support.PostProcessorRegistrationDelegate$BeanPostProcessorChecker Line:335 - Bean 'sessionDAO' of type [com.zhwl.ruoyi.framework.shiro.session.OnlineSessionDAO] is not eligible for getting processed by all BeanPostProcessors (for example: not eligible for auto-proxying)
===2022-01-05 08:44:56.443 INFO  org.springframework.context.support.PostProcessorRegistrationDelegate$BeanPostProcessorChecker Line:335 - Bean 'sessionFactory' of type [com.zhwl.ruoyi.framework.shiro.session.OnlineSessionFactory] is not eligible for getting processed by all BeanPostProcessors (for example: not eligible for auto-proxying)
===2022-01-05 08:44:56.459 INFO  org.springframework.context.support.PostProcessorRegistrationDelegate$BeanPostProcessorChecker Line:335 - Bean 'sessionManager' of type [com.zhwl.ruoyi.framework.shiro.web.session.OnlineWebSessionManager] is not eligible for getting processed by all BeanPostProcessors (for example: not eligible for auto-proxying)
===2022-01-05 08:44:56.474 INFO  org.springframework.context.support.PostProcessorRegistrationDelegate$BeanPostProcessorChecker Line:335 - Bean 'securityManager' of type [org.apache.shiro.web.mgt.DefaultWebSecurityManager] is not eligible for getting processed by all BeanPostProcessors (for example: not eligible for auto-proxying)
===2022-01-05 08:44:56.506 INFO  org.springframework.context.support.PostProcessorRegistrationDelegate$BeanPostProcessorChecker Line:335 - Bean 'authorizationAttributeSourceAdvisor' of type [org.apache.shiro.spring.security.interceptor.AuthorizationAttributeSourceAdvisor] is not eligible for getting processed by all BeanPostProcessors (for example: not eligible for auto-proxying)
===2022-01-05 08:44:56.521 INFO  org.apache.shiro.cache.ehcache.EhCacheManager Line:169 - Using existing EHCache named [sys-userCache]
===2022-01-05 08:44:58.255 INFO  org.springframework.boot.web.embedded.tomcat.TomcatWebServer Line:91  - Tomcat initialized with port(s): 7000 (http)
===2022-01-05 08:44:58.302 INFO  org.apache.coyote.http11.Http11NioProtocol Line:173 - Initializing ProtocolHandler ["http-nio-7000"]
===2022-01-05 08:44:58.302 INFO  org.apache.catalina.core.StandardService Line:173 - Starting service [Tomcat]
===2022-01-05 08:44:58.302 INFO  org.apache.catalina.core.StandardEngine Line:173 - Starting Servlet engine: [Apache Tomcat/9.0.41]
===2022-01-05 08:44:58.661 INFO  org.apache.catalina.core.ContainerBase.[Tomcat].[localhost].[/] Line:173 - Initializing Spring embedded WebApplicationContext
===2022-01-05 08:44:58.661 INFO  org.springframework.boot.web.servlet.context.ServletWebServerApplicationContext Line:283 - Root WebApplicationContext: initialization completed in 11919 ms
===2022-01-05 08:44:59.224 INFO  org.apache.shiro.cache.ehcache.EhCacheManager Line:169 - Using existing EHCache named [sys-dict]
===2022-01-05 08:44:59.224 INFO  org.apache.shiro.cache.ehcache.EhCacheManager Line:169 - Using existing EHCache named [sys-dict]
===2022-01-05 08:44:59.224 INFO  org.apache.shiro.cache.ehcache.EhCacheManager Line:169 - Using existing EHCache named [sys-dict]
===2022-01-05 08:44:59.224 INFO  org.apache.shiro.cache.ehcache.EhCacheManager Line:169 - Using existing EHCache named [sys-dict]
===2022-01-05 08:44:59.224 INFO  org.apache.shiro.cache.ehcache.EhCacheManager Line:169 - Using existing EHCache named [sys-dict]
===2022-01-05 08:44:59.224 INFO  org.apache.shiro.cache.ehcache.EhCacheManager Line:169 - Using existing EHCache named [sys-dict]
===2022-01-05 08:44:59.224 INFO  org.apache.shiro.cache.ehcache.EhCacheManager Line:169 - Using existing EHCache named [sys-dict]
===2022-01-05 08:44:59.224 INFO  org.apache.shiro.cache.ehcache.EhCacheManager Line:169 - Using existing EHCache named [sys-dict]
===2022-01-05 08:44:59.239 INFO  org.apache.shiro.cache.ehcache.EhCacheManager Line:169 - Using existing EHCache named [sys-dict]
===2022-01-05 08:44:59.239 INFO  org.apache.shiro.cache.ehcache.EhCacheManager Line:169 - Using existing EHCache named [sys-dict]
===2022-01-05 08:45:00.145 INFO  org.springframework.scheduling.concurrent.ThreadPoolTaskExecutor Line:181 - Initializing ExecutorService 'threadPoolTaskExecutor'
===2022-01-05 08:45:00.958 INFO  org.springframework.boot.autoconfigure.web.servlet.WelcomePageHandlerMapping Line:58  - Adding welcome page template: index
===2022-01-05 08:45:01.708 INFO  org.apache.coyote.http11.Http11NioProtocol Line:173 - Starting ProtocolHandler ["http-nio-7000"]
===2022-01-05 08:45:01.754 INFO  org.springframework.boot.web.embedded.tomcat.TomcatWebServer Line:203 - Tomcat started on port(s): 7000 (http) with context path ''
===2022-01-05 08:45:01.754 INFO  com.zhwl.AdminApplication Line:61  - Started AdminApplication in 16.937 seconds (JVM running for 21.097)
===2022-01-05 08:46:58.868 INFO  org.apache.catalina.core.ContainerBase.[Tomcat].[localhost].[/] Line:173 - Initializing Spring DispatcherServlet 'dispatcherServlet'
===2022-01-05 08:46:58.868 INFO  org.springframework.web.servlet.DispatcherServlet Line:525 - Initializing Servlet 'dispatcherServlet'
===2022-01-05 08:46:58.881 INFO  org.springframework.web.servlet.DispatcherServlet Line:547 - Completed initialization in 13 ms
===2022-01-05 08:46:58.942 INFO  org.apache.shiro.session.mgt.AbstractValidatingSessionManager Line:233 - Enabling session validation scheduler...
===2022-01-05 08:46:59.046 INFO  org.apache.shiro.cache.ehcache.EhCacheManager Line:169 - Using existing EHCache named [shiro-activeSessionCache]
===2022-01-05 08:46:59.951 INFO  com.zhwl.ruoyi.framework.shiro.web.session.OnlineWebSessionManager Line:101 - invalidation sessions...
===2022-01-05 08:47:00.005 INFO  org.apache.shiro.cache.ehcache.EhCacheManager Line:169 - Using existing EHCache named [sys-userCache]
===2022-01-05 08:47:00.047 INFO  org.apache.shiro.cache.ehcache.EhCacheManager Line:169 - Using existing EHCache named [sys-config]
===2022-01-05 08:47:00.102 INFO  com.zhwl.ruoyi.framework.shiro.web.session.OnlineWebSessionManager Line:166 - Finished invalidation session. [1] sessions were stopped.
===2022-01-05 08:47:16.242 INFO  sys-user Line:106 - [127.0.0.1]内网IP[admin][Success][登录成功]
===2022-01-05 08:47:16.638 INFO  org.apache.shiro.cache.ehcache.EhCacheManager Line:169 - Using existing EHCache named [sys-config]
===2022-01-05 08:47:16.639 INFO  org.apache.shiro.cache.ehcache.EhCacheManager Line:169 - Using existing EHCache named [sys-config]
===2022-01-05 08:47:16.639 INFO  org.apache.shiro.cache.ehcache.EhCacheManager Line:169 - Using existing EHCache named [sys-config]
===2022-01-05 08:47:16.639 INFO  org.apache.shiro.cache.ehcache.EhCacheManager Line:169 - Using existing EHCache named [sys-config]
===2022-01-05 08:47:16.640 INFO  org.apache.shiro.cache.ehcache.EhCacheManager Line:169 - Using existing EHCache named [sys-config]
===2022-01-05 08:47:16.640 INFO  org.apache.shiro.cache.ehcache.EhCacheManager Line:169 - Using existing EHCache named [sys-config]
===2022-01-05 08:56:59.946 INFO  com.zhwl.ruoyi.framework.shiro.web.session.OnlineWebSessionManager Line:101 - invalidation sessions...
===2022-01-05 08:56:59.952 INFO  com.zhwl.ruoyi.framework.shiro.web.session.OnlineWebSessionManager Line:166 - Finished invalidation session. No sessions were stopped.
===2022-01-05 09:06:59.946 INFO  com.zhwl.ruoyi.framework.shiro.web.session.OnlineWebSessionManager Line:101 - invalidation sessions...
===2022-01-05 09:06:59.963 INFO  com.zhwl.ruoyi.framework.shiro.web.session.OnlineWebSessionManager Line:166 - Finished invalidation session. No sessions were stopped.
===2022-01-05 09:16:59.953 INFO  com.zhwl.ruoyi.framework.shiro.web.session.OnlineWebSessionManager Line:101 - invalidation sessions...
===2022-01-05 09:16:59.964 INFO  com.zhwl.ruoyi.framework.shiro.web.session.OnlineWebSessionManager Line:166 - Finished invalidation session. No sessions were stopped.
===2022-01-05 09:26:59.955 INFO  com.zhwl.ruoyi.framework.shiro.web.session.OnlineWebSessionManager Line:101 - invalidation sessions...
===2022-01-05 09:26:59.973 INFO  org.apache.shiro.cache.ehcache.EhCacheManager Line:169 - Using existing EHCache named [sys-userCache]
===2022-01-05 09:27:00.039 INFO  com.zhwl.ruoyi.framework.shiro.web.session.OnlineWebSessionManager Line:166 - Finished invalidation session. [1] sessions were stopped.
===2022-01-05 09:36:59.959 INFO  com.zhwl.ruoyi.framework.shiro.web.session.OnlineWebSessionManager Line:101 - invalidation sessions...
===2022-01-05 09:36:59.970 INFO  com.zhwl.ruoyi.framework.shiro.web.session.OnlineWebSessionManager Line:166 - Finished invalidation session. No sessions were stopped.
===2022-01-05 09:46:59.956 INFO  com.zhwl.ruoyi.framework.shiro.web.session.OnlineWebSessionManager Line:101 - invalidation sessions...
===2022-01-05 09:46:59.976 INFO  com.zhwl.ruoyi.framework.shiro.web.session.OnlineWebSessionManager Line:166 - Finished invalidation session. No sessions were stopped.
===2022-01-05 09:56:59.947 INFO  com.zhwl.ruoyi.framework.shiro.web.session.OnlineWebSessionManager Line:101 - invalidation sessions...
===2022-01-05 09:56:59.972 INFO  com.zhwl.ruoyi.framework.shiro.web.session.OnlineWebSessionManager Line:166 - Finished invalidation session. No sessions were stopped.
===2022-01-05 10:06:59.953 INFO  com.zhwl.ruoyi.framework.shiro.web.session.OnlineWebSessionManager Line:101 - invalidation sessions...
===2022-01-05 10:06:59.967 INFO  com.zhwl.ruoyi.framework.shiro.web.session.OnlineWebSessionManager Line:166 - Finished invalidation session. No sessions were stopped.
===2022-01-05 10:16:59.951 INFO  com.zhwl.ruoyi.framework.shiro.web.session.OnlineWebSessionManager Line:101 - invalidation sessions...
===2022-01-05 10:16:59.991 INFO  com.zhwl.ruoyi.framework.shiro.web.session.OnlineWebSessionManager Line:166 - Finished invalidation session. No sessions were stopped.
===2022-01-05 10:26:59.950 INFO  com.zhwl.ruoyi.framework.shiro.web.session.OnlineWebSessionManager Line:101 - invalidation sessions...
===2022-01-05 10:26:59.959 INFO  com.zhwl.ruoyi.framework.shiro.web.session.OnlineWebSessionManager Line:166 - Finished invalidation session. No sessions were stopped.
===2022-01-05 10:36:59.952 INFO  com.zhwl.ruoyi.framework.shiro.web.session.OnlineWebSessionManager Line:101 - invalidation sessions...
===2022-01-05 10:36:59.966 INFO  com.zhwl.ruoyi.framework.shiro.web.session.OnlineWebSessionManager Line:166 - Finished invalidation session. No sessions were stopped.
===2022-01-05 10:46:59.947 INFO  com.zhwl.ruoyi.framework.shiro.web.session.OnlineWebSessionManager Line:101 - invalidation sessions...
===2022-01-05 10:46:59.961 INFO  com.zhwl.ruoyi.framework.shiro.web.session.OnlineWebSessionManager Line:166 - Finished invalidation session. No sessions were stopped.
===2022-01-05 10:56:59.951 INFO  com.zhwl.ruoyi.framework.shiro.web.session.OnlineWebSessionManager Line:101 - invalidation sessions...
===2022-01-05 10:56:59.975 INFO  com.zhwl.ruoyi.framework.shiro.web.session.OnlineWebSessionManager Line:166 - Finished invalidation session. No sessions were stopped.
===2022-01-05 11:06:59.946 INFO  com.zhwl.ruoyi.framework.shiro.web.session.OnlineWebSessionManager Line:101 - invalidation sessions...
===2022-01-05 11:06:59.969 INFO  com.zhwl.ruoyi.framework.shiro.web.session.OnlineWebSessionManager Line:166 - Finished invalidation session. No sessions were stopped.
===2022-01-05 11:16:59.966 INFO  com.zhwl.ruoyi.framework.shiro.web.session.OnlineWebSessionManager Line:101 - invalidation sessions...
===2022-01-05 11:16:59.978 INFO  com.zhwl.ruoyi.framework.shiro.web.session.OnlineWebSessionManager Line:166 - Finished invalidation session. No sessions were stopped.
===2022-01-05 13:52:18.817 INFO  org.hibernate.validator.internal.util.Version Line:21  - HV000001: Hibernate Validator 6.0.21.Final
===2022-01-05 13:52:18.861 INFO  com.zhwl.AdminApplication Line:55  - Starting AdminApplication on WIN-2SRCFRT6LKJ with PID 12924 (D:\project\studyPro\demo-parent\demo-portal\demo-portal-admin\target\classes started by Administrator in D:\project\studyPro\demo-parent)
===2022-01-05 13:52:18.862 INFO  com.zhwl.AdminApplication Line:655 - The following profiles are active: druid
===2022-01-05 13:52:22.816 INFO  org.springframework.data.repository.config.RepositoryConfigurationDelegate Line:249 - Multiple Spring Data modules found, entering strict repository configuration mode!
===2022-01-05 13:52:22.819 INFO  org.springframework.data.repository.config.RepositoryConfigurationDelegate Line:127 - Bootstrapping Spring Data Redis repositories in DEFAULT mode.
===2022-01-05 13:52:22.935 INFO  org.springframework.data.repository.config.RepositoryConfigurationDelegate Line:187 - Finished Spring Data repository scanning in 96ms. Found 0 Redis repository interfaces.
===2022-01-05 13:52:23.490 INFO  org.springframework.context.support.PostProcessorRegistrationDelegate$BeanPostProcessorChecker Line:335 - Bean 'shiroConfig' of type [com.zhwl.ruoyi.framework.config.ShiroConfig$$EnhancerBySpringCGLIB$$8e81c8e3] is not eligible for getting processed by all BeanPostProcessors (for example: not eligible for auto-proxying)
===2022-01-05 13:52:23.607 INFO  org.springframework.context.support.PostProcessorRegistrationDelegate$BeanPostProcessorChecker Line:335 - Bean 'getEhCacheManager' of type [org.apache.shiro.cache.ehcache.EhCacheManager] is not eligible for getting processed by all BeanPostProcessors (for example: not eligible for auto-proxying)
===2022-01-05 13:52:23.612 INFO  org.apache.shiro.cache.ehcache.EhCacheManager Line:169 - Using existing EHCache named [sys-authCache]
===2022-01-05 13:52:23.627 INFO  org.springframework.context.support.PostProcessorRegistrationDelegate$BeanPostProcessorChecker Line:335 - Bean 'myBatisConfig' of type [com.zhwl.ruoyi.framework.config.MyBatisConfig$$EnhancerBySpringCGLIB$$3964065] is not eligible for getting processed by all BeanPostProcessors (for example: not eligible for auto-proxying)
===2022-01-05 13:52:23.632 INFO  org.springframework.context.support.PostProcessorRegistrationDelegate$BeanPostProcessorChecker Line:335 - Bean 'druidConfig' of type [com.zhwl.ruoyi.framework.config.DruidConfig$$EnhancerBySpringCGLIB$$e3282c54] is not eligible for getting processed by all BeanPostProcessors (for example: not eligible for auto-proxying)
===2022-01-05 13:52:23.639 INFO  org.springframework.context.support.PostProcessorRegistrationDelegate$BeanPostProcessorChecker Line:335 - Bean 'druidProperties' of type [com.zhwl.ruoyi.framework.config.properties.DruidProperties$$EnhancerBySpringCGLIB$$722e1162] is not eligible for getting processed by all BeanPostProcessors (for example: not eligible for auto-proxying)
===2022-01-05 13:52:23.725 INFO  org.springframework.context.support.PostProcessorRegistrationDelegate$BeanPostProcessorChecker Line:335 - Bean 'spring.datasource-org.springframework.boot.autoconfigure.jdbc.DataSourceProperties' of type [org.springframework.boot.autoconfigure.jdbc.DataSourceProperties] is not eligible for getting processed by all BeanPostProcessors (for example: not eligible for auto-proxying)
===2022-01-05 13:52:23.738 INFO  org.springframework.context.support.PostProcessorRegistrationDelegate$BeanPostProcessorChecker Line:335 - Bean 'com.alibaba.druid.spring.boot.autoconfigure.stat.DruidFilterConfiguration' of type [com.alibaba.druid.spring.boot.autoconfigure.stat.DruidFilterConfiguration] is not eligible for getting processed by all BeanPostProcessors (for example: not eligible for auto-proxying)
===2022-01-05 13:52:23.762 INFO  org.springframework.context.support.PostProcessorRegistrationDelegate$BeanPostProcessorChecker Line:335 - Bean 'statFilter' of type [com.alibaba.druid.filter.stat.StatFilter] is not eligible for getting processed by all BeanPostProcessors (for example: not eligible for auto-proxying)
===2022-01-05 13:52:23.826 INFO  org.springframework.context.support.PostProcessorRegistrationDelegate$BeanPostProcessorChecker Line:335 - Bean 'masterDataSource' of type [com.alibaba.druid.spring.boot.autoconfigure.DruidDataSourceWrapper] is not eligible for getting processed by all BeanPostProcessors (for example: not eligible for auto-proxying)
===2022-01-05 13:52:23.856 INFO  org.springframework.context.support.PostProcessorRegistrationDelegate$BeanPostProcessorChecker Line:335 - Bean 'dynamicDataSource' of type [com.zhwl.ruoyi.framework.datasource.DynamicDataSource] is not eligible for getting processed by all BeanPostProcessors (for example: not eligible for auto-proxying)
===2022-01-05 13:52:24.486 INFO  org.springframework.context.support.PostProcessorRegistrationDelegate$BeanPostProcessorChecker Line:335 - Bean 'sqlSessionFactory' of type [org.apache.ibatis.session.defaults.DefaultSqlSessionFactory] is not eligible for getting processed by all BeanPostProcessors (for example: not eligible for auto-proxying)
===2022-01-05 13:52:24.492 INFO  org.springframework.context.support.PostProcessorRegistrationDelegate$BeanPostProcessorChecker Line:335 - Bean 'mybatis-org.mybatis.spring.boot.autoconfigure.MybatisProperties' of type [org.mybatis.spring.boot.autoconfigure.MybatisProperties] is not eligible for getting processed by all BeanPostProcessors (for example: not eligible for auto-proxying)
===2022-01-05 13:52:24.499 INFO  org.springframework.context.support.PostProcessorRegistrationDelegate$BeanPostProcessorChecker Line:335 - Bean 'org.mybatis.spring.boot.autoconfigure.MybatisAutoConfiguration' of type [org.mybatis.spring.boot.autoconfigure.MybatisAutoConfiguration$$EnhancerBySpringCGLIB$$e3441527] is not eligible for getting processed by all BeanPostProcessors (for example: not eligible for auto-proxying)
===2022-01-05 13:52:24.528 INFO  org.springframework.context.support.PostProcessorRegistrationDelegate$BeanPostProcessorChecker Line:335 - Bean 'sqlSessionTemplate' of type [org.mybatis.spring.SqlSessionTemplate] is not eligible for getting processed by all BeanPostProcessors (for example: not eligible for auto-proxying)
===2022-01-05 13:52:24.532 INFO  org.springframework.context.support.PostProcessorRegistrationDelegate$BeanPostProcessorChecker Line:335 - Bean 'sysMenuMapper' of type [org.mybatis.spring.mapper.MapperFactoryBean] is not eligible for getting processed by all BeanPostProcessors (for example: not eligible for auto-proxying)
===2022-01-05 13:52:24.536 INFO  org.springframework.context.support.PostProcessorRegistrationDelegate$BeanPostProcessorChecker Line:335 - Bean 'sysMenuMapper' of type [com.sun.proxy.$Proxy77] is not eligible for getting processed by all BeanPostProcessors (for example: not eligible for auto-proxying)
===2022-01-05 13:52:24.540 INFO  org.springframework.context.support.PostProcessorRegistrationDelegate$BeanPostProcessorChecker Line:335 - Bean 'sysRoleMenuMapper' of type [org.mybatis.spring.mapper.MapperFactoryBean] is not eligible for getting processed by all BeanPostProcessors (for example: not eligible for auto-proxying)
===2022-01-05 13:52:24.541 INFO  org.springframework.context.support.PostProcessorRegistrationDelegate$BeanPostProcessorChecker Line:335 - Bean 'sysRoleMenuMapper' of type [com.sun.proxy.$Proxy78] is not eligible for getting processed by all BeanPostProcessors (for example: not eligible for auto-proxying)
===2022-01-05 13:52:24.543 INFO  org.springframework.context.support.PostProcessorRegistrationDelegate$BeanPostProcessorChecker Line:335 - Bean 'sysMenuServiceImpl' of type [com.zhwl.ruoyi.system.service.impl.SysMenuServiceImpl] is not eligible for getting processed by all BeanPostProcessors (for example: not eligible for auto-proxying)
===2022-01-05 13:52:24.549 INFO  org.springframework.context.support.PostProcessorRegistrationDelegate$BeanPostProcessorChecker Line:335 - Bean 'sysRoleMapper' of type [org.mybatis.spring.mapper.MapperFactoryBean] is not eligible for getting processed by all BeanPostProcessors (for example: not eligible for auto-proxying)
===2022-01-05 13:52:24.550 INFO  org.springframework.context.support.PostProcessorRegistrationDelegate$BeanPostProcessorChecker Line:335 - Bean 'sysRoleMapper' of type [com.sun.proxy.$Proxy81] is not eligible for getting processed by all BeanPostProcessors (for example: not eligible for auto-proxying)
===2022-01-05 13:52:24.553 INFO  org.springframework.context.support.PostProcessorRegistrationDelegate$BeanPostProcessorChecker Line:335 - Bean 'sysUserRoleMapper' of type [org.mybatis.spring.mapper.MapperFactoryBean] is not eligible for getting processed by all BeanPostProcessors (for example: not eligible for auto-proxying)
===2022-01-05 13:52:24.554 INFO  org.springframework.context.support.PostProcessorRegistrationDelegate$BeanPostProcessorChecker Line:335 - Bean 'sysUserRoleMapper' of type [com.sun.proxy.$Proxy82] is not eligible for getting processed by all BeanPostProcessors (for example: not eligible for auto-proxying)
===2022-01-05 13:52:24.557 INFO  org.springframework.context.support.PostProcessorRegistrationDelegate$BeanPostProcessorChecker Line:335 - Bean 'sysRoleDeptMapper' of type [org.mybatis.spring.mapper.MapperFactoryBean] is not eligible for getting processed by all BeanPostProcessors (for example: not eligible for auto-proxying)
===2022-01-05 13:52:24.558 INFO  org.springframework.context.support.PostProcessorRegistrationDelegate$BeanPostProcessorChecker Line:335 - Bean 'sysRoleDeptMapper' of type [com.sun.proxy.$Proxy83] is not eligible for getting processed by all BeanPostProcessors (for example: not eligible for auto-proxying)
===2022-01-05 13:52:24.560 INFO  org.springframework.context.support.PostProcessorRegistrationDelegate$BeanPostProcessorChecker Line:335 - Bean 'sysRoleServiceImpl' of type [com.zhwl.ruoyi.system.service.impl.SysRoleServiceImpl] is not eligible for getting processed by all BeanPostProcessors (for example: not eligible for auto-proxying)
===2022-01-05 13:52:24.608 INFO  org.apache.shiro.cache.ehcache.EhCacheManager Line:169 - Using existing EHCache named [loginRecordCache]
===2022-01-05 13:52:24.609 INFO  org.springframework.context.support.PostProcessorRegistrationDelegate$BeanPostProcessorChecker Line:335 - Bean 'sysPasswordService' of type [com.zhwl.ruoyi.framework.shiro.service.SysPasswordService] is not eligible for getting processed by all BeanPostProcessors (for example: not eligible for auto-proxying)
===2022-01-05 13:52:24.612 INFO  org.springframework.context.support.PostProcessorRegistrationDelegate$BeanPostProcessorChecker Line:335 - Bean 'sysUserMapper' of type [org.mybatis.spring.mapper.MapperFactoryBean] is not eligible for getting processed by all BeanPostProcessors (for example: not eligible for auto-proxying)
===2022-01-05 13:52:24.613 INFO  org.springframework.context.support.PostProcessorRegistrationDelegate$BeanPostProcessorChecker Line:335 - Bean 'sysUserMapper' of type [com.sun.proxy.$Proxy84] is not eligible for getting processed by all BeanPostProcessors (for example: not eligible for auto-proxying)
===2022-01-05 13:52:24.617 INFO  org.springframework.context.support.PostProcessorRegistrationDelegate$BeanPostProcessorChecker Line:335 - Bean 'sysPostMapper' of type [org.mybatis.spring.mapper.MapperFactoryBean] is not eligible for getting processed by all BeanPostProcessors (for example: not eligible for auto-proxying)
===2022-01-05 13:52:24.618 INFO  org.springframework.context.support.PostProcessorRegistrationDelegate$BeanPostProcessorChecker Line:335 - Bean 'sysPostMapper' of type [com.sun.proxy.$Proxy85] is not eligible for getting processed by all BeanPostProcessors (for example: not eligible for auto-proxying)
===2022-01-05 13:52:24.621 INFO  org.springframework.context.support.PostProcessorRegistrationDelegate$BeanPostProcessorChecker Line:335 - Bean 'sysUserPostMapper' of type [org.mybatis.spring.mapper.MapperFactoryBean] is not eligible for getting processed by all BeanPostProcessors (for example: not eligible for auto-proxying)
===2022-01-05 13:52:24.622 INFO  org.springframework.context.support.PostProcessorRegistrationDelegate$BeanPostProcessorChecker Line:335 - Bean 'sysUserPostMapper' of type [com.sun.proxy.$Proxy86] is not eligible for getting processed by all BeanPostProcessors (for example: not eligible for auto-proxying)
===2022-01-05 13:52:24.626 INFO  org.springframework.context.support.PostProcessorRegistrationDelegate$BeanPostProcessorChecker Line:335 - Bean 'sysConfigMapper' of type [org.mybatis.spring.mapper.MapperFactoryBean] is not eligible for getting processed by all BeanPostProcessors (for example: not eligible for auto-proxying)
===2022-01-05 13:52:24.627 INFO  org.springframework.context.support.PostProcessorRegistrationDelegate$BeanPostProcessorChecker Line:335 - Bean 'sysConfigMapper' of type [com.sun.proxy.$Proxy87] is not eligible for getting processed by all BeanPostProcessors (for example: not eligible for auto-proxying)
===2022-01-05 13:52:24.785 INFO  com.alibaba.druid.pool.DruidDataSource Line:928 - {dataSource-1} inited
===2022-01-05 13:52:24.849 INFO  org.apache.shiro.cache.ehcache.EhCacheManager Line:169 - Using existing EHCache named [sys-config]
===2022-01-05 13:52:24.861 INFO  org.apache.shiro.cache.ehcache.EhCacheManager Line:169 - Using existing EHCache named [sys-config]
===2022-01-05 13:52:24.861 INFO  org.apache.shiro.cache.ehcache.EhCacheManager Line:169 - Using existing EHCache named [sys-config]
===2022-01-05 13:52:24.863 INFO  org.apache.shiro.cache.ehcache.EhCacheManager Line:169 - Using existing EHCache named [sys-config]
===2022-01-05 13:52:24.863 INFO  org.apache.shiro.cache.ehcache.EhCacheManager Line:169 - Using existing EHCache named [sys-config]
===2022-01-05 13:52:24.864 INFO  org.apache.shiro.cache.ehcache.EhCacheManager Line:169 - Using existing EHCache named [sys-config]
===2022-01-05 13:52:24.864 INFO  org.apache.shiro.cache.ehcache.EhCacheManager Line:169 - Using existing EHCache named [sys-config]
===2022-01-05 13:52:24.864 INFO  org.apache.shiro.cache.ehcache.EhCacheManager Line:169 - Using existing EHCache named [sys-config]
===2022-01-05 13:52:24.865 INFO  org.apache.shiro.cache.ehcache.EhCacheManager Line:169 - Using existing EHCache named [sys-config]
===2022-01-05 13:52:24.865 INFO  org.springframework.context.support.PostProcessorRegistrationDelegate$BeanPostProcessorChecker Line:335 - Bean 'sysConfigServiceImpl' of type [com.zhwl.ruoyi.system.service.impl.SysConfigServiceImpl] is not eligible for getting processed by all BeanPostProcessors (for example: not eligible for auto-proxying)
===2022-01-05 13:52:24.867 INFO  org.springframework.context.support.PostProcessorRegistrationDelegate$BeanPostProcessorChecker Line:335 - Bean 'sysUserServiceImpl' of type [com.zhwl.ruoyi.system.service.impl.SysUserServiceImpl] is not eligible for getting processed by all BeanPostProcessors (for example: not eligible for auto-proxying)
===2022-01-05 13:52:24.875 INFO  org.springframework.context.support.PostProcessorRegistrationDelegate$BeanPostProcessorChecker Line:335 - Bean 'sysLoginService' of type [com.zhwl.ruoyi.framework.shiro.service.SysLoginService] is not eligible for getting processed by all BeanPostProcessors (for example: not eligible for auto-proxying)
===2022-01-05 13:52:24.876 INFO  org.springframework.context.support.PostProcessorRegistrationDelegate$BeanPostProcessorChecker Line:335 - Bean 'userRealm' of type [com.zhwl.ruoyi.framework.shiro.realm.UserRealm] is not eligible for getting processed by all BeanPostProcessors (for example: not eligible for auto-proxying)
===2022-01-05 13:52:25.019 INFO  org.springframework.context.support.PostProcessorRegistrationDelegate$BeanPostProcessorChecker Line:335 - Bean 'threadPoolConfig' of type [com.zhwl.ruoyi.common.config.thread.ThreadPoolConfig$$EnhancerBySpringCGLIB$$530ad82f] is not eligible for getting processed by all BeanPostProcessors (for example: not eligible for auto-proxying)
===2022-01-05 13:52:25.043 INFO  org.springframework.context.support.PostProcessorRegistrationDelegate$BeanPostProcessorChecker Line:335 - Bean 'scheduledExecutorService' of type [com.zhwl.ruoyi.common.config.thread.ThreadPoolConfig$1] is not eligible for getting processed by all BeanPostProcessors (for example: not eligible for auto-proxying)
===2022-01-05 13:52:25.052 INFO  org.springframework.context.support.PostProcessorRegistrationDelegate$BeanPostProcessorChecker Line:335 - Bean 'springSessionValidationScheduler' of type [com.zhwl.ruoyi.framework.shiro.web.session.SpringSessionValidationScheduler] is not eligible for getting processed by all BeanPostProcessors (for example: not eligible for auto-proxying)
===2022-01-05 13:52:25.059 INFO  org.springframework.context.support.PostProcessorRegistrationDelegate$BeanPostProcessorChecker Line:335 - Bean 'sysUserOnlineMapper' of type [org.mybatis.spring.mapper.MapperFactoryBean] is not eligible for getting processed by all BeanPostProcessors (for example: not eligible for auto-proxying)
===2022-01-05 13:52:25.061 INFO  org.springframework.context.support.PostProcessorRegistrationDelegate$BeanPostProcessorChecker Line:335 - Bean 'sysUserOnlineMapper' of type [com.sun.proxy.$Proxy89] is not eligible for getting processed by all BeanPostProcessors (for example: not eligible for auto-proxying)
===2022-01-05 13:52:25.063 INFO  org.springframework.context.support.PostProcessorRegistrationDelegate$BeanPostProcessorChecker Line:335 - Bean 'sysUserOnlineServiceImpl' of type [com.zhwl.ruoyi.system.service.impl.SysUserOnlineServiceImpl] is not eligible for getting processed by all BeanPostProcessors (for example: not eligible for auto-proxying)
===2022-01-05 13:52:25.064 INFO  org.springframework.context.support.PostProcessorRegistrationDelegate$BeanPostProcessorChecker Line:335 - Bean 'sysShiroService' of type [com.zhwl.ruoyi.framework.shiro.service.SysShiroService] is not eligible for getting processed by all BeanPostProcessors (for example: not eligible for auto-proxying)
===2022-01-05 13:52:25.065 INFO  org.springframework.context.support.PostProcessorRegistrationDelegate$BeanPostProcessorChecker Line:335 - Bean 'sessionDAO' of type [com.zhwl.ruoyi.framework.shiro.session.OnlineSessionDAO] is not eligible for getting processed by all BeanPostProcessors (for example: not eligible for auto-proxying)
===2022-01-05 13:52:25.069 INFO  org.springframework.context.support.PostProcessorRegistrationDelegate$BeanPostProcessorChecker Line:335 - Bean 'sessionFactory' of type [com.zhwl.ruoyi.framework.shiro.session.OnlineSessionFactory] is not eligible for getting processed by all BeanPostProcessors (for example: not eligible for auto-proxying)
===2022-01-05 13:52:25.072 INFO  org.springframework.context.support.PostProcessorRegistrationDelegate$BeanPostProcessorChecker Line:335 - Bean 'sessionManager' of type [com.zhwl.ruoyi.framework.shiro.web.session.OnlineWebSessionManager] is not eligible for getting processed by all BeanPostProcessors (for example: not eligible for auto-proxying)
===2022-01-05 13:52:25.082 INFO  org.springframework.context.support.PostProcessorRegistrationDelegate$BeanPostProcessorChecker Line:335 - Bean 'securityManager' of type [org.apache.shiro.web.mgt.DefaultWebSecurityManager] is not eligible for getting processed by all BeanPostProcessors (for example: not eligible for auto-proxying)
===2022-01-05 13:52:25.094 INFO  org.springframework.context.support.PostProcessorRegistrationDelegate$BeanPostProcessorChecker Line:335 - Bean 'authorizationAttributeSourceAdvisor' of type [org.apache.shiro.spring.security.interceptor.AuthorizationAttributeSourceAdvisor] is not eligible for getting processed by all BeanPostProcessors (for example: not eligible for auto-proxying)
===2022-01-05 13:52:25.101 INFO  org.apache.shiro.cache.ehcache.EhCacheManager Line:169 - Using existing EHCache named [sys-userCache]
===2022-01-05 13:52:25.675 INFO  org.springframework.boot.web.embedded.tomcat.TomcatWebServer Line:91  - Tomcat initialized with port(s): 7000 (http)
===2022-01-05 13:52:25.687 INFO  org.apache.coyote.http11.Http11NioProtocol Line:173 - Initializing ProtocolHandler ["http-nio-7000"]
===2022-01-05 13:52:25.687 INFO  org.apache.catalina.core.StandardService Line:173 - Starting service [Tomcat]
===2022-01-05 13:52:25.688 INFO  org.apache.catalina.core.StandardEngine Line:173 - Starting Servlet engine: [Apache Tomcat/9.0.41]
===2022-01-05 13:52:25.926 INFO  org.apache.catalina.core.ContainerBase.[Tomcat].[localhost].[/] Line:173 - Initializing Spring embedded WebApplicationContext
===2022-01-05 13:52:25.926 INFO  org.springframework.boot.web.servlet.context.ServletWebServerApplicationContext Line:283 - Root WebApplicationContext: initialization completed in 6936 ms
===2022-01-05 13:52:26.258 INFO  org.apache.shiro.cache.ehcache.EhCacheManager Line:169 - Using existing EHCache named [sys-dict]
===2022-01-05 13:52:26.261 INFO  org.apache.shiro.cache.ehcache.EhCacheManager Line:169 - Using existing EHCache named [sys-dict]
===2022-01-05 13:52:26.263 INFO  org.apache.shiro.cache.ehcache.EhCacheManager Line:169 - Using existing EHCache named [sys-dict]
===2022-01-05 13:52:26.264 INFO  org.apache.shiro.cache.ehcache.EhCacheManager Line:169 - Using existing EHCache named [sys-dict]
===2022-01-05 13:52:26.279 INFO  org.apache.shiro.cache.ehcache.EhCacheManager Line:169 - Using existing EHCache named [sys-dict]
===2022-01-05 13:52:26.281 INFO  org.apache.shiro.cache.ehcache.EhCacheManager Line:169 - Using existing EHCache named [sys-dict]
===2022-01-05 13:52:26.283 INFO  org.apache.shiro.cache.ehcache.EhCacheManager Line:169 - Using existing EHCache named [sys-dict]
===2022-01-05 13:52:26.286 INFO  org.apache.shiro.cache.ehcache.EhCacheManager Line:169 - Using existing EHCache named [sys-dict]
===2022-01-05 13:52:26.288 INFO  org.apache.shiro.cache.ehcache.EhCacheManager Line:169 - Using existing EHCache named [sys-dict]
===2022-01-05 13:52:26.290 INFO  org.apache.shiro.cache.ehcache.EhCacheManager Line:169 - Using existing EHCache named [sys-dict]
===2022-01-05 13:52:26.748 INFO  org.springframework.scheduling.concurrent.ThreadPoolTaskExecutor Line:181 - Initializing ExecutorService 'threadPoolTaskExecutor'
===2022-01-05 13:52:27.315 INFO  org.springframework.boot.autoconfigure.web.servlet.WelcomePageHandlerMapping Line:58  - Adding welcome page template: index
===2022-01-05 13:52:27.964 INFO  org.apache.coyote.http11.Http11NioProtocol Line:173 - Starting ProtocolHandler ["http-nio-7000"]
===2022-01-05 13:52:28.014 INFO  org.springframework.boot.web.embedded.tomcat.TomcatWebServer Line:203 - Tomcat started on port(s): 7000 (http) with context path ''
===2022-01-05 13:52:28.017 INFO  com.zhwl.AdminApplication Line:61  - Started AdminApplication in 10.19 seconds (JVM running for 12.348)
===2022-01-05 13:53:25.548 INFO  org.apache.catalina.core.ContainerBase.[Tomcat].[localhost].[/] Line:173 - Initializing Spring DispatcherServlet 'dispatcherServlet'
===2022-01-05 13:53:25.548 INFO  org.springframework.web.servlet.DispatcherServlet Line:525 - Initializing Servlet 'dispatcherServlet'
===2022-01-05 13:53:25.566 INFO  org.springframework.web.servlet.DispatcherServlet Line:547 - Completed initialization in 18 ms
===2022-01-05 13:53:25.623 INFO  org.apache.shiro.session.mgt.AbstractValidatingSessionManager Line:233 - Enabling session validation scheduler...
===2022-01-05 13:53:25.645 INFO  org.apache.shiro.cache.ehcache.EhCacheManager Line:169 - Using existing EHCache named [shiro-activeSessionCache]
===2022-01-05 13:53:26.382 INFO  org.apache.shiro.cache.ehcache.EhCacheManager Line:169 - Using existing EHCache named [sys-config]
===2022-01-05 13:53:26.631 INFO  com.zhwl.ruoyi.framework.shiro.web.session.OnlineWebSessionManager Line:101 - invalidation sessions...
===2022-01-05 13:53:26.637 INFO  com.zhwl.ruoyi.framework.shiro.web.session.OnlineWebSessionManager Line:166 - Finished invalidation session. No sessions were stopped.
===2022-01-05 13:53:28.072 INFO  org.apache.shiro.cache.ehcache.EhCacheManager Line:169 - Using existing EHCache named [sys-config]
===2022-01-05 13:53:43.969 INFO  sys-user Line:106 - [127.0.0.1]内网IP[admin][Error][验证码错误]
===2022-01-05 13:53:47.822 INFO  sys-user Line:106 - [127.0.0.1]内网IP[admin][Success][登录成功]
===2022-01-05 13:53:48.031 INFO  org.apache.shiro.cache.ehcache.EhCacheManager Line:169 - Using existing EHCache named [sys-config]
===2022-01-05 13:53:48.032 INFO  org.apache.shiro.cache.ehcache.EhCacheManager Line:169 - Using existing EHCache named [sys-config]
===2022-01-05 13:53:48.032 INFO  org.apache.shiro.cache.ehcache.EhCacheManager Line:169 - Using existing EHCache named [sys-config]
===2022-01-05 13:53:48.032 INFO  org.apache.shiro.cache.ehcache.EhCacheManager Line:169 - Using existing EHCache named [sys-config]
===2022-01-05 13:53:48.033 INFO  org.apache.shiro.cache.ehcache.EhCacheManager Line:169 - Using existing EHCache named [sys-config]
===2022-01-05 13:53:48.033 INFO  org.apache.shiro.cache.ehcache.EhCacheManager Line:169 - Using existing EHCache named [sys-config]
===2022-01-05 14:03:26.634 INFO  com.zhwl.ruoyi.framework.shiro.web.session.OnlineWebSessionManager Line:101 - invalidation sessions...
===2022-01-05 14:03:26.643 INFO  com.zhwl.ruoyi.framework.shiro.web.session.OnlineWebSessionManager Line:166 - Finished invalidation session. No sessions were stopped.
===2022-01-05 14:13:26.640 INFO  com.zhwl.ruoyi.framework.shiro.web.session.OnlineWebSessionManager Line:101 - invalidation sessions...
===2022-01-05 14:13:26.651 INFO  com.zhwl.ruoyi.framework.shiro.web.session.OnlineWebSessionManager Line:166 - Finished invalidation session. No sessions were stopped.
===2022-01-05 14:23:26.631 INFO  com.zhwl.ruoyi.framework.shiro.web.session.OnlineWebSessionManager Line:101 - invalidation sessions...
===2022-01-05 14:23:26.644 INFO  com.zhwl.ruoyi.framework.shiro.web.session.OnlineWebSessionManager Line:166 - Finished invalidation session. No sessions were stopped.
===2022-01-05 14:33:26.629 INFO  com.zhwl.ruoyi.framework.shiro.web.session.OnlineWebSessionManager Line:101 - invalidation sessions...
===2022-01-05 14:33:26.638 INFO  org.apache.shiro.cache.ehcache.EhCacheManager Line:169 - Using existing EHCache named [sys-userCache]
===2022-01-05 14:33:26.712 INFO  com.zhwl.ruoyi.framework.shiro.web.session.OnlineWebSessionManager Line:166 - Finished invalidation session. [1] sessions were stopped.
===2022-01-05 14:43:26.640 INFO  com.zhwl.ruoyi.framework.shiro.web.session.OnlineWebSessionManager Line:101 - invalidation sessions...
===2022-01-05 14:43:26.665 INFO  com.zhwl.ruoyi.framework.shiro.web.session.OnlineWebSessionManager Line:166 - Finished invalidation session. No sessions were stopped.
===2022-01-05 14:53:26.631 INFO  com.zhwl.ruoyi.framework.shiro.web.session.OnlineWebSessionManager Line:101 - invalidation sessions...
===2022-01-05 14:53:26.652 INFO  com.zhwl.ruoyi.framework.shiro.web.session.OnlineWebSessionManager Line:166 - Finished invalidation session. No sessions were stopped.
===2022-01-05 15:03:26.630 INFO  com.zhwl.ruoyi.framework.shiro.web.session.OnlineWebSessionManager Line:101 - invalidation sessions...
===2022-01-05 15:03:26.644 INFO  com.zhwl.ruoyi.framework.shiro.web.session.OnlineWebSessionManager Line:166 - Finished invalidation session. No sessions were stopped.
===2022-01-05 15:13:26.625 INFO  com.zhwl.ruoyi.framework.shiro.web.session.OnlineWebSessionManager Line:101 - invalidation sessions...
===2022-01-05 15:13:26.648 INFO  com.zhwl.ruoyi.framework.shiro.web.session.OnlineWebSessionManager Line:166 - Finished invalidation session. No sessions were stopped.
===2022-01-05 15:23:26.634 INFO  com.zhwl.ruoyi.framework.shiro.web.session.OnlineWebSessionManager Line:101 - invalidation sessions...
===2022-01-05 15:23:26.650 INFO  com.zhwl.ruoyi.framework.shiro.web.session.OnlineWebSessionManager Line:166 - Finished invalidation session. No sessions were stopped.
===2022-01-05 15:33:26.634 INFO  com.zhwl.ruoyi.framework.shiro.web.session.OnlineWebSessionManager Line:101 - invalidation sessions...
===2022-01-05 15:33:26.649 INFO  com.zhwl.ruoyi.framework.shiro.web.session.OnlineWebSessionManager Line:166 - Finished invalidation session. No sessions were stopped.
===2022-01-05 15:43:26.637 INFO  com.zhwl.ruoyi.framework.shiro.web.session.OnlineWebSessionManager Line:101 - invalidation sessions...
===2022-01-05 15:43:26.648 INFO  com.zhwl.ruoyi.framework.shiro.web.session.OnlineWebSessionManager Line:166 - Finished invalidation session. No sessions were stopped.
===2022-01-05 15:53:26.634 INFO  com.zhwl.ruoyi.framework.shiro.web.session.OnlineWebSessionManager Line:101 - invalidation sessions...
===2022-01-05 15:53:26.652 INFO  com.zhwl.ruoyi.framework.shiro.web.session.OnlineWebSessionManager Line:166 - Finished invalidation session. No sessions were stopped.
===2022-01-05 16:03:26.637 INFO  com.zhwl.ruoyi.framework.shiro.web.session.OnlineWebSessionManager Line:101 - invalidation sessions...
===2022-01-05 16:03:26.671 INFO  com.zhwl.ruoyi.framework.shiro.web.session.OnlineWebSessionManager Line:166 - Finished invalidation session. No sessions were stopped.
===2022-01-05 16:13:26.635 INFO  com.zhwl.ruoyi.framework.shiro.web.session.OnlineWebSessionManager Line:101 - invalidation sessions...
===2022-01-05 16:13:26.680 INFO  com.zhwl.ruoyi.framework.shiro.web.session.OnlineWebSessionManager Line:166 - Finished invalidation session. No sessions were stopped.
===2022-01-05 16:23:26.648 INFO  com.zhwl.ruoyi.framework.shiro.web.session.OnlineWebSessionManager Line:101 - invalidation sessions...
===2022-01-05 16:23:26.670 INFO  com.zhwl.ruoyi.framework.shiro.web.session.OnlineWebSessionManager Line:166 - Finished invalidation session. No sessions were stopped.
===2022-01-05 16:33:26.631 INFO  com.zhwl.ruoyi.framework.shiro.web.session.OnlineWebSessionManager Line:101 - invalidation sessions...
===2022-01-05 16:33:26.666 INFO  com.zhwl.ruoyi.framework.shiro.web.session.OnlineWebSessionManager Line:166 - Finished invalidation session. No sessions were stopped.
===2022-01-05 16:43:26.640 INFO  com.zhwl.ruoyi.framework.shiro.web.session.OnlineWebSessionManager Line:101 - invalidation sessions...
===2022-01-05 16:43:26.668 INFO  com.zhwl.ruoyi.framework.shiro.web.session.OnlineWebSessionManager Line:166 - Finished invalidation session. No sessions were stopped.
===2022-01-05 16:53:26.633 INFO  com.zhwl.ruoyi.framework.shiro.web.session.OnlineWebSessionManager Line:101 - invalidation sessions...
===2022-01-05 16:53:26.681 INFO  com.zhwl.ruoyi.framework.shiro.web.session.OnlineWebSessionManager Line:166 - Finished invalidation session. No sessions were stopped.
===2022-01-05 17:03:26.638 INFO  com.zhwl.ruoyi.framework.shiro.web.session.OnlineWebSessionManager Line:101 - invalidation sessions...
===2022-01-05 17:03:26.665 INFO  com.zhwl.ruoyi.framework.shiro.web.session.OnlineWebSessionManager Line:166 - Finished invalidation session. No sessions were stopped.
===2022-01-05 17:13:26.632 INFO  com.zhwl.ruoyi.framework.shiro.web.session.OnlineWebSessionManager Line:101 - invalidation sessions...
===2022-01-05 17:13:26.668 INFO  com.zhwl.ruoyi.framework.shiro.web.session.OnlineWebSessionManager Line:166 - Finished invalidation session. No sessions were stopped.
===2022-01-05 17:23:26.636 INFO  com.zhwl.ruoyi.framework.shiro.web.session.OnlineWebSessionManager Line:101 - invalidation sessions...
===2022-01-05 17:23:26.663 INFO  com.zhwl.ruoyi.framework.shiro.web.session.OnlineWebSessionManager Line:166 - Finished invalidation session. No sessions were stopped.
===2022-01-05 17:33:26.648 INFO  com.zhwl.ruoyi.framework.shiro.web.session.OnlineWebSessionManager Line:101 - invalidation sessions...
===2022-01-05 17:33:26.674 INFO  com.zhwl.ruoyi.framework.shiro.web.session.OnlineWebSessionManager Line:166 - Finished invalidation session. No sessions were stopped.
===2022-01-05 17:43:26.635 INFO  com.zhwl.ruoyi.framework.shiro.web.session.OnlineWebSessionManager Line:101 - invalidation sessions...
===2022-01-05 17:43:26.676 INFO  com.zhwl.ruoyi.framework.shiro.web.session.OnlineWebSessionManager Line:166 - Finished invalidation session. No sessions were stopped.
===2022-01-05 17:53:26.649 INFO  com.zhwl.ruoyi.framework.shiro.web.session.OnlineWebSessionManager Line:101 - invalidation sessions...
===2022-01-05 17:53:26.709 INFO  com.zhwl.ruoyi.framework.shiro.web.session.OnlineWebSessionManager Line:166 - Finished invalidation session. No sessions were stopped.
===2022-01-05 18:03:26.635 INFO  com.zhwl.ruoyi.framework.shiro.web.session.OnlineWebSessionManager Line:101 - invalidation sessions...
===2022-01-05 18:03:26.725 INFO  com.zhwl.ruoyi.framework.shiro.web.session.OnlineWebSessionManager Line:166 - Finished invalidation session. No sessions were stopped.
===2022-01-05 18:13:26.632 INFO  com.zhwl.ruoyi.framework.shiro.web.session.OnlineWebSessionManager Line:101 - invalidation sessions...
===2022-01-05 18:13:26.683 INFO  com.zhwl.ruoyi.framework.shiro.web.session.OnlineWebSessionManager Line:166 - Finished invalidation session. No sessions were stopped.
