===2022-01-04 09:05:03.069 INFO  org.hibernate.validator.internal.util.Version Line:21  - HV000001: Hibernate Validator 6.0.21.Final
===2022-01-04 09:05:03.372 INFO  com.zhwl.AdminApplication Line:55  - Starting AdminApplication on WIN-2SRCFRT6LKJ with PID 9468 (D:\project\studyPro\demo-parent\demo-portal\demo-portal-admin\target\classes started by Administrator in D:\project\studyPro\demo-parent)
===2022-01-04 09:05:03.373 INFO  com.zhwl.AdminApplication Line:655 - The following profiles are active: druid
===2022-01-04 09:05:08.780 INFO  org.springframework.data.repository.config.RepositoryConfigurationDelegate Line:249 - Multiple Spring Data modules found, entering strict repository configuration mode!
===2022-01-04 09:05:08.788 INFO  org.springframework.data.repository.config.RepositoryConfigurationDelegate Line:127 - Bootstrapping Spring Data Redis repositories in DEFAULT mode.
===2022-01-04 09:05:09.050 INFO  org.springframework.data.repository.config.RepositoryConfigurationDelegate Line:187 - Finished Spring Data repository scanning in 188ms. Found 0 Redis repository interfaces.
===2022-01-04 09:05:10.315 INFO  org.springframework.context.support.PostProcessorRegistrationDelegate$BeanPostProcessorChecker Line:335 - Bean 'shiroConfig' of type [com.zhwl.ruoyi.framework.config.ShiroConfig$$EnhancerBySpringCGLIB$$b58ac117] is not eligible for getting processed by all BeanPostProcessors (for example: not eligible for auto-proxying)
===2022-01-04 09:05:10.820 INFO  org.springframework.context.support.PostProcessorRegistrationDelegate$BeanPostProcessorChecker Line:335 - Bean 'getEhCacheManager' of type [org.apache.shiro.cache.ehcache.EhCacheManager] is not eligible for getting processed by all BeanPostProcessors (for example: not eligible for auto-proxying)
===2022-01-04 09:05:10.833 INFO  org.apache.shiro.cache.ehcache.EhCacheManager Line:169 - Using existing EHCache named [sys-authCache]
===2022-01-04 09:05:10.847 INFO  org.springframework.context.support.PostProcessorRegistrationDelegate$BeanPostProcessorChecker Line:335 - Bean 'myBatisConfig' of type [com.zhwl.ruoyi.framework.config.MyBatisConfig$$EnhancerBySpringCGLIB$$2a9f3899] is not eligible for getting processed by all BeanPostProcessors (for example: not eligible for auto-proxying)
===2022-01-04 09:05:10.852 INFO  org.springframework.context.support.PostProcessorRegistrationDelegate$BeanPostProcessorChecker Line:335 - Bean 'druidConfig' of type [com.zhwl.ruoyi.framework.config.DruidConfig$$EnhancerBySpringCGLIB$$a312488] is not eligible for getting processed by all BeanPostProcessors (for example: not eligible for auto-proxying)
===2022-01-04 09:05:10.858 INFO  org.springframework.context.support.PostProcessorRegistrationDelegate$BeanPostProcessorChecker Line:335 - Bean 'druidProperties' of type [com.zhwl.ruoyi.framework.config.properties.DruidProperties$$EnhancerBySpringCGLIB$$99370996] is not eligible for getting processed by all BeanPostProcessors (for example: not eligible for auto-proxying)
===2022-01-04 09:05:11.048 INFO  org.springframework.context.support.PostProcessorRegistrationDelegate$BeanPostProcessorChecker Line:335 - Bean 'spring.datasource-org.springframework.boot.autoconfigure.jdbc.DataSourceProperties' of type [org.springframework.boot.autoconfigure.jdbc.DataSourceProperties] is not eligible for getting processed by all BeanPostProcessors (for example: not eligible for auto-proxying)
===2022-01-04 09:05:11.071 INFO  org.springframework.context.support.PostProcessorRegistrationDelegate$BeanPostProcessorChecker Line:335 - Bean 'com.alibaba.druid.spring.boot.autoconfigure.stat.DruidFilterConfiguration' of type [com.alibaba.druid.spring.boot.autoconfigure.stat.DruidFilterConfiguration] is not eligible for getting processed by all BeanPostProcessors (for example: not eligible for auto-proxying)
===2022-01-04 09:05:11.110 INFO  org.springframework.context.support.PostProcessorRegistrationDelegate$BeanPostProcessorChecker Line:335 - Bean 'statFilter' of type [com.alibaba.druid.filter.stat.StatFilter] is not eligible for getting processed by all BeanPostProcessors (for example: not eligible for auto-proxying)
===2022-01-04 09:05:11.176 INFO  org.springframework.context.support.PostProcessorRegistrationDelegate$BeanPostProcessorChecker Line:335 - Bean 'masterDataSource' of type [com.alibaba.druid.spring.boot.autoconfigure.DruidDataSourceWrapper] is not eligible for getting processed by all BeanPostProcessors (for example: not eligible for auto-proxying)
===2022-01-04 09:05:11.201 INFO  org.springframework.context.support.PostProcessorRegistrationDelegate$BeanPostProcessorChecker Line:335 - Bean 'dynamicDataSource' of type [com.zhwl.ruoyi.framework.datasource.DynamicDataSource] is not eligible for getting processed by all BeanPostProcessors (for example: not eligible for auto-proxying)
===2022-01-04 09:05:12.278 INFO  org.springframework.context.support.PostProcessorRegistrationDelegate$BeanPostProcessorChecker Line:335 - Bean 'sqlSessionFactory' of type [org.apache.ibatis.session.defaults.DefaultSqlSessionFactory] is not eligible for getting processed by all BeanPostProcessors (for example: not eligible for auto-proxying)
===2022-01-04 09:05:12.284 INFO  org.springframework.context.support.PostProcessorRegistrationDelegate$BeanPostProcessorChecker Line:335 - Bean 'mybatis-org.mybatis.spring.boot.autoconfigure.MybatisProperties' of type [org.mybatis.spring.boot.autoconfigure.MybatisProperties] is not eligible for getting processed by all BeanPostProcessors (for example: not eligible for auto-proxying)
===2022-01-04 09:05:12.292 INFO  org.springframework.context.support.PostProcessorRegistrationDelegate$BeanPostProcessorChecker Line:335 - Bean 'org.mybatis.spring.boot.autoconfigure.MybatisAutoConfiguration' of type [org.mybatis.spring.boot.autoconfigure.MybatisAutoConfiguration$$EnhancerBySpringCGLIB$$a4d0d5b] is not eligible for getting processed by all BeanPostProcessors (for example: not eligible for auto-proxying)
===2022-01-04 09:05:12.315 INFO  org.springframework.context.support.PostProcessorRegistrationDelegate$BeanPostProcessorChecker Line:335 - Bean 'sqlSessionTemplate' of type [org.mybatis.spring.SqlSessionTemplate] is not eligible for getting processed by all BeanPostProcessors (for example: not eligible for auto-proxying)
===2022-01-04 09:05:12.319 INFO  org.springframework.context.support.PostProcessorRegistrationDelegate$BeanPostProcessorChecker Line:335 - Bean 'sysMenuMapper' of type [org.mybatis.spring.mapper.MapperFactoryBean] is not eligible for getting processed by all BeanPostProcessors (for example: not eligible for auto-proxying)
===2022-01-04 09:05:12.322 INFO  org.springframework.context.support.PostProcessorRegistrationDelegate$BeanPostProcessorChecker Line:335 - Bean 'sysMenuMapper' of type [com.sun.proxy.$Proxy77] is not eligible for getting processed by all BeanPostProcessors (for example: not eligible for auto-proxying)
===2022-01-04 09:05:12.326 INFO  org.springframework.context.support.PostProcessorRegistrationDelegate$BeanPostProcessorChecker Line:335 - Bean 'sysRoleMenuMapper' of type [org.mybatis.spring.mapper.MapperFactoryBean] is not eligible for getting processed by all BeanPostProcessors (for example: not eligible for auto-proxying)
===2022-01-04 09:05:12.327 INFO  org.springframework.context.support.PostProcessorRegistrationDelegate$BeanPostProcessorChecker Line:335 - Bean 'sysRoleMenuMapper' of type [com.sun.proxy.$Proxy78] is not eligible for getting processed by all BeanPostProcessors (for example: not eligible for auto-proxying)
===2022-01-04 09:05:12.328 INFO  org.springframework.context.support.PostProcessorRegistrationDelegate$BeanPostProcessorChecker Line:335 - Bean 'sysMenuServiceImpl' of type [com.zhwl.ruoyi.system.service.impl.SysMenuServiceImpl] is not eligible for getting processed by all BeanPostProcessors (for example: not eligible for auto-proxying)
===2022-01-04 09:05:12.334 INFO  org.springframework.context.support.PostProcessorRegistrationDelegate$BeanPostProcessorChecker Line:335 - Bean 'sysRoleMapper' of type [org.mybatis.spring.mapper.MapperFactoryBean] is not eligible for getting processed by all BeanPostProcessors (for example: not eligible for auto-proxying)
===2022-01-04 09:05:12.335 INFO  org.springframework.context.support.PostProcessorRegistrationDelegate$BeanPostProcessorChecker Line:335 - Bean 'sysRoleMapper' of type [com.sun.proxy.$Proxy81] is not eligible for getting processed by all BeanPostProcessors (for example: not eligible for auto-proxying)
===2022-01-04 09:05:12.338 INFO  org.springframework.context.support.PostProcessorRegistrationDelegate$BeanPostProcessorChecker Line:335 - Bean 'sysUserRoleMapper' of type [org.mybatis.spring.mapper.MapperFactoryBean] is not eligible for getting processed by all BeanPostProcessors (for example: not eligible for auto-proxying)
===2022-01-04 09:05:12.339 INFO  org.springframework.context.support.PostProcessorRegistrationDelegate$BeanPostProcessorChecker Line:335 - Bean 'sysUserRoleMapper' of type [com.sun.proxy.$Proxy82] is not eligible for getting processed by all BeanPostProcessors (for example: not eligible for auto-proxying)
===2022-01-04 09:05:12.342 INFO  org.springframework.context.support.PostProcessorRegistrationDelegate$BeanPostProcessorChecker Line:335 - Bean 'sysRoleDeptMapper' of type [org.mybatis.spring.mapper.MapperFactoryBean] is not eligible for getting processed by all BeanPostProcessors (for example: not eligible for auto-proxying)
===2022-01-04 09:05:12.343 INFO  org.springframework.context.support.PostProcessorRegistrationDelegate$BeanPostProcessorChecker Line:335 - Bean 'sysRoleDeptMapper' of type [com.sun.proxy.$Proxy83] is not eligible for getting processed by all BeanPostProcessors (for example: not eligible for auto-proxying)
===2022-01-04 09:05:12.345 INFO  org.springframework.context.support.PostProcessorRegistrationDelegate$BeanPostProcessorChecker Line:335 - Bean 'sysRoleServiceImpl' of type [com.zhwl.ruoyi.system.service.impl.SysRoleServiceImpl] is not eligible for getting processed by all BeanPostProcessors (for example: not eligible for auto-proxying)
===2022-01-04 09:05:12.407 INFO  org.apache.shiro.cache.ehcache.EhCacheManager Line:169 - Using existing EHCache named [loginRecordCache]
===2022-01-04 09:05:12.407 INFO  org.springframework.context.support.PostProcessorRegistrationDelegate$BeanPostProcessorChecker Line:335 - Bean 'sysPasswordService' of type [com.zhwl.ruoyi.framework.shiro.service.SysPasswordService] is not eligible for getting processed by all BeanPostProcessors (for example: not eligible for auto-proxying)
===2022-01-04 09:05:12.411 INFO  org.springframework.context.support.PostProcessorRegistrationDelegate$BeanPostProcessorChecker Line:335 - Bean 'sysUserMapper' of type [org.mybatis.spring.mapper.MapperFactoryBean] is not eligible for getting processed by all BeanPostProcessors (for example: not eligible for auto-proxying)
===2022-01-04 09:05:12.413 INFO  org.springframework.context.support.PostProcessorRegistrationDelegate$BeanPostProcessorChecker Line:335 - Bean 'sysUserMapper' of type [com.sun.proxy.$Proxy84] is not eligible for getting processed by all BeanPostProcessors (for example: not eligible for auto-proxying)
===2022-01-04 09:05:12.417 INFO  org.springframework.context.support.PostProcessorRegistrationDelegate$BeanPostProcessorChecker Line:335 - Bean 'sysPostMapper' of type [org.mybatis.spring.mapper.MapperFactoryBean] is not eligible for getting processed by all BeanPostProcessors (for example: not eligible for auto-proxying)
===2022-01-04 09:05:12.418 INFO  org.springframework.context.support.PostProcessorRegistrationDelegate$BeanPostProcessorChecker Line:335 - Bean 'sysPostMapper' of type [com.sun.proxy.$Proxy85] is not eligible for getting processed by all BeanPostProcessors (for example: not eligible for auto-proxying)
===2022-01-04 09:05:12.421 INFO  org.springframework.context.support.PostProcessorRegistrationDelegate$BeanPostProcessorChecker Line:335 - Bean 'sysUserPostMapper' of type [org.mybatis.spring.mapper.MapperFactoryBean] is not eligible for getting processed by all BeanPostProcessors (for example: not eligible for auto-proxying)
===2022-01-04 09:05:12.422 INFO  org.springframework.context.support.PostProcessorRegistrationDelegate$BeanPostProcessorChecker Line:335 - Bean 'sysUserPostMapper' of type [com.sun.proxy.$Proxy86] is not eligible for getting processed by all BeanPostProcessors (for example: not eligible for auto-proxying)
===2022-01-04 09:05:12.426 INFO  org.springframework.context.support.PostProcessorRegistrationDelegate$BeanPostProcessorChecker Line:335 - Bean 'sysConfigMapper' of type [org.mybatis.spring.mapper.MapperFactoryBean] is not eligible for getting processed by all BeanPostProcessors (for example: not eligible for auto-proxying)
===2022-01-04 09:05:12.427 INFO  org.springframework.context.support.PostProcessorRegistrationDelegate$BeanPostProcessorChecker Line:335 - Bean 'sysConfigMapper' of type [com.sun.proxy.$Proxy87] is not eligible for getting processed by all BeanPostProcessors (for example: not eligible for auto-proxying)
===2022-01-04 09:05:12.887 INFO  com.alibaba.druid.pool.DruidDataSource Line:928 - {dataSource-1} inited
===2022-01-04 09:05:13.249 INFO  org.apache.shiro.cache.ehcache.EhCacheManager Line:169 - Using existing EHCache named [sys-config]
===2022-01-04 09:05:13.298 INFO  org.apache.shiro.cache.ehcache.EhCacheManager Line:169 - Using existing EHCache named [sys-config]
===2022-01-04 09:05:13.299 INFO  org.apache.shiro.cache.ehcache.EhCacheManager Line:169 - Using existing EHCache named [sys-config]
===2022-01-04 09:05:13.300 INFO  org.apache.shiro.cache.ehcache.EhCacheManager Line:169 - Using existing EHCache named [sys-config]
===2022-01-04 09:05:13.301 INFO  org.apache.shiro.cache.ehcache.EhCacheManager Line:169 - Using existing EHCache named [sys-config]
===2022-01-04 09:05:13.302 INFO  org.apache.shiro.cache.ehcache.EhCacheManager Line:169 - Using existing EHCache named [sys-config]
===2022-01-04 09:05:13.303 INFO  org.apache.shiro.cache.ehcache.EhCacheManager Line:169 - Using existing EHCache named [sys-config]
===2022-01-04 09:05:13.303 INFO  org.apache.shiro.cache.ehcache.EhCacheManager Line:169 - Using existing EHCache named [sys-config]
===2022-01-04 09:05:13.303 INFO  org.apache.shiro.cache.ehcache.EhCacheManager Line:169 - Using existing EHCache named [sys-config]
===2022-01-04 09:05:13.304 INFO  org.springframework.context.support.PostProcessorRegistrationDelegate$BeanPostProcessorChecker Line:335 - Bean 'sysConfigServiceImpl' of type [com.zhwl.ruoyi.system.service.impl.SysConfigServiceImpl] is not eligible for getting processed by all BeanPostProcessors (for example: not eligible for auto-proxying)
===2022-01-04 09:05:13.306 INFO  org.springframework.context.support.PostProcessorRegistrationDelegate$BeanPostProcessorChecker Line:335 - Bean 'sysUserServiceImpl' of type [com.zhwl.ruoyi.system.service.impl.SysUserServiceImpl] is not eligible for getting processed by all BeanPostProcessors (for example: not eligible for auto-proxying)
===2022-01-04 09:05:13.315 INFO  org.springframework.context.support.PostProcessorRegistrationDelegate$BeanPostProcessorChecker Line:335 - Bean 'sysLoginService' of type [com.zhwl.ruoyi.framework.shiro.service.SysLoginService] is not eligible for getting processed by all BeanPostProcessors (for example: not eligible for auto-proxying)
===2022-01-04 09:05:13.317 INFO  org.springframework.context.support.PostProcessorRegistrationDelegate$BeanPostProcessorChecker Line:335 - Bean 'userRealm' of type [com.zhwl.ruoyi.framework.shiro.realm.UserRealm] is not eligible for getting processed by all BeanPostProcessors (for example: not eligible for auto-proxying)
===2022-01-04 09:05:13.679 INFO  org.springframework.context.support.PostProcessorRegistrationDelegate$BeanPostProcessorChecker Line:335 - Bean 'threadPoolConfig' of type [com.zhwl.ruoyi.common.config.thread.ThreadPoolConfig$$EnhancerBySpringCGLIB$$7a13d063] is not eligible for getting processed by all BeanPostProcessors (for example: not eligible for auto-proxying)
===2022-01-04 09:05:13.720 INFO  org.springframework.context.support.PostProcessorRegistrationDelegate$BeanPostProcessorChecker Line:335 - Bean 'scheduledExecutorService' of type [com.zhwl.ruoyi.common.config.thread.ThreadPoolConfig$1] is not eligible for getting processed by all BeanPostProcessors (for example: not eligible for auto-proxying)
===2022-01-04 09:05:13.737 INFO  org.springframework.context.support.PostProcessorRegistrationDelegate$BeanPostProcessorChecker Line:335 - Bean 'springSessionValidationScheduler' of type [com.zhwl.ruoyi.framework.shiro.web.session.SpringSessionValidationScheduler] is not eligible for getting processed by all BeanPostProcessors (for example: not eligible for auto-proxying)
===2022-01-04 09:05:13.745 INFO  org.springframework.context.support.PostProcessorRegistrationDelegate$BeanPostProcessorChecker Line:335 - Bean 'sysUserOnlineMapper' of type [org.mybatis.spring.mapper.MapperFactoryBean] is not eligible for getting processed by all BeanPostProcessors (for example: not eligible for auto-proxying)
===2022-01-04 09:05:13.747 INFO  org.springframework.context.support.PostProcessorRegistrationDelegate$BeanPostProcessorChecker Line:335 - Bean 'sysUserOnlineMapper' of type [com.sun.proxy.$Proxy89] is not eligible for getting processed by all BeanPostProcessors (for example: not eligible for auto-proxying)
===2022-01-04 09:05:13.749 INFO  org.springframework.context.support.PostProcessorRegistrationDelegate$BeanPostProcessorChecker Line:335 - Bean 'sysUserOnlineServiceImpl' of type [com.zhwl.ruoyi.system.service.impl.SysUserOnlineServiceImpl] is not eligible for getting processed by all BeanPostProcessors (for example: not eligible for auto-proxying)
===2022-01-04 09:05:13.751 INFO  org.springframework.context.support.PostProcessorRegistrationDelegate$BeanPostProcessorChecker Line:335 - Bean 'sysShiroService' of type [com.zhwl.ruoyi.framework.shiro.service.SysShiroService] is not eligible for getting processed by all BeanPostProcessors (for example: not eligible for auto-proxying)
===2022-01-04 09:05:13.752 INFO  org.springframework.context.support.PostProcessorRegistrationDelegate$BeanPostProcessorChecker Line:335 - Bean 'sessionDAO' of type [com.zhwl.ruoyi.framework.shiro.session.OnlineSessionDAO] is not eligible for getting processed by all BeanPostProcessors (for example: not eligible for auto-proxying)
===2022-01-04 09:05:13.755 INFO  org.springframework.context.support.PostProcessorRegistrationDelegate$BeanPostProcessorChecker Line:335 - Bean 'sessionFactory' of type [com.zhwl.ruoyi.framework.shiro.session.OnlineSessionFactory] is not eligible for getting processed by all BeanPostProcessors (for example: not eligible for auto-proxying)
===2022-01-04 09:05:13.758 INFO  org.springframework.context.support.PostProcessorRegistrationDelegate$BeanPostProcessorChecker Line:335 - Bean 'sessionManager' of type [com.zhwl.ruoyi.framework.shiro.web.session.OnlineWebSessionManager] is not eligible for getting processed by all BeanPostProcessors (for example: not eligible for auto-proxying)
===2022-01-04 09:05:13.780 INFO  org.springframework.context.support.PostProcessorRegistrationDelegate$BeanPostProcessorChecker Line:335 - Bean 'securityManager' of type [org.apache.shiro.web.mgt.DefaultWebSecurityManager] is not eligible for getting processed by all BeanPostProcessors (for example: not eligible for auto-proxying)
===2022-01-04 09:05:13.818 INFO  org.springframework.context.support.PostProcessorRegistrationDelegate$BeanPostProcessorChecker Line:335 - Bean 'authorizationAttributeSourceAdvisor' of type [org.apache.shiro.spring.security.interceptor.AuthorizationAttributeSourceAdvisor] is not eligible for getting processed by all BeanPostProcessors (for example: not eligible for auto-proxying)
===2022-01-04 09:05:13.825 INFO  org.apache.shiro.cache.ehcache.EhCacheManager Line:169 - Using existing EHCache named [sys-userCache]
===2022-01-04 09:05:14.802 INFO  org.springframework.boot.web.embedded.tomcat.TomcatWebServer Line:91  - Tomcat initialized with port(s): 7000 (http)
===2022-01-04 09:05:14.841 INFO  org.apache.coyote.http11.Http11NioProtocol Line:173 - Initializing ProtocolHandler ["http-nio-7000"]
===2022-01-04 09:05:14.842 INFO  org.apache.catalina.core.StandardService Line:173 - Starting service [Tomcat]
===2022-01-04 09:05:14.842 INFO  org.apache.catalina.core.StandardEngine Line:173 - Starting Servlet engine: [Apache Tomcat/9.0.41]
===2022-01-04 09:05:15.157 INFO  org.apache.catalina.core.ContainerBase.[Tomcat].[localhost].[/] Line:173 - Initializing Spring embedded WebApplicationContext
===2022-01-04 09:05:15.157 INFO  org.springframework.boot.web.servlet.context.ServletWebServerApplicationContext Line:283 - Root WebApplicationContext: initialization completed in 11428 ms
===2022-01-04 09:05:15.741 INFO  org.apache.shiro.cache.ehcache.EhCacheManager Line:169 - Using existing EHCache named [sys-dict]
===2022-01-04 09:05:15.743 INFO  org.apache.shiro.cache.ehcache.EhCacheManager Line:169 - Using existing EHCache named [sys-dict]
===2022-01-04 09:05:15.745 INFO  org.apache.shiro.cache.ehcache.EhCacheManager Line:169 - Using existing EHCache named [sys-dict]
===2022-01-04 09:05:15.747 INFO  org.apache.shiro.cache.ehcache.EhCacheManager Line:169 - Using existing EHCache named [sys-dict]
===2022-01-04 09:05:15.748 INFO  org.apache.shiro.cache.ehcache.EhCacheManager Line:169 - Using existing EHCache named [sys-dict]
===2022-01-04 09:05:15.750 INFO  org.apache.shiro.cache.ehcache.EhCacheManager Line:169 - Using existing EHCache named [sys-dict]
===2022-01-04 09:05:15.753 INFO  org.apache.shiro.cache.ehcache.EhCacheManager Line:169 - Using existing EHCache named [sys-dict]
===2022-01-04 09:05:15.757 INFO  org.apache.shiro.cache.ehcache.EhCacheManager Line:169 - Using existing EHCache named [sys-dict]
===2022-01-04 09:05:15.759 INFO  org.apache.shiro.cache.ehcache.EhCacheManager Line:169 - Using existing EHCache named [sys-dict]
===2022-01-04 09:05:15.761 INFO  org.apache.shiro.cache.ehcache.EhCacheManager Line:169 - Using existing EHCache named [sys-dict]
===2022-01-04 09:05:16.617 INFO  org.springframework.scheduling.concurrent.ThreadPoolTaskExecutor Line:181 - Initializing ExecutorService 'threadPoolTaskExecutor'
===2022-01-04 09:05:17.359 INFO  org.springframework.boot.autoconfigure.web.servlet.WelcomePageHandlerMapping Line:58  - Adding welcome page template: index
===2022-01-04 09:05:18.046 INFO  org.apache.coyote.http11.Http11NioProtocol Line:173 - Starting ProtocolHandler ["http-nio-7000"]
===2022-01-04 09:05:18.094 INFO  org.springframework.boot.web.embedded.tomcat.TomcatWebServer Line:203 - Tomcat started on port(s): 7000 (http) with context path ''
===2022-01-04 09:05:18.096 INFO  com.zhwl.AdminApplication Line:61  - Started AdminApplication in 16.496 seconds (JVM running for 20.774)
===2022-01-04 09:50:18.495 INFO  org.hibernate.validator.internal.util.Version Line:21  - HV000001: Hibernate Validator 6.0.21.Final
===2022-01-04 09:50:18.513 INFO  com.zhwl.AdminApplication Line:55  - Starting AdminApplication on WIN-2SRCFRT6LKJ with PID 10372 (D:\project\studyPro\demo-parent\demo-portal\demo-portal-admin\target\classes started by Administrator in D:\project\studyPro\demo-parent)
===2022-01-04 09:50:18.514 INFO  com.zhwl.AdminApplication Line:655 - The following profiles are active: druid
===2022-01-04 09:50:19.825 INFO  org.springframework.data.repository.config.RepositoryConfigurationDelegate Line:249 - Multiple Spring Data modules found, entering strict repository configuration mode!
===2022-01-04 09:50:19.828 INFO  org.springframework.data.repository.config.RepositoryConfigurationDelegate Line:127 - Bootstrapping Spring Data Redis repositories in DEFAULT mode.
===2022-01-04 09:50:19.928 INFO  org.springframework.data.repository.config.RepositoryConfigurationDelegate Line:187 - Finished Spring Data repository scanning in 86ms. Found 0 Redis repository interfaces.
===2022-01-04 09:50:20.381 INFO  org.springframework.context.support.PostProcessorRegistrationDelegate$BeanPostProcessorChecker Line:335 - Bean 'shiroConfig' of type [com.zhwl.ruoyi.framework.config.ShiroConfig$$EnhancerBySpringCGLIB$$6ee22c7b] is not eligible for getting processed by all BeanPostProcessors (for example: not eligible for auto-proxying)
===2022-01-04 09:50:20.486 INFO  org.springframework.context.support.PostProcessorRegistrationDelegate$BeanPostProcessorChecker Line:335 - Bean 'getEhCacheManager' of type [org.apache.shiro.cache.ehcache.EhCacheManager] is not eligible for getting processed by all BeanPostProcessors (for example: not eligible for auto-proxying)
===2022-01-04 09:50:20.491 INFO  org.apache.shiro.cache.ehcache.EhCacheManager Line:169 - Using existing EHCache named [sys-authCache]
===2022-01-04 09:50:20.506 INFO  org.springframework.context.support.PostProcessorRegistrationDelegate$BeanPostProcessorChecker Line:335 - Bean 'myBatisConfig' of type [com.zhwl.ruoyi.framework.config.MyBatisConfig$$EnhancerBySpringCGLIB$$e3f6a3fd] is not eligible for getting processed by all BeanPostProcessors (for example: not eligible for auto-proxying)
===2022-01-04 09:50:20.511 INFO  org.springframework.context.support.PostProcessorRegistrationDelegate$BeanPostProcessorChecker Line:335 - Bean 'druidConfig' of type [com.zhwl.ruoyi.framework.config.DruidConfig$$EnhancerBySpringCGLIB$$c3888fec] is not eligible for getting processed by all BeanPostProcessors (for example: not eligible for auto-proxying)
===2022-01-04 09:50:20.518 INFO  org.springframework.context.support.PostProcessorRegistrationDelegate$BeanPostProcessorChecker Line:335 - Bean 'druidProperties' of type [com.zhwl.ruoyi.framework.config.properties.DruidProperties$$EnhancerBySpringCGLIB$$528e74fa] is not eligible for getting processed by all BeanPostProcessors (for example: not eligible for auto-proxying)
===2022-01-04 09:50:20.603 INFO  org.springframework.context.support.PostProcessorRegistrationDelegate$BeanPostProcessorChecker Line:335 - Bean 'spring.datasource-org.springframework.boot.autoconfigure.jdbc.DataSourceProperties' of type [org.springframework.boot.autoconfigure.jdbc.DataSourceProperties] is not eligible for getting processed by all BeanPostProcessors (for example: not eligible for auto-proxying)
===2022-01-04 09:50:20.616 INFO  org.springframework.context.support.PostProcessorRegistrationDelegate$BeanPostProcessorChecker Line:335 - Bean 'com.alibaba.druid.spring.boot.autoconfigure.stat.DruidFilterConfiguration' of type [com.alibaba.druid.spring.boot.autoconfigure.stat.DruidFilterConfiguration] is not eligible for getting processed by all BeanPostProcessors (for example: not eligible for auto-proxying)
===2022-01-04 09:50:20.639 INFO  org.springframework.context.support.PostProcessorRegistrationDelegate$BeanPostProcessorChecker Line:335 - Bean 'statFilter' of type [com.alibaba.druid.filter.stat.StatFilter] is not eligible for getting processed by all BeanPostProcessors (for example: not eligible for auto-proxying)
===2022-01-04 09:50:20.707 INFO  org.springframework.context.support.PostProcessorRegistrationDelegate$BeanPostProcessorChecker Line:335 - Bean 'masterDataSource' of type [com.alibaba.druid.spring.boot.autoconfigure.DruidDataSourceWrapper] is not eligible for getting processed by all BeanPostProcessors (for example: not eligible for auto-proxying)
===2022-01-04 09:50:20.733 INFO  org.springframework.context.support.PostProcessorRegistrationDelegate$BeanPostProcessorChecker Line:335 - Bean 'dynamicDataSource' of type [com.zhwl.ruoyi.framework.datasource.DynamicDataSource] is not eligible for getting processed by all BeanPostProcessors (for example: not eligible for auto-proxying)
===2022-01-04 09:50:21.130 INFO  org.springframework.context.support.PostProcessorRegistrationDelegate$BeanPostProcessorChecker Line:335 - Bean 'sqlSessionFactory' of type [org.apache.ibatis.session.defaults.DefaultSqlSessionFactory] is not eligible for getting processed by all BeanPostProcessors (for example: not eligible for auto-proxying)
===2022-01-04 09:50:21.136 INFO  org.springframework.context.support.PostProcessorRegistrationDelegate$BeanPostProcessorChecker Line:335 - Bean 'mybatis-org.mybatis.spring.boot.autoconfigure.MybatisProperties' of type [org.mybatis.spring.boot.autoconfigure.MybatisProperties] is not eligible for getting processed by all BeanPostProcessors (for example: not eligible for auto-proxying)
===2022-01-04 09:50:21.143 INFO  org.springframework.context.support.PostProcessorRegistrationDelegate$BeanPostProcessorChecker Line:335 - Bean 'org.mybatis.spring.boot.autoconfigure.MybatisAutoConfiguration' of type [org.mybatis.spring.boot.autoconfigure.MybatisAutoConfiguration$$EnhancerBySpringCGLIB$$c3a478bf] is not eligible for getting processed by all BeanPostProcessors (for example: not eligible for auto-proxying)
===2022-01-04 09:50:21.152 INFO  org.springframework.context.support.PostProcessorRegistrationDelegate$BeanPostProcessorChecker Line:335 - Bean 'sqlSessionTemplate' of type [org.mybatis.spring.SqlSessionTemplate] is not eligible for getting processed by all BeanPostProcessors (for example: not eligible for auto-proxying)
===2022-01-04 09:50:21.156 INFO  org.springframework.context.support.PostProcessorRegistrationDelegate$BeanPostProcessorChecker Line:335 - Bean 'sysMenuMapper' of type [org.mybatis.spring.mapper.MapperFactoryBean] is not eligible for getting processed by all BeanPostProcessors (for example: not eligible for auto-proxying)
===2022-01-04 09:50:21.160 INFO  org.springframework.context.support.PostProcessorRegistrationDelegate$BeanPostProcessorChecker Line:335 - Bean 'sysMenuMapper' of type [com.sun.proxy.$Proxy77] is not eligible for getting processed by all BeanPostProcessors (for example: not eligible for auto-proxying)
===2022-01-04 09:50:21.164 INFO  org.springframework.context.support.PostProcessorRegistrationDelegate$BeanPostProcessorChecker Line:335 - Bean 'sysRoleMenuMapper' of type [org.mybatis.spring.mapper.MapperFactoryBean] is not eligible for getting processed by all BeanPostProcessors (for example: not eligible for auto-proxying)
===2022-01-04 09:50:21.165 INFO  org.springframework.context.support.PostProcessorRegistrationDelegate$BeanPostProcessorChecker Line:335 - Bean 'sysRoleMenuMapper' of type [com.sun.proxy.$Proxy78] is not eligible for getting processed by all BeanPostProcessors (for example: not eligible for auto-proxying)
===2022-01-04 09:50:21.166 INFO  org.springframework.context.support.PostProcessorRegistrationDelegate$BeanPostProcessorChecker Line:335 - Bean 'sysMenuServiceImpl' of type [com.zhwl.ruoyi.system.service.impl.SysMenuServiceImpl] is not eligible for getting processed by all BeanPostProcessors (for example: not eligible for auto-proxying)
===2022-01-04 09:50:21.171 INFO  org.springframework.context.support.PostProcessorRegistrationDelegate$BeanPostProcessorChecker Line:335 - Bean 'sysRoleMapper' of type [org.mybatis.spring.mapper.MapperFactoryBean] is not eligible for getting processed by all BeanPostProcessors (for example: not eligible for auto-proxying)
===2022-01-04 09:50:21.172 INFO  org.springframework.context.support.PostProcessorRegistrationDelegate$BeanPostProcessorChecker Line:335 - Bean 'sysRoleMapper' of type [com.sun.proxy.$Proxy81] is not eligible for getting processed by all BeanPostProcessors (for example: not eligible for auto-proxying)
===2022-01-04 09:50:21.176 INFO  org.springframework.context.support.PostProcessorRegistrationDelegate$BeanPostProcessorChecker Line:335 - Bean 'sysUserRoleMapper' of type [org.mybatis.spring.mapper.MapperFactoryBean] is not eligible for getting processed by all BeanPostProcessors (for example: not eligible for auto-proxying)
===2022-01-04 09:50:21.177 INFO  org.springframework.context.support.PostProcessorRegistrationDelegate$BeanPostProcessorChecker Line:335 - Bean 'sysUserRoleMapper' of type [com.sun.proxy.$Proxy82] is not eligible for getting processed by all BeanPostProcessors (for example: not eligible for auto-proxying)
===2022-01-04 09:50:21.180 INFO  org.springframework.context.support.PostProcessorRegistrationDelegate$BeanPostProcessorChecker Line:335 - Bean 'sysRoleDeptMapper' of type [org.mybatis.spring.mapper.MapperFactoryBean] is not eligible for getting processed by all BeanPostProcessors (for example: not eligible for auto-proxying)
===2022-01-04 09:50:21.181 INFO  org.springframework.context.support.PostProcessorRegistrationDelegate$BeanPostProcessorChecker Line:335 - Bean 'sysRoleDeptMapper' of type [com.sun.proxy.$Proxy83] is not eligible for getting processed by all BeanPostProcessors (for example: not eligible for auto-proxying)
===2022-01-04 09:50:21.183 INFO  org.springframework.context.support.PostProcessorRegistrationDelegate$BeanPostProcessorChecker Line:335 - Bean 'sysRoleServiceImpl' of type [com.zhwl.ruoyi.system.service.impl.SysRoleServiceImpl] is not eligible for getting processed by all BeanPostProcessors (for example: not eligible for auto-proxying)
===2022-01-04 09:50:21.208 INFO  org.apache.shiro.cache.ehcache.EhCacheManager Line:169 - Using existing EHCache named [loginRecordCache]
===2022-01-04 09:50:21.208 INFO  org.springframework.context.support.PostProcessorRegistrationDelegate$BeanPostProcessorChecker Line:335 - Bean 'sysPasswordService' of type [com.zhwl.ruoyi.framework.shiro.service.SysPasswordService] is not eligible for getting processed by all BeanPostProcessors (for example: not eligible for auto-proxying)
===2022-01-04 09:50:21.212 INFO  org.springframework.context.support.PostProcessorRegistrationDelegate$BeanPostProcessorChecker Line:335 - Bean 'sysUserMapper' of type [org.mybatis.spring.mapper.MapperFactoryBean] is not eligible for getting processed by all BeanPostProcessors (for example: not eligible for auto-proxying)
===2022-01-04 09:50:21.213 INFO  org.springframework.context.support.PostProcessorRegistrationDelegate$BeanPostProcessorChecker Line:335 - Bean 'sysUserMapper' of type [com.sun.proxy.$Proxy84] is not eligible for getting processed by all BeanPostProcessors (for example: not eligible for auto-proxying)
===2022-01-04 09:50:21.217 INFO  org.springframework.context.support.PostProcessorRegistrationDelegate$BeanPostProcessorChecker Line:335 - Bean 'sysPostMapper' of type [org.mybatis.spring.mapper.MapperFactoryBean] is not eligible for getting processed by all BeanPostProcessors (for example: not eligible for auto-proxying)
===2022-01-04 09:50:21.218 INFO  org.springframework.context.support.PostProcessorRegistrationDelegate$BeanPostProcessorChecker Line:335 - Bean 'sysPostMapper' of type [com.sun.proxy.$Proxy85] is not eligible for getting processed by all BeanPostProcessors (for example: not eligible for auto-proxying)
===2022-01-04 09:50:21.221 INFO  org.springframework.context.support.PostProcessorRegistrationDelegate$BeanPostProcessorChecker Line:335 - Bean 'sysUserPostMapper' of type [org.mybatis.spring.mapper.MapperFactoryBean] is not eligible for getting processed by all BeanPostProcessors (for example: not eligible for auto-proxying)
===2022-01-04 09:50:21.222 INFO  org.springframework.context.support.PostProcessorRegistrationDelegate$BeanPostProcessorChecker Line:335 - Bean 'sysUserPostMapper' of type [com.sun.proxy.$Proxy86] is not eligible for getting processed by all BeanPostProcessors (for example: not eligible for auto-proxying)
===2022-01-04 09:50:21.226 INFO  org.springframework.context.support.PostProcessorRegistrationDelegate$BeanPostProcessorChecker Line:335 - Bean 'sysConfigMapper' of type [org.mybatis.spring.mapper.MapperFactoryBean] is not eligible for getting processed by all BeanPostProcessors (for example: not eligible for auto-proxying)
===2022-01-04 09:50:21.227 INFO  org.springframework.context.support.PostProcessorRegistrationDelegate$BeanPostProcessorChecker Line:335 - Bean 'sysConfigMapper' of type [com.sun.proxy.$Proxy87] is not eligible for getting processed by all BeanPostProcessors (for example: not eligible for auto-proxying)
===2022-01-04 09:50:21.389 INFO  com.alibaba.druid.pool.DruidDataSource Line:928 - {dataSource-1} inited
===2022-01-04 09:50:21.465 INFO  org.apache.shiro.cache.ehcache.EhCacheManager Line:169 - Using existing EHCache named [sys-config]
===2022-01-04 09:50:21.470 INFO  org.apache.shiro.cache.ehcache.EhCacheManager Line:169 - Using existing EHCache named [sys-config]
===2022-01-04 09:50:21.470 INFO  org.apache.shiro.cache.ehcache.EhCacheManager Line:169 - Using existing EHCache named [sys-config]
===2022-01-04 09:50:21.470 INFO  org.apache.shiro.cache.ehcache.EhCacheManager Line:169 - Using existing EHCache named [sys-config]
===2022-01-04 09:50:21.471 INFO  org.apache.shiro.cache.ehcache.EhCacheManager Line:169 - Using existing EHCache named [sys-config]
===2022-01-04 09:50:21.471 INFO  org.apache.shiro.cache.ehcache.EhCacheManager Line:169 - Using existing EHCache named [sys-config]
===2022-01-04 09:50:21.472 INFO  org.apache.shiro.cache.ehcache.EhCacheManager Line:169 - Using existing EHCache named [sys-config]
===2022-01-04 09:50:21.472 INFO  org.apache.shiro.cache.ehcache.EhCacheManager Line:169 - Using existing EHCache named [sys-config]
===2022-01-04 09:50:21.472 INFO  org.apache.shiro.cache.ehcache.EhCacheManager Line:169 - Using existing EHCache named [sys-config]
===2022-01-04 09:50:21.473 INFO  org.springframework.context.support.PostProcessorRegistrationDelegate$BeanPostProcessorChecker Line:335 - Bean 'sysConfigServiceImpl' of type [com.zhwl.ruoyi.system.service.impl.SysConfigServiceImpl] is not eligible for getting processed by all BeanPostProcessors (for example: not eligible for auto-proxying)
===2022-01-04 09:50:21.475 INFO  org.springframework.context.support.PostProcessorRegistrationDelegate$BeanPostProcessorChecker Line:335 - Bean 'sysUserServiceImpl' of type [com.zhwl.ruoyi.system.service.impl.SysUserServiceImpl] is not eligible for getting processed by all BeanPostProcessors (for example: not eligible for auto-proxying)
===2022-01-04 09:50:21.482 INFO  org.springframework.context.support.PostProcessorRegistrationDelegate$BeanPostProcessorChecker Line:335 - Bean 'sysLoginService' of type [com.zhwl.ruoyi.framework.shiro.service.SysLoginService] is not eligible for getting processed by all BeanPostProcessors (for example: not eligible for auto-proxying)
===2022-01-04 09:50:21.483 INFO  org.springframework.context.support.PostProcessorRegistrationDelegate$BeanPostProcessorChecker Line:335 - Bean 'userRealm' of type [com.zhwl.ruoyi.framework.shiro.realm.UserRealm] is not eligible for getting processed by all BeanPostProcessors (for example: not eligible for auto-proxying)
===2022-01-04 09:50:21.594 INFO  org.springframework.context.support.PostProcessorRegistrationDelegate$BeanPostProcessorChecker Line:335 - Bean 'threadPoolConfig' of type [com.zhwl.ruoyi.common.config.thread.ThreadPoolConfig$$EnhancerBySpringCGLIB$$336b3bc7] is not eligible for getting processed by all BeanPostProcessors (for example: not eligible for auto-proxying)
===2022-01-04 09:50:21.601 INFO  org.springframework.context.support.PostProcessorRegistrationDelegate$BeanPostProcessorChecker Line:335 - Bean 'scheduledExecutorService' of type [com.zhwl.ruoyi.common.config.thread.ThreadPoolConfig$1] is not eligible for getting processed by all BeanPostProcessors (for example: not eligible for auto-proxying)
===2022-01-04 09:50:21.614 INFO  org.springframework.context.support.PostProcessorRegistrationDelegate$BeanPostProcessorChecker Line:335 - Bean 'springSessionValidationScheduler' of type [com.zhwl.ruoyi.framework.shiro.web.session.SpringSessionValidationScheduler] is not eligible for getting processed by all BeanPostProcessors (for example: not eligible for auto-proxying)
===2022-01-04 09:50:21.627 INFO  org.springframework.context.support.PostProcessorRegistrationDelegate$BeanPostProcessorChecker Line:335 - Bean 'sysUserOnlineMapper' of type [org.mybatis.spring.mapper.MapperFactoryBean] is not eligible for getting processed by all BeanPostProcessors (for example: not eligible for auto-proxying)
===2022-01-04 09:50:21.629 INFO  org.springframework.context.support.PostProcessorRegistrationDelegate$BeanPostProcessorChecker Line:335 - Bean 'sysUserOnlineMapper' of type [com.sun.proxy.$Proxy89] is not eligible for getting processed by all BeanPostProcessors (for example: not eligible for auto-proxying)
===2022-01-04 09:50:21.631 INFO  org.springframework.context.support.PostProcessorRegistrationDelegate$BeanPostProcessorChecker Line:335 - Bean 'sysUserOnlineServiceImpl' of type [com.zhwl.ruoyi.system.service.impl.SysUserOnlineServiceImpl] is not eligible for getting processed by all BeanPostProcessors (for example: not eligible for auto-proxying)
===2022-01-04 09:50:21.642 INFO  org.springframework.context.support.PostProcessorRegistrationDelegate$BeanPostProcessorChecker Line:335 - Bean 'sysShiroService' of type [com.zhwl.ruoyi.framework.shiro.service.SysShiroService] is not eligible for getting processed by all BeanPostProcessors (for example: not eligible for auto-proxying)
===2022-01-04 09:50:21.644 INFO  org.springframework.context.support.PostProcessorRegistrationDelegate$BeanPostProcessorChecker Line:335 - Bean 'sessionDAO' of type [com.zhwl.ruoyi.framework.shiro.session.OnlineSessionDAO] is not eligible for getting processed by all BeanPostProcessors (for example: not eligible for auto-proxying)
===2022-01-04 09:50:21.648 INFO  org.springframework.context.support.PostProcessorRegistrationDelegate$BeanPostProcessorChecker Line:335 - Bean 'sessionFactory' of type [com.zhwl.ruoyi.framework.shiro.session.OnlineSessionFactory] is not eligible for getting processed by all BeanPostProcessors (for example: not eligible for auto-proxying)
===2022-01-04 09:50:21.652 INFO  org.springframework.context.support.PostProcessorRegistrationDelegate$BeanPostProcessorChecker Line:335 - Bean 'sessionManager' of type [com.zhwl.ruoyi.framework.shiro.web.session.OnlineWebSessionManager] is not eligible for getting processed by all BeanPostProcessors (for example: not eligible for auto-proxying)
===2022-01-04 09:50:21.664 INFO  org.springframework.context.support.PostProcessorRegistrationDelegate$BeanPostProcessorChecker Line:335 - Bean 'securityManager' of type [org.apache.shiro.web.mgt.DefaultWebSecurityManager] is not eligible for getting processed by all BeanPostProcessors (for example: not eligible for auto-proxying)
===2022-01-04 09:50:21.679 INFO  org.springframework.context.support.PostProcessorRegistrationDelegate$BeanPostProcessorChecker Line:335 - Bean 'authorizationAttributeSourceAdvisor' of type [org.apache.shiro.spring.security.interceptor.AuthorizationAttributeSourceAdvisor] is not eligible for getting processed by all BeanPostProcessors (for example: not eligible for auto-proxying)
===2022-01-04 09:50:21.688 INFO  org.apache.shiro.cache.ehcache.EhCacheManager Line:169 - Using existing EHCache named [sys-userCache]
===2022-01-04 09:50:22.078 INFO  org.springframework.boot.web.embedded.tomcat.TomcatWebServer Line:91  - Tomcat initialized with port(s): 7000 (http)
===2022-01-04 09:50:22.093 INFO  org.apache.coyote.http11.Http11NioProtocol Line:173 - Initializing ProtocolHandler ["http-nio-7000"]
===2022-01-04 09:50:22.094 INFO  org.apache.catalina.core.StandardService Line:173 - Starting service [Tomcat]
===2022-01-04 09:50:22.094 INFO  org.apache.catalina.core.StandardEngine Line:173 - Starting Servlet engine: [Apache Tomcat/9.0.41]
===2022-01-04 09:50:22.335 INFO  org.apache.catalina.core.ContainerBase.[Tomcat].[localhost].[/] Line:173 - Initializing Spring embedded WebApplicationContext
===2022-01-04 09:50:22.335 INFO  org.springframework.boot.web.servlet.context.ServletWebServerApplicationContext Line:283 - Root WebApplicationContext: initialization completed in 3765 ms
===2022-01-04 09:50:22.695 INFO  org.apache.shiro.cache.ehcache.EhCacheManager Line:169 - Using existing EHCache named [sys-dict]
===2022-01-04 09:50:22.698 INFO  org.apache.shiro.cache.ehcache.EhCacheManager Line:169 - Using existing EHCache named [sys-dict]
===2022-01-04 09:50:22.700 INFO  org.apache.shiro.cache.ehcache.EhCacheManager Line:169 - Using existing EHCache named [sys-dict]
===2022-01-04 09:50:22.702 INFO  org.apache.shiro.cache.ehcache.EhCacheManager Line:169 - Using existing EHCache named [sys-dict]
===2022-01-04 09:50:22.706 INFO  org.apache.shiro.cache.ehcache.EhCacheManager Line:169 - Using existing EHCache named [sys-dict]
===2022-01-04 09:50:22.710 INFO  org.apache.shiro.cache.ehcache.EhCacheManager Line:169 - Using existing EHCache named [sys-dict]
===2022-01-04 09:50:22.713 INFO  org.apache.shiro.cache.ehcache.EhCacheManager Line:169 - Using existing EHCache named [sys-dict]
===2022-01-04 09:50:22.716 INFO  org.apache.shiro.cache.ehcache.EhCacheManager Line:169 - Using existing EHCache named [sys-dict]
===2022-01-04 09:50:22.720 INFO  org.apache.shiro.cache.ehcache.EhCacheManager Line:169 - Using existing EHCache named [sys-dict]
===2022-01-04 09:50:22.724 INFO  org.apache.shiro.cache.ehcache.EhCacheManager Line:169 - Using existing EHCache named [sys-dict]
===2022-01-04 09:50:23.134 INFO  org.springframework.scheduling.concurrent.ThreadPoolTaskExecutor Line:181 - Initializing ExecutorService 'threadPoolTaskExecutor'
===2022-01-04 09:50:23.767 INFO  org.springframework.boot.autoconfigure.web.servlet.WelcomePageHandlerMapping Line:58  - Adding welcome page template: index
===2022-01-04 09:50:24.206 INFO  org.apache.coyote.http11.Http11NioProtocol Line:173 - Starting ProtocolHandler ["http-nio-7000"]
===2022-01-04 09:50:24.238 INFO  org.springframework.boot.web.embedded.tomcat.TomcatWebServer Line:203 - Tomcat started on port(s): 7000 (http) with context path ''
===2022-01-04 09:50:24.242 INFO  com.zhwl.AdminApplication Line:61  - Started AdminApplication in 6.159 seconds (JVM running for 8.536)
===2022-01-04 09:50:42.171 INFO  org.apache.catalina.core.ContainerBase.[Tomcat].[localhost].[/] Line:173 - Initializing Spring DispatcherServlet 'dispatcherServlet'
===2022-01-04 09:50:42.171 INFO  org.springframework.web.servlet.DispatcherServlet Line:525 - Initializing Servlet 'dispatcherServlet'
===2022-01-04 09:50:42.183 INFO  org.springframework.web.servlet.DispatcherServlet Line:547 - Completed initialization in 12 ms
===2022-01-04 09:50:42.245 INFO  org.apache.shiro.session.mgt.AbstractValidatingSessionManager Line:233 - Enabling session validation scheduler...
===2022-01-04 09:50:42.270 INFO  org.apache.shiro.cache.ehcache.EhCacheManager Line:169 - Using existing EHCache named [shiro-activeSessionCache]
===2022-01-04 09:50:43.158 INFO  org.apache.shiro.cache.ehcache.EhCacheManager Line:169 - Using existing EHCache named [sys-config]
===2022-01-04 09:50:43.247 INFO  com.zhwl.ruoyi.framework.shiro.web.session.OnlineWebSessionManager Line:101 - invalidation sessions...
===2022-01-04 09:50:43.330 INFO  org.apache.shiro.cache.ehcache.EhCacheManager Line:169 - Using existing EHCache named [sys-userCache]
===2022-01-04 09:50:44.197 INFO  com.zhwl.ruoyi.framework.shiro.web.session.OnlineWebSessionManager Line:166 - Finished invalidation session. [1] sessions were stopped.
===2022-01-04 09:51:02.012 INFO  sys-user Line:106 - [127.0.0.1]内网IP[admin][Success][登录成功]
===2022-01-04 09:51:02.726 INFO  org.apache.shiro.cache.ehcache.EhCacheManager Line:169 - Using existing EHCache named [sys-config]
===2022-01-04 09:51:02.726 INFO  org.apache.shiro.cache.ehcache.EhCacheManager Line:169 - Using existing EHCache named [sys-config]
===2022-01-04 09:51:02.726 INFO  org.apache.shiro.cache.ehcache.EhCacheManager Line:169 - Using existing EHCache named [sys-config]
===2022-01-04 09:51:02.727 INFO  org.apache.shiro.cache.ehcache.EhCacheManager Line:169 - Using existing EHCache named [sys-config]
===2022-01-04 09:51:02.727 INFO  org.apache.shiro.cache.ehcache.EhCacheManager Line:169 - Using existing EHCache named [sys-config]
===2022-01-04 09:51:02.727 INFO  org.apache.shiro.cache.ehcache.EhCacheManager Line:169 - Using existing EHCache named [sys-config]
===2022-01-04 09:51:20.611 INFO  org.apache.shiro.cache.ehcache.EhCacheManager Line:169 - Using existing EHCache named [sys-config]
===2022-01-04 09:51:20.611 INFO  org.apache.shiro.cache.ehcache.EhCacheManager Line:169 - Using existing EHCache named [sys-config]
===2022-01-04 09:51:20.612 INFO  org.apache.shiro.cache.ehcache.EhCacheManager Line:169 - Using existing EHCache named [sys-config]
===2022-01-04 09:51:20.612 INFO  org.apache.shiro.cache.ehcache.EhCacheManager Line:169 - Using existing EHCache named [sys-config]
===2022-01-04 09:51:20.612 INFO  org.apache.shiro.cache.ehcache.EhCacheManager Line:169 - Using existing EHCache named [sys-config]
===2022-01-04 09:51:20.612 INFO  org.apache.shiro.cache.ehcache.EhCacheManager Line:169 - Using existing EHCache named [sys-config]
===2022-01-04 09:51:21.553 INFO  org.apache.shiro.cache.ehcache.EhCacheManager Line:169 - Using existing EHCache named [sys-config]
===2022-01-04 09:51:21.553 INFO  org.apache.shiro.cache.ehcache.EhCacheManager Line:169 - Using existing EHCache named [sys-config]
===2022-01-04 09:51:21.553 INFO  org.apache.shiro.cache.ehcache.EhCacheManager Line:169 - Using existing EHCache named [sys-config]
===2022-01-04 09:51:21.554 INFO  org.apache.shiro.cache.ehcache.EhCacheManager Line:169 - Using existing EHCache named [sys-config]
===2022-01-04 09:51:21.554 INFO  org.apache.shiro.cache.ehcache.EhCacheManager Line:169 - Using existing EHCache named [sys-config]
===2022-01-04 09:51:21.554 INFO  org.apache.shiro.cache.ehcache.EhCacheManager Line:169 - Using existing EHCache named [sys-config]
===2022-01-04 09:51:30.990 INFO  org.apache.shiro.cache.ehcache.EhCacheManager Line:169 - Using existing EHCache named [sys-config]
===2022-01-04 09:51:30.991 INFO  org.apache.shiro.cache.ehcache.EhCacheManager Line:169 - Using existing EHCache named [sys-config]
===2022-01-04 09:51:30.991 INFO  org.apache.shiro.cache.ehcache.EhCacheManager Line:169 - Using existing EHCache named [sys-config]
===2022-01-04 09:51:30.991 INFO  org.apache.shiro.cache.ehcache.EhCacheManager Line:169 - Using existing EHCache named [sys-config]
===2022-01-04 09:51:30.992 INFO  org.apache.shiro.cache.ehcache.EhCacheManager Line:169 - Using existing EHCache named [sys-config]
===2022-01-04 09:51:30.992 INFO  org.apache.shiro.cache.ehcache.EhCacheManager Line:169 - Using existing EHCache named [sys-config]
===2022-01-04 09:52:42.702 INFO  org.apache.shiro.cache.ehcache.EhCacheManager Line:169 - Using existing EHCache named [sys-dict]
===2022-01-04 10:00:43.250 INFO  com.zhwl.ruoyi.framework.shiro.web.session.OnlineWebSessionManager Line:101 - invalidation sessions...
===2022-01-04 10:00:43.253 INFO  com.zhwl.ruoyi.framework.shiro.web.session.OnlineWebSessionManager Line:166 - Finished invalidation session. No sessions were stopped.
===2022-01-04 10:01:09.685 INFO  org.apache.shiro.cache.ehcache.EhCacheManager Line:169 - Using existing EHCache named [sys-config]
===2022-01-04 10:01:09.685 INFO  org.apache.shiro.cache.ehcache.EhCacheManager Line:169 - Using existing EHCache named [sys-config]
===2022-01-04 10:01:09.686 INFO  org.apache.shiro.cache.ehcache.EhCacheManager Line:169 - Using existing EHCache named [sys-config]
===2022-01-04 10:01:09.686 INFO  org.apache.shiro.cache.ehcache.EhCacheManager Line:169 - Using existing EHCache named [sys-config]
===2022-01-04 10:01:09.686 INFO  org.apache.shiro.cache.ehcache.EhCacheManager Line:169 - Using existing EHCache named [sys-config]
===2022-01-04 10:01:09.686 INFO  org.apache.shiro.cache.ehcache.EhCacheManager Line:169 - Using existing EHCache named [sys-config]
===2022-01-04 10:01:11.898 INFO  org.apache.shiro.cache.ehcache.EhCacheManager Line:169 - Using existing EHCache named [sys-config]
===2022-01-04 10:01:11.898 INFO  org.apache.shiro.cache.ehcache.EhCacheManager Line:169 - Using existing EHCache named [sys-config]
===2022-01-04 10:01:11.898 INFO  org.apache.shiro.cache.ehcache.EhCacheManager Line:169 - Using existing EHCache named [sys-config]
===2022-01-04 10:01:11.899 INFO  org.apache.shiro.cache.ehcache.EhCacheManager Line:169 - Using existing EHCache named [sys-config]
===2022-01-04 10:01:11.899 INFO  org.apache.shiro.cache.ehcache.EhCacheManager Line:169 - Using existing EHCache named [sys-config]
===2022-01-04 10:01:11.899 INFO  org.apache.shiro.cache.ehcache.EhCacheManager Line:169 - Using existing EHCache named [sys-config]
===2022-01-04 10:02:56.207 INFO  org.apache.shiro.cache.ehcache.EhCacheManager Line:169 - Using existing EHCache named [sys-config]
===2022-01-04 10:02:56.208 INFO  org.apache.shiro.cache.ehcache.EhCacheManager Line:169 - Using existing EHCache named [sys-config]
===2022-01-04 10:02:56.208 INFO  org.apache.shiro.cache.ehcache.EhCacheManager Line:169 - Using existing EHCache named [sys-config]
===2022-01-04 10:02:56.208 INFO  org.apache.shiro.cache.ehcache.EhCacheManager Line:169 - Using existing EHCache named [sys-config]
===2022-01-04 10:02:56.209 INFO  org.apache.shiro.cache.ehcache.EhCacheManager Line:169 - Using existing EHCache named [sys-config]
===2022-01-04 10:02:56.209 INFO  org.apache.shiro.cache.ehcache.EhCacheManager Line:169 - Using existing EHCache named [sys-config]
===2022-01-04 10:04:02.468 INFO  org.apache.shiro.cache.ehcache.EhCacheManager Line:169 - Using existing EHCache named [sys-dict]
===2022-01-04 10:04:02.469 INFO  org.apache.shiro.cache.ehcache.EhCacheManager Line:169 - Using existing EHCache named [sys-dict]
===2022-01-04 10:04:02.476 INFO  org.apache.shiro.cache.ehcache.EhCacheManager Line:169 - Using existing EHCache named [sys-dict]
===2022-01-04 10:04:04.311 INFO  org.apache.shiro.cache.ehcache.EhCacheManager Line:169 - Using existing EHCache named [sys-dict]
===2022-01-04 10:04:18.961 INFO  org.apache.shiro.cache.ehcache.EhCacheManager Line:169 - Using existing EHCache named [sys-config]
===2022-01-04 10:04:18.962 INFO  org.apache.shiro.cache.ehcache.EhCacheManager Line:169 - Using existing EHCache named [sys-config]
===2022-01-04 10:04:18.962 INFO  org.apache.shiro.cache.ehcache.EhCacheManager Line:169 - Using existing EHCache named [sys-config]
===2022-01-04 10:04:18.962 INFO  org.apache.shiro.cache.ehcache.EhCacheManager Line:169 - Using existing EHCache named [sys-config]
===2022-01-04 10:04:18.963 INFO  org.apache.shiro.cache.ehcache.EhCacheManager Line:169 - Using existing EHCache named [sys-config]
===2022-01-04 10:04:18.963 INFO  org.apache.shiro.cache.ehcache.EhCacheManager Line:169 - Using existing EHCache named [sys-config]
===2022-01-04 10:10:43.247 INFO  com.zhwl.ruoyi.framework.shiro.web.session.OnlineWebSessionManager Line:101 - invalidation sessions...
===2022-01-04 10:10:43.256 INFO  com.zhwl.ruoyi.framework.shiro.web.session.OnlineWebSessionManager Line:166 - Finished invalidation session. No sessions were stopped.
===2022-01-04 10:20:43.250 INFO  com.zhwl.ruoyi.framework.shiro.web.session.OnlineWebSessionManager Line:101 - invalidation sessions...
===2022-01-04 10:20:43.261 INFO  com.zhwl.ruoyi.framework.shiro.web.session.OnlineWebSessionManager Line:166 - Finished invalidation session. No sessions were stopped.
===2022-01-04 10:26:48.364 INFO  org.apache.shiro.cache.ehcache.EhCacheManager Line:169 - Using existing EHCache named [sys-dict]
===2022-01-04 10:30:43.261 INFO  com.zhwl.ruoyi.framework.shiro.web.session.OnlineWebSessionManager Line:101 - invalidation sessions...
===2022-01-04 10:30:43.270 INFO  com.zhwl.ruoyi.framework.shiro.web.session.OnlineWebSessionManager Line:166 - Finished invalidation session. No sessions were stopped.
===2022-01-04 10:40:43.257 INFO  com.zhwl.ruoyi.framework.shiro.web.session.OnlineWebSessionManager Line:101 - invalidation sessions...
===2022-01-04 10:40:43.279 INFO  com.zhwl.ruoyi.framework.shiro.web.session.OnlineWebSessionManager Line:166 - Finished invalidation session. No sessions were stopped.
===2022-01-04 10:50:43.256 INFO  com.zhwl.ruoyi.framework.shiro.web.session.OnlineWebSessionManager Line:101 - invalidation sessions...
===2022-01-04 10:50:43.502 INFO  com.zhwl.ruoyi.framework.shiro.web.session.OnlineWebSessionManager Line:166 - Finished invalidation session. No sessions were stopped.
===2022-01-04 14:59:45.577 INFO  org.hibernate.validator.internal.util.Version Line:21  - HV000001: Hibernate Validator 6.0.21.Final
===2022-01-04 14:59:45.793 INFO  com.zhwl.AdminApplication Line:55  - Starting AdminApplication on WIN-2SRCFRT6LKJ with PID 14060 (D:\project\studyPro\demo-parent\demo-portal\demo-portal-admin\target\classes started by Administrator in D:\project\studyPro\demo-parent)
===2022-01-04 14:59:45.794 INFO  com.zhwl.AdminApplication Line:655 - The following profiles are active: druid
===2022-01-04 14:59:50.829 INFO  org.springframework.data.repository.config.RepositoryConfigurationDelegate Line:249 - Multiple Spring Data modules found, entering strict repository configuration mode!
===2022-01-04 14:59:50.870 INFO  org.springframework.data.repository.config.RepositoryConfigurationDelegate Line:127 - Bootstrapping Spring Data Redis repositories in DEFAULT mode.
===2022-01-04 14:59:51.191 INFO  org.springframework.data.repository.config.RepositoryConfigurationDelegate Line:187 - Finished Spring Data repository scanning in 200ms. Found 0 Redis repository interfaces.
===2022-01-04 14:59:52.414 INFO  org.springframework.context.support.PostProcessorRegistrationDelegate$BeanPostProcessorChecker Line:335 - Bean 'shiroConfig' of type [com.zhwl.ruoyi.framework.config.ShiroConfig$$EnhancerBySpringCGLIB$$4cebda1d] is not eligible for getting processed by all BeanPostProcessors (for example: not eligible for auto-proxying)
===2022-01-04 14:59:52.661 INFO  org.springframework.context.support.PostProcessorRegistrationDelegate$BeanPostProcessorChecker Line:335 - Bean 'getEhCacheManager' of type [org.apache.shiro.cache.ehcache.EhCacheManager] is not eligible for getting processed by all BeanPostProcessors (for example: not eligible for auto-proxying)
===2022-01-04 14:59:52.675 INFO  org.apache.shiro.cache.ehcache.EhCacheManager Line:169 - Using existing EHCache named [sys-authCache]
===2022-01-04 14:59:52.690 INFO  org.springframework.context.support.PostProcessorRegistrationDelegate$BeanPostProcessorChecker Line:335 - Bean 'myBatisConfig' of type [com.zhwl.ruoyi.framework.config.MyBatisConfig$$EnhancerBySpringCGLIB$$c200519f] is not eligible for getting processed by all BeanPostProcessors (for example: not eligible for auto-proxying)
===2022-01-04 14:59:52.696 INFO  org.springframework.context.support.PostProcessorRegistrationDelegate$BeanPostProcessorChecker Line:335 - Bean 'druidConfig' of type [com.zhwl.ruoyi.framework.config.DruidConfig$$EnhancerBySpringCGLIB$$a1923d8e] is not eligible for getting processed by all BeanPostProcessors (for example: not eligible for auto-proxying)
===2022-01-04 14:59:52.701 INFO  org.springframework.context.support.PostProcessorRegistrationDelegate$BeanPostProcessorChecker Line:335 - Bean 'druidProperties' of type [com.zhwl.ruoyi.framework.config.properties.DruidProperties$$EnhancerBySpringCGLIB$$3098229c] is not eligible for getting processed by all BeanPostProcessors (for example: not eligible for auto-proxying)
===2022-01-04 14:59:52.851 INFO  org.springframework.context.support.PostProcessorRegistrationDelegate$BeanPostProcessorChecker Line:335 - Bean 'spring.datasource-org.springframework.boot.autoconfigure.jdbc.DataSourceProperties' of type [org.springframework.boot.autoconfigure.jdbc.DataSourceProperties] is not eligible for getting processed by all BeanPostProcessors (for example: not eligible for auto-proxying)
===2022-01-04 14:59:52.869 INFO  org.springframework.context.support.PostProcessorRegistrationDelegate$BeanPostProcessorChecker Line:335 - Bean 'com.alibaba.druid.spring.boot.autoconfigure.stat.DruidFilterConfiguration' of type [com.alibaba.druid.spring.boot.autoconfigure.stat.DruidFilterConfiguration] is not eligible for getting processed by all BeanPostProcessors (for example: not eligible for auto-proxying)
===2022-01-04 14:59:52.909 INFO  org.springframework.context.support.PostProcessorRegistrationDelegate$BeanPostProcessorChecker Line:335 - Bean 'statFilter' of type [com.alibaba.druid.filter.stat.StatFilter] is not eligible for getting processed by all BeanPostProcessors (for example: not eligible for auto-proxying)
===2022-01-04 14:59:52.972 INFO  org.springframework.context.support.PostProcessorRegistrationDelegate$BeanPostProcessorChecker Line:335 - Bean 'masterDataSource' of type [com.alibaba.druid.spring.boot.autoconfigure.DruidDataSourceWrapper] is not eligible for getting processed by all BeanPostProcessors (for example: not eligible for auto-proxying)
===2022-01-04 14:59:52.998 INFO  org.springframework.context.support.PostProcessorRegistrationDelegate$BeanPostProcessorChecker Line:335 - Bean 'dynamicDataSource' of type [com.zhwl.ruoyi.framework.datasource.DynamicDataSource] is not eligible for getting processed by all BeanPostProcessors (for example: not eligible for auto-proxying)
===2022-01-04 14:59:53.661 INFO  org.springframework.context.support.PostProcessorRegistrationDelegate$BeanPostProcessorChecker Line:335 - Bean 'sqlSessionFactory' of type [org.apache.ibatis.session.defaults.DefaultSqlSessionFactory] is not eligible for getting processed by all BeanPostProcessors (for example: not eligible for auto-proxying)
===2022-01-04 14:59:53.667 INFO  org.springframework.context.support.PostProcessorRegistrationDelegate$BeanPostProcessorChecker Line:335 - Bean 'mybatis-org.mybatis.spring.boot.autoconfigure.MybatisProperties' of type [org.mybatis.spring.boot.autoconfigure.MybatisProperties] is not eligible for getting processed by all BeanPostProcessors (for example: not eligible for auto-proxying)
===2022-01-04 14:59:53.675 INFO  org.springframework.context.support.PostProcessorRegistrationDelegate$BeanPostProcessorChecker Line:335 - Bean 'org.mybatis.spring.boot.autoconfigure.MybatisAutoConfiguration' of type [org.mybatis.spring.boot.autoconfigure.MybatisAutoConfiguration$$EnhancerBySpringCGLIB$$a1ae2661] is not eligible for getting processed by all BeanPostProcessors (for example: not eligible for auto-proxying)
===2022-01-04 14:59:53.713 INFO  org.springframework.context.support.PostProcessorRegistrationDelegate$BeanPostProcessorChecker Line:335 - Bean 'sqlSessionTemplate' of type [org.mybatis.spring.SqlSessionTemplate] is not eligible for getting processed by all BeanPostProcessors (for example: not eligible for auto-proxying)
===2022-01-04 14:59:53.717 INFO  org.springframework.context.support.PostProcessorRegistrationDelegate$BeanPostProcessorChecker Line:335 - Bean 'sysMenuMapper' of type [org.mybatis.spring.mapper.MapperFactoryBean] is not eligible for getting processed by all BeanPostProcessors (for example: not eligible for auto-proxying)
===2022-01-04 14:59:53.721 INFO  org.springframework.context.support.PostProcessorRegistrationDelegate$BeanPostProcessorChecker Line:335 - Bean 'sysMenuMapper' of type [com.sun.proxy.$Proxy77] is not eligible for getting processed by all BeanPostProcessors (for example: not eligible for auto-proxying)
===2022-01-04 14:59:53.726 INFO  org.springframework.context.support.PostProcessorRegistrationDelegate$BeanPostProcessorChecker Line:335 - Bean 'sysRoleMenuMapper' of type [org.mybatis.spring.mapper.MapperFactoryBean] is not eligible for getting processed by all BeanPostProcessors (for example: not eligible for auto-proxying)
===2022-01-04 14:59:53.727 INFO  org.springframework.context.support.PostProcessorRegistrationDelegate$BeanPostProcessorChecker Line:335 - Bean 'sysRoleMenuMapper' of type [com.sun.proxy.$Proxy78] is not eligible for getting processed by all BeanPostProcessors (for example: not eligible for auto-proxying)
===2022-01-04 14:59:53.728 INFO  org.springframework.context.support.PostProcessorRegistrationDelegate$BeanPostProcessorChecker Line:335 - Bean 'sysMenuServiceImpl' of type [com.zhwl.ruoyi.system.service.impl.SysMenuServiceImpl] is not eligible for getting processed by all BeanPostProcessors (for example: not eligible for auto-proxying)
===2022-01-04 14:59:53.734 INFO  org.springframework.context.support.PostProcessorRegistrationDelegate$BeanPostProcessorChecker Line:335 - Bean 'sysRoleMapper' of type [org.mybatis.spring.mapper.MapperFactoryBean] is not eligible for getting processed by all BeanPostProcessors (for example: not eligible for auto-proxying)
===2022-01-04 14:59:53.735 INFO  org.springframework.context.support.PostProcessorRegistrationDelegate$BeanPostProcessorChecker Line:335 - Bean 'sysRoleMapper' of type [com.sun.proxy.$Proxy81] is not eligible for getting processed by all BeanPostProcessors (for example: not eligible for auto-proxying)
===2022-01-04 14:59:53.740 INFO  org.springframework.context.support.PostProcessorRegistrationDelegate$BeanPostProcessorChecker Line:335 - Bean 'sysUserRoleMapper' of type [org.mybatis.spring.mapper.MapperFactoryBean] is not eligible for getting processed by all BeanPostProcessors (for example: not eligible for auto-proxying)
===2022-01-04 14:59:53.741 INFO  org.springframework.context.support.PostProcessorRegistrationDelegate$BeanPostProcessorChecker Line:335 - Bean 'sysUserRoleMapper' of type [com.sun.proxy.$Proxy82] is not eligible for getting processed by all BeanPostProcessors (for example: not eligible for auto-proxying)
===2022-01-04 14:59:53.744 INFO  org.springframework.context.support.PostProcessorRegistrationDelegate$BeanPostProcessorChecker Line:335 - Bean 'sysRoleDeptMapper' of type [org.mybatis.spring.mapper.MapperFactoryBean] is not eligible for getting processed by all BeanPostProcessors (for example: not eligible for auto-proxying)
===2022-01-04 14:59:53.745 INFO  org.springframework.context.support.PostProcessorRegistrationDelegate$BeanPostProcessorChecker Line:335 - Bean 'sysRoleDeptMapper' of type [com.sun.proxy.$Proxy83] is not eligible for getting processed by all BeanPostProcessors (for example: not eligible for auto-proxying)
===2022-01-04 14:59:53.747 INFO  org.springframework.context.support.PostProcessorRegistrationDelegate$BeanPostProcessorChecker Line:335 - Bean 'sysRoleServiceImpl' of type [com.zhwl.ruoyi.system.service.impl.SysRoleServiceImpl] is not eligible for getting processed by all BeanPostProcessors (for example: not eligible for auto-proxying)
===2022-01-04 14:59:53.847 INFO  org.apache.shiro.cache.ehcache.EhCacheManager Line:169 - Using existing EHCache named [loginRecordCache]
===2022-01-04 14:59:53.847 INFO  org.springframework.context.support.PostProcessorRegistrationDelegate$BeanPostProcessorChecker Line:335 - Bean 'sysPasswordService' of type [com.zhwl.ruoyi.framework.shiro.service.SysPasswordService] is not eligible for getting processed by all BeanPostProcessors (for example: not eligible for auto-proxying)
===2022-01-04 14:59:53.851 INFO  org.springframework.context.support.PostProcessorRegistrationDelegate$BeanPostProcessorChecker Line:335 - Bean 'sysUserMapper' of type [org.mybatis.spring.mapper.MapperFactoryBean] is not eligible for getting processed by all BeanPostProcessors (for example: not eligible for auto-proxying)
===2022-01-04 14:59:53.852 INFO  org.springframework.context.support.PostProcessorRegistrationDelegate$BeanPostProcessorChecker Line:335 - Bean 'sysUserMapper' of type [com.sun.proxy.$Proxy84] is not eligible for getting processed by all BeanPostProcessors (for example: not eligible for auto-proxying)
===2022-01-04 14:59:53.857 INFO  org.springframework.context.support.PostProcessorRegistrationDelegate$BeanPostProcessorChecker Line:335 - Bean 'sysPostMapper' of type [org.mybatis.spring.mapper.MapperFactoryBean] is not eligible for getting processed by all BeanPostProcessors (for example: not eligible for auto-proxying)
===2022-01-04 14:59:53.858 INFO  org.springframework.context.support.PostProcessorRegistrationDelegate$BeanPostProcessorChecker Line:335 - Bean 'sysPostMapper' of type [com.sun.proxy.$Proxy85] is not eligible for getting processed by all BeanPostProcessors (for example: not eligible for auto-proxying)
===2022-01-04 14:59:53.862 INFO  org.springframework.context.support.PostProcessorRegistrationDelegate$BeanPostProcessorChecker Line:335 - Bean 'sysUserPostMapper' of type [org.mybatis.spring.mapper.MapperFactoryBean] is not eligible for getting processed by all BeanPostProcessors (for example: not eligible for auto-proxying)
===2022-01-04 14:59:53.863 INFO  org.springframework.context.support.PostProcessorRegistrationDelegate$BeanPostProcessorChecker Line:335 - Bean 'sysUserPostMapper' of type [com.sun.proxy.$Proxy86] is not eligible for getting processed by all BeanPostProcessors (for example: not eligible for auto-proxying)
===2022-01-04 14:59:53.867 INFO  org.springframework.context.support.PostProcessorRegistrationDelegate$BeanPostProcessorChecker Line:335 - Bean 'sysConfigMapper' of type [org.mybatis.spring.mapper.MapperFactoryBean] is not eligible for getting processed by all BeanPostProcessors (for example: not eligible for auto-proxying)
===2022-01-04 14:59:53.868 INFO  org.springframework.context.support.PostProcessorRegistrationDelegate$BeanPostProcessorChecker Line:335 - Bean 'sysConfigMapper' of type [com.sun.proxy.$Proxy87] is not eligible for getting processed by all BeanPostProcessors (for example: not eligible for auto-proxying)
===2022-01-04 14:59:54.347 INFO  com.alibaba.druid.pool.DruidDataSource Line:928 - {dataSource-1} inited
===2022-01-04 14:59:54.756 INFO  org.apache.shiro.cache.ehcache.EhCacheManager Line:169 - Using existing EHCache named [sys-config]
===2022-01-04 14:59:54.761 INFO  org.apache.shiro.cache.ehcache.EhCacheManager Line:169 - Using existing EHCache named [sys-config]
===2022-01-04 14:59:54.761 INFO  org.apache.shiro.cache.ehcache.EhCacheManager Line:169 - Using existing EHCache named [sys-config]
===2022-01-04 14:59:54.762 INFO  org.apache.shiro.cache.ehcache.EhCacheManager Line:169 - Using existing EHCache named [sys-config]
===2022-01-04 14:59:54.762 INFO  org.apache.shiro.cache.ehcache.EhCacheManager Line:169 - Using existing EHCache named [sys-config]
===2022-01-04 14:59:54.763 INFO  org.apache.shiro.cache.ehcache.EhCacheManager Line:169 - Using existing EHCache named [sys-config]
===2022-01-04 14:59:54.763 INFO  org.apache.shiro.cache.ehcache.EhCacheManager Line:169 - Using existing EHCache named [sys-config]
===2022-01-04 14:59:54.763 INFO  org.apache.shiro.cache.ehcache.EhCacheManager Line:169 - Using existing EHCache named [sys-config]
===2022-01-04 14:59:54.764 INFO  org.apache.shiro.cache.ehcache.EhCacheManager Line:169 - Using existing EHCache named [sys-config]
===2022-01-04 14:59:54.764 INFO  org.springframework.context.support.PostProcessorRegistrationDelegate$BeanPostProcessorChecker Line:335 - Bean 'sysConfigServiceImpl' of type [com.zhwl.ruoyi.system.service.impl.SysConfigServiceImpl] is not eligible for getting processed by all BeanPostProcessors (for example: not eligible for auto-proxying)
===2022-01-04 14:59:54.766 INFO  org.springframework.context.support.PostProcessorRegistrationDelegate$BeanPostProcessorChecker Line:335 - Bean 'sysUserServiceImpl' of type [com.zhwl.ruoyi.system.service.impl.SysUserServiceImpl] is not eligible for getting processed by all BeanPostProcessors (for example: not eligible for auto-proxying)
===2022-01-04 14:59:54.773 INFO  org.springframework.context.support.PostProcessorRegistrationDelegate$BeanPostProcessorChecker Line:335 - Bean 'sysLoginService' of type [com.zhwl.ruoyi.framework.shiro.service.SysLoginService] is not eligible for getting processed by all BeanPostProcessors (for example: not eligible for auto-proxying)
===2022-01-04 14:59:54.775 INFO  org.springframework.context.support.PostProcessorRegistrationDelegate$BeanPostProcessorChecker Line:335 - Bean 'userRealm' of type [com.zhwl.ruoyi.framework.shiro.realm.UserRealm] is not eligible for getting processed by all BeanPostProcessors (for example: not eligible for auto-proxying)
===2022-01-04 14:59:54.936 INFO  org.springframework.context.support.PostProcessorRegistrationDelegate$BeanPostProcessorChecker Line:335 - Bean 'threadPoolConfig' of type [com.zhwl.ruoyi.common.config.thread.ThreadPoolConfig$$EnhancerBySpringCGLIB$$1174e969] is not eligible for getting processed by all BeanPostProcessors (for example: not eligible for auto-proxying)
===2022-01-04 14:59:54.953 INFO  org.springframework.context.support.PostProcessorRegistrationDelegate$BeanPostProcessorChecker Line:335 - Bean 'scheduledExecutorService' of type [com.zhwl.ruoyi.common.config.thread.ThreadPoolConfig$1] is not eligible for getting processed by all BeanPostProcessors (for example: not eligible for auto-proxying)
===2022-01-04 14:59:54.964 INFO  org.springframework.context.support.PostProcessorRegistrationDelegate$BeanPostProcessorChecker Line:335 - Bean 'springSessionValidationScheduler' of type [com.zhwl.ruoyi.framework.shiro.web.session.SpringSessionValidationScheduler] is not eligible for getting processed by all BeanPostProcessors (for example: not eligible for auto-proxying)
===2022-01-04 14:59:54.973 INFO  org.springframework.context.support.PostProcessorRegistrationDelegate$BeanPostProcessorChecker Line:335 - Bean 'sysUserOnlineMapper' of type [org.mybatis.spring.mapper.MapperFactoryBean] is not eligible for getting processed by all BeanPostProcessors (for example: not eligible for auto-proxying)
===2022-01-04 14:59:54.975 INFO  org.springframework.context.support.PostProcessorRegistrationDelegate$BeanPostProcessorChecker Line:335 - Bean 'sysUserOnlineMapper' of type [com.sun.proxy.$Proxy89] is not eligible for getting processed by all BeanPostProcessors (for example: not eligible for auto-proxying)
===2022-01-04 14:59:54.978 INFO  org.springframework.context.support.PostProcessorRegistrationDelegate$BeanPostProcessorChecker Line:335 - Bean 'sysUserOnlineServiceImpl' of type [com.zhwl.ruoyi.system.service.impl.SysUserOnlineServiceImpl] is not eligible for getting processed by all BeanPostProcessors (for example: not eligible for auto-proxying)
===2022-01-04 14:59:54.980 INFO  org.springframework.context.support.PostProcessorRegistrationDelegate$BeanPostProcessorChecker Line:335 - Bean 'sysShiroService' of type [com.zhwl.ruoyi.framework.shiro.service.SysShiroService] is not eligible for getting processed by all BeanPostProcessors (for example: not eligible for auto-proxying)
===2022-01-04 14:59:54.981 INFO  org.springframework.context.support.PostProcessorRegistrationDelegate$BeanPostProcessorChecker Line:335 - Bean 'sessionDAO' of type [com.zhwl.ruoyi.framework.shiro.session.OnlineSessionDAO] is not eligible for getting processed by all BeanPostProcessors (for example: not eligible for auto-proxying)
===2022-01-04 14:59:54.983 INFO  org.springframework.context.support.PostProcessorRegistrationDelegate$BeanPostProcessorChecker Line:335 - Bean 'sessionFactory' of type [com.zhwl.ruoyi.framework.shiro.session.OnlineSessionFactory] is not eligible for getting processed by all BeanPostProcessors (for example: not eligible for auto-proxying)
===2022-01-04 14:59:54.996 INFO  org.springframework.context.support.PostProcessorRegistrationDelegate$BeanPostProcessorChecker Line:335 - Bean 'sessionManager' of type [com.zhwl.ruoyi.framework.shiro.web.session.OnlineWebSessionManager] is not eligible for getting processed by all BeanPostProcessors (for example: not eligible for auto-proxying)
===2022-01-04 14:59:55.020 INFO  org.springframework.context.support.PostProcessorRegistrationDelegate$BeanPostProcessorChecker Line:335 - Bean 'securityManager' of type [org.apache.shiro.web.mgt.DefaultWebSecurityManager] is not eligible for getting processed by all BeanPostProcessors (for example: not eligible for auto-proxying)
===2022-01-04 14:59:55.046 INFO  org.springframework.context.support.PostProcessorRegistrationDelegate$BeanPostProcessorChecker Line:335 - Bean 'authorizationAttributeSourceAdvisor' of type [org.apache.shiro.spring.security.interceptor.AuthorizationAttributeSourceAdvisor] is not eligible for getting processed by all BeanPostProcessors (for example: not eligible for auto-proxying)
===2022-01-04 14:59:55.069 INFO  org.apache.shiro.cache.ehcache.EhCacheManager Line:169 - Using existing EHCache named [sys-userCache]
===2022-01-04 14:59:56.010 INFO  org.springframework.boot.web.embedded.tomcat.TomcatWebServer Line:91  - Tomcat initialized with port(s): 7000 (http)
===2022-01-04 14:59:56.045 INFO  org.apache.coyote.http11.Http11NioProtocol Line:173 - Initializing ProtocolHandler ["http-nio-7000"]
===2022-01-04 14:59:56.046 INFO  org.apache.catalina.core.StandardService Line:173 - Starting service [Tomcat]
===2022-01-04 14:59:56.046 INFO  org.apache.catalina.core.StandardEngine Line:173 - Starting Servlet engine: [Apache Tomcat/9.0.41]
===2022-01-04 14:59:56.348 INFO  org.apache.catalina.core.ContainerBase.[Tomcat].[localhost].[/] Line:173 - Initializing Spring embedded WebApplicationContext
===2022-01-04 14:59:56.349 INFO  org.springframework.boot.web.servlet.context.ServletWebServerApplicationContext Line:283 - Root WebApplicationContext: initialization completed in 10278 ms
===2022-01-04 14:59:56.863 INFO  org.apache.shiro.cache.ehcache.EhCacheManager Line:169 - Using existing EHCache named [sys-dict]
===2022-01-04 14:59:56.865 INFO  org.apache.shiro.cache.ehcache.EhCacheManager Line:169 - Using existing EHCache named [sys-dict]
===2022-01-04 14:59:56.867 INFO  org.apache.shiro.cache.ehcache.EhCacheManager Line:169 - Using existing EHCache named [sys-dict]
===2022-01-04 14:59:56.869 INFO  org.apache.shiro.cache.ehcache.EhCacheManager Line:169 - Using existing EHCache named [sys-dict]
===2022-01-04 14:59:56.871 INFO  org.apache.shiro.cache.ehcache.EhCacheManager Line:169 - Using existing EHCache named [sys-dict]
===2022-01-04 14:59:56.873 INFO  org.apache.shiro.cache.ehcache.EhCacheManager Line:169 - Using existing EHCache named [sys-dict]
===2022-01-04 14:59:56.876 INFO  org.apache.shiro.cache.ehcache.EhCacheManager Line:169 - Using existing EHCache named [sys-dict]
===2022-01-04 14:59:56.879 INFO  org.apache.shiro.cache.ehcache.EhCacheManager Line:169 - Using existing EHCache named [sys-dict]
===2022-01-04 14:59:56.881 INFO  org.apache.shiro.cache.ehcache.EhCacheManager Line:169 - Using existing EHCache named [sys-dict]
===2022-01-04 14:59:56.883 INFO  org.apache.shiro.cache.ehcache.EhCacheManager Line:169 - Using existing EHCache named [sys-dict]
===2022-01-04 14:59:57.883 INFO  org.springframework.scheduling.concurrent.ThreadPoolTaskExecutor Line:181 - Initializing ExecutorService 'threadPoolTaskExecutor'
===2022-01-04 14:59:58.685 INFO  org.springframework.boot.autoconfigure.web.servlet.WelcomePageHandlerMapping Line:58  - Adding welcome page template: index
===2022-01-04 14:59:59.370 INFO  org.apache.coyote.http11.Http11NioProtocol Line:173 - Starting ProtocolHandler ["http-nio-7000"]
===2022-01-04 14:59:59.452 INFO  org.springframework.boot.web.embedded.tomcat.TomcatWebServer Line:203 - Tomcat started on port(s): 7000 (http) with context path ''
===2022-01-04 14:59:59.455 INFO  com.zhwl.AdminApplication Line:61  - Started AdminApplication in 15.231 seconds (JVM running for 17.148)
===2022-01-04 15:00:12.931 INFO  org.apache.catalina.core.ContainerBase.[Tomcat].[localhost].[/] Line:173 - Initializing Spring DispatcherServlet 'dispatcherServlet'
===2022-01-04 15:00:12.931 INFO  org.springframework.web.servlet.DispatcherServlet Line:525 - Initializing Servlet 'dispatcherServlet'
===2022-01-04 15:00:12.943 INFO  org.springframework.web.servlet.DispatcherServlet Line:547 - Completed initialization in 12 ms
===2022-01-04 15:00:12.992 INFO  org.apache.shiro.session.mgt.AbstractValidatingSessionManager Line:233 - Enabling session validation scheduler...
===2022-01-04 15:00:13.022 INFO  org.apache.shiro.cache.ehcache.EhCacheManager Line:169 - Using existing EHCache named [shiro-activeSessionCache]
===2022-01-04 15:00:13.862 INFO  org.apache.shiro.cache.ehcache.EhCacheManager Line:169 - Using existing EHCache named [sys-config]
===2022-01-04 15:00:14.001 INFO  com.zhwl.ruoyi.framework.shiro.web.session.OnlineWebSessionManager Line:101 - invalidation sessions...
===2022-01-04 15:00:14.211 INFO  org.apache.shiro.cache.ehcache.EhCacheManager Line:169 - Using existing EHCache named [sys-userCache]
===2022-01-04 15:00:14.352 INFO  com.zhwl.ruoyi.framework.shiro.web.session.OnlineWebSessionManager Line:166 - Finished invalidation session. [1] sessions were stopped.
===2022-01-04 15:00:34.972 INFO  sys-user Line:106 - [127.0.0.1]内网IP[admin][Success][登录成功]
===2022-01-04 15:00:35.489 INFO  org.apache.shiro.cache.ehcache.EhCacheManager Line:169 - Using existing EHCache named [sys-config]
===2022-01-04 15:00:35.491 INFO  org.apache.shiro.cache.ehcache.EhCacheManager Line:169 - Using existing EHCache named [sys-config]
===2022-01-04 15:00:35.492 INFO  org.apache.shiro.cache.ehcache.EhCacheManager Line:169 - Using existing EHCache named [sys-config]
===2022-01-04 15:00:35.492 INFO  org.apache.shiro.cache.ehcache.EhCacheManager Line:169 - Using existing EHCache named [sys-config]
===2022-01-04 15:00:35.492 INFO  org.apache.shiro.cache.ehcache.EhCacheManager Line:169 - Using existing EHCache named [sys-config]
===2022-01-04 15:00:35.493 INFO  org.apache.shiro.cache.ehcache.EhCacheManager Line:169 - Using existing EHCache named [sys-config]
===2022-01-04 15:10:14.007 INFO  com.zhwl.ruoyi.framework.shiro.web.session.OnlineWebSessionManager Line:101 - invalidation sessions...
===2022-01-04 15:10:14.032 INFO  com.zhwl.ruoyi.framework.shiro.web.session.OnlineWebSessionManager Line:166 - Finished invalidation session. No sessions were stopped.
===2022-01-04 15:20:13.995 INFO  com.zhwl.ruoyi.framework.shiro.web.session.OnlineWebSessionManager Line:101 - invalidation sessions...
===2022-01-04 15:20:14.001 INFO  com.zhwl.ruoyi.framework.shiro.web.session.OnlineWebSessionManager Line:166 - Finished invalidation session. No sessions were stopped.
===2022-01-04 15:30:14.004 INFO  com.zhwl.ruoyi.framework.shiro.web.session.OnlineWebSessionManager Line:101 - invalidation sessions...
===2022-01-04 15:30:14.010 INFO  com.zhwl.ruoyi.framework.shiro.web.session.OnlineWebSessionManager Line:166 - Finished invalidation session. No sessions were stopped.
===2022-01-04 15:35:30.620 INFO  org.apache.shiro.cache.ehcache.EhCacheManager Line:169 - Using existing EHCache named [sys-config]
===2022-01-04 15:35:30.621 INFO  org.apache.shiro.cache.ehcache.EhCacheManager Line:169 - Using existing EHCache named [sys-config]
===2022-01-04 15:35:30.621 INFO  org.apache.shiro.cache.ehcache.EhCacheManager Line:169 - Using existing EHCache named [sys-config]
===2022-01-04 15:35:30.621 INFO  org.apache.shiro.cache.ehcache.EhCacheManager Line:169 - Using existing EHCache named [sys-config]
===2022-01-04 15:35:30.621 INFO  org.apache.shiro.cache.ehcache.EhCacheManager Line:169 - Using existing EHCache named [sys-config]
===2022-01-04 15:35:30.622 INFO  org.apache.shiro.cache.ehcache.EhCacheManager Line:169 - Using existing EHCache named [sys-config]
===2022-01-04 15:39:55.081 INFO  org.apache.shiro.cache.ehcache.EhCacheManager Line:169 - Using existing EHCache named [sys-dict]
===2022-01-04 15:40:14.002 INFO  com.zhwl.ruoyi.framework.shiro.web.session.OnlineWebSessionManager Line:101 - invalidation sessions...
===2022-01-04 15:40:14.005 INFO  com.zhwl.ruoyi.framework.shiro.web.session.OnlineWebSessionManager Line:166 - Finished invalidation session. No sessions were stopped.
===2022-01-04 15:50:14.007 INFO  com.zhwl.ruoyi.framework.shiro.web.session.OnlineWebSessionManager Line:101 - invalidation sessions...
===2022-01-04 15:50:14.026 INFO  com.zhwl.ruoyi.framework.shiro.web.session.OnlineWebSessionManager Line:166 - Finished invalidation session. No sessions were stopped.
===2022-01-04 16:00:14.006 INFO  com.zhwl.ruoyi.framework.shiro.web.session.OnlineWebSessionManager Line:101 - invalidation sessions...
===2022-01-04 16:00:14.016 INFO  com.zhwl.ruoyi.framework.shiro.web.session.OnlineWebSessionManager Line:166 - Finished invalidation session. No sessions were stopped.
===2022-01-04 16:10:13.998 INFO  com.zhwl.ruoyi.framework.shiro.web.session.OnlineWebSessionManager Line:101 - invalidation sessions...
===2022-01-04 16:10:14.009 INFO  com.zhwl.ruoyi.framework.shiro.web.session.OnlineWebSessionManager Line:166 - Finished invalidation session. No sessions were stopped.
===2022-01-04 16:20:14.005 INFO  com.zhwl.ruoyi.framework.shiro.web.session.OnlineWebSessionManager Line:101 - invalidation sessions...
===2022-01-04 16:20:14.015 INFO  org.apache.shiro.cache.ehcache.EhCacheManager Line:169 - Using existing EHCache named [sys-userCache]
===2022-01-04 16:20:14.041 INFO  com.zhwl.ruoyi.framework.shiro.web.session.OnlineWebSessionManager Line:166 - Finished invalidation session. [1] sessions were stopped.
===2022-01-04 16:30:14.001 INFO  com.zhwl.ruoyi.framework.shiro.web.session.OnlineWebSessionManager Line:101 - invalidation sessions...
===2022-01-04 16:30:14.025 INFO  com.zhwl.ruoyi.framework.shiro.web.session.OnlineWebSessionManager Line:166 - Finished invalidation session. No sessions were stopped.
===2022-01-04 16:40:13.999 INFO  com.zhwl.ruoyi.framework.shiro.web.session.OnlineWebSessionManager Line:101 - invalidation sessions...
===2022-01-04 16:40:14.008 INFO  com.zhwl.ruoyi.framework.shiro.web.session.OnlineWebSessionManager Line:166 - Finished invalidation session. No sessions were stopped.
===2022-01-04 16:50:14.006 INFO  com.zhwl.ruoyi.framework.shiro.web.session.OnlineWebSessionManager Line:101 - invalidation sessions...
===2022-01-04 16:50:14.055 INFO  com.zhwl.ruoyi.framework.shiro.web.session.OnlineWebSessionManager Line:166 - Finished invalidation session. No sessions were stopped.
===2022-01-04 17:00:14.008 INFO  com.zhwl.ruoyi.framework.shiro.web.session.OnlineWebSessionManager Line:101 - invalidation sessions...
===2022-01-04 17:00:14.035 INFO  com.zhwl.ruoyi.framework.shiro.web.session.OnlineWebSessionManager Line:166 - Finished invalidation session. No sessions were stopped.
===2022-01-04 17:10:14.003 INFO  com.zhwl.ruoyi.framework.shiro.web.session.OnlineWebSessionManager Line:101 - invalidation sessions...
===2022-01-04 17:10:14.031 INFO  com.zhwl.ruoyi.framework.shiro.web.session.OnlineWebSessionManager Line:166 - Finished invalidation session. No sessions were stopped.
===2022-01-04 17:20:13.994 INFO  com.zhwl.ruoyi.framework.shiro.web.session.OnlineWebSessionManager Line:101 - invalidation sessions...
===2022-01-04 17:20:14.002 INFO  com.zhwl.ruoyi.framework.shiro.web.session.OnlineWebSessionManager Line:166 - Finished invalidation session. No sessions were stopped.
===2022-01-04 17:30:14.012 INFO  com.zhwl.ruoyi.framework.shiro.web.session.OnlineWebSessionManager Line:101 - invalidation sessions...
===2022-01-04 17:30:14.023 INFO  com.zhwl.ruoyi.framework.shiro.web.session.OnlineWebSessionManager Line:166 - Finished invalidation session. No sessions were stopped.
===2022-01-04 17:40:13.998 INFO  com.zhwl.ruoyi.framework.shiro.web.session.OnlineWebSessionManager Line:101 - invalidation sessions...
===2022-01-04 17:40:14.005 INFO  com.zhwl.ruoyi.framework.shiro.web.session.OnlineWebSessionManager Line:166 - Finished invalidation session. No sessions were stopped.
===2022-01-04 17:50:14.008 INFO  com.zhwl.ruoyi.framework.shiro.web.session.OnlineWebSessionManager Line:101 - invalidation sessions...
===2022-01-04 17:50:14.036 INFO  com.zhwl.ruoyi.framework.shiro.web.session.OnlineWebSessionManager Line:166 - Finished invalidation session. No sessions were stopped.
===2022-01-04 18:00:14.004 INFO  com.zhwl.ruoyi.framework.shiro.web.session.OnlineWebSessionManager Line:101 - invalidation sessions...
===2022-01-04 18:00:14.013 INFO  com.zhwl.ruoyi.framework.shiro.web.session.OnlineWebSessionManager Line:166 - Finished invalidation session. No sessions were stopped.
===2022-01-04 18:10:13.996 INFO  com.zhwl.ruoyi.framework.shiro.web.session.OnlineWebSessionManager Line:101 - invalidation sessions...
===2022-01-04 18:10:14.011 INFO  com.zhwl.ruoyi.framework.shiro.web.session.OnlineWebSessionManager Line:166 - Finished invalidation session. No sessions were stopped.
===2022-01-04 18:20:14.001 INFO  com.zhwl.ruoyi.framework.shiro.web.session.OnlineWebSessionManager Line:101 - invalidation sessions...
===2022-01-04 18:20:14.009 INFO  com.zhwl.ruoyi.framework.shiro.web.session.OnlineWebSessionManager Line:166 - Finished invalidation session. No sessions were stopped.
===2022-01-04 18:24:20.872 INFO  org.apache.shiro.cache.ehcache.EhCacheManager Line:169 - Using existing EHCache named [sys-config]
===2022-01-04 18:24:22.957 INFO  org.apache.shiro.cache.ehcache.EhCacheManager Line:169 - Using existing EHCache named [sys-config]
===2022-01-04 18:24:41.804 INFO  sys-user Line:106 - [127.0.0.1]内网IP[admin][Error][密码输入错误1次]
===2022-01-04 18:25:04.443 INFO  sys-user Line:106 - [127.0.0.1]内网IP[admin][Success][登录成功]
===2022-01-04 18:25:04.505 INFO  org.apache.shiro.cache.ehcache.EhCacheManager Line:169 - Using existing EHCache named [sys-config]
===2022-01-04 18:25:04.506 INFO  org.apache.shiro.cache.ehcache.EhCacheManager Line:169 - Using existing EHCache named [sys-config]
===2022-01-04 18:25:04.507 INFO  org.apache.shiro.cache.ehcache.EhCacheManager Line:169 - Using existing EHCache named [sys-config]
===2022-01-04 18:25:04.508 INFO  org.apache.shiro.cache.ehcache.EhCacheManager Line:169 - Using existing EHCache named [sys-config]
===2022-01-04 18:25:04.508 INFO  org.apache.shiro.cache.ehcache.EhCacheManager Line:169 - Using existing EHCache named [sys-config]
===2022-01-04 18:25:04.509 INFO  org.apache.shiro.cache.ehcache.EhCacheManager Line:169 - Using existing EHCache named [sys-config]
===2022-01-04 18:25:06.744 INFO  org.apache.shiro.cache.ehcache.EhCacheManager Line:169 - Using existing EHCache named [sys-dict]
===2022-01-04 18:25:15.431 INFO  org.apache.shiro.cache.ehcache.EhCacheManager Line:169 - Using existing EHCache named [sys-dict]
===2022-01-04 18:25:19.954 INFO  org.apache.shiro.cache.ehcache.EhCacheManager Line:169 - Using existing EHCache named [sys-dict]
===2022-01-04 18:25:19.961 INFO  org.apache.shiro.cache.ehcache.EhCacheManager Line:169 - Using existing EHCache named [sys-dict]
===2022-01-04 18:25:26.125 INFO  org.apache.shiro.cache.ehcache.EhCacheManager Line:169 - Using existing EHCache named [sys-dict]
===2022-01-04 18:25:26.136 INFO  org.apache.shiro.cache.ehcache.EhCacheManager Line:169 - Using existing EHCache named [sys-dict]
===2022-01-04 18:25:30.784 INFO  org.apache.shiro.cache.ehcache.EhCacheManager Line:169 - Using existing EHCache named [sys-dict]
===2022-01-04 18:26:07.456 INFO  org.apache.shiro.cache.ehcache.EhCacheManager Line:169 - Using existing EHCache named [sys-dict]
===2022-01-04 18:26:07.464 INFO  org.apache.shiro.cache.ehcache.EhCacheManager Line:169 - Using existing EHCache named [sys-dict]
===2022-01-04 18:26:11.791 INFO  org.apache.shiro.cache.ehcache.EhCacheManager Line:169 - Using existing EHCache named [sys-dict]
===2022-01-04 18:30:13.999 INFO  com.zhwl.ruoyi.framework.shiro.web.session.OnlineWebSessionManager Line:101 - invalidation sessions...
===2022-01-04 18:30:14.006 INFO  com.zhwl.ruoyi.framework.shiro.web.session.OnlineWebSessionManager Line:166 - Finished invalidation session. No sessions were stopped.
